\BOOKMARK [0][-]{Doc-Start}{\376\377\000A\000c\000k\000n\000o\000w\000l\000e\000d\000g\000e\000m\000e\000n\000t\000s}{}% 1
\BOOKMARK [-1][-]{part.1}{\376\377\000I\000\040\000I\000n\000t\000r\000o\000d\000u\000c\000t\000i\000o\000n\000\040\000t\000o\000\040\000Q\000u\000a\000n\000t\000u\000m\000\040\000C\000o\000m\000p\000u\000t\000i\000n\000g}{}% 2
\BOOKMARK [0][-]{chapter.1}{\376\377\000I\000n\000t\000r\000o\000d\000u\000c\000t\000i\000o\000n}{part.1}% 3
\BOOKMARK [1][-]{section.1.1}{\376\377\000W\000h\000y\000\040\000Q\000u\000a\000n\000t\000u\000m\000\040\000C\000o\000m\000p\000u\000t\000a\000t\000i\000o\000n\000?}{chapter.1}% 4
\BOOKMARK [1][-]{section.1.2}{\376\377\000T\000h\000e\000\040\000D\000o\000u\000b\000l\000e\000\040\000S\000l\000i\000t\000\040\000E\000x\000p\000e\000r\000i\000m\000e\000n\000t}{chapter.1}% 5
\BOOKMARK [1][-]{section.1.3}{\376\377\000T\000h\000e\000\040\000C\000o\000i\000n\000\040\000E\000x\000p\000e\000r\000i\000m\000e\000n\000t\000:\000\040\000A\000n\000a\000l\000o\000g\000y\000\040\000f\000o\000r\000\040\000i\000n\000t\000u\000i\000t\000i\000o\000n}{chapter.1}% 6
\BOOKMARK [1][-]{section.1.4}{\376\377\000Q\000u\000a\000n\000t\000u\000m\000\040\000I\000n\000f\000o\000r\000m\000a\000t\000i\000o\000n}{chapter.1}% 7
\BOOKMARK [2][-]{subsection.1.4.1}{\376\377\000T\000h\000e\000\040\000C\000l\000a\000s\000s\000i\000c\000a\000l\000\040\000I\000n\000f\000o\000r\000m\000a\000t\000i\000o\000n}{section.1.4}% 8
\BOOKMARK [2][-]{subsection.1.4.2}{\376\377\000A\000\040\000p\000r\000o\000b\000a\000b\000i\000l\000i\000s\000t\000i\000c\000\040\000m\000o\000d\000e\000l}{section.1.4}% 9
\BOOKMARK [2][-]{subsection.1.4.3}{\376\377\000Q\000u\000a\000n\000t\000u\000m\000\040\000b\000i\000t\000s\000\040\000\050\000q\000u\000b\000i\000t\000s\000\051}{section.1.4}% 10
\BOOKMARK [2][-]{subsection.1.4.4}{\376\377\000E\000x\000a\000m\000p\000l\000e\000\040\000o\000f\000\040\000Q\000u\000b\000i\000t\000s}{section.1.4}% 11
\BOOKMARK [2][-]{subsection.1.4.5}{\376\377\000M\000u\000l\000t\000i\000p\000l\000e\000\040\000Q\000u\000b\000i\000t\000s}{section.1.4}% 12
\BOOKMARK [1][-]{section.1.5}{\376\377\000M\000e\000a\000s\000u\000r\000e\000m\000e\000n\000t\000s}{chapter.1}% 13
\BOOKMARK [2][-]{subsection.1.5.1}{\376\377\000S\000i\000m\000p\000l\000e\000\040\000M\000e\000a\000s\000u\000r\000e\000m\000e\000n\000t\000s}{section.1.5}% 14
\BOOKMARK [2][-]{subsection.1.5.2}{\376\377\000M\000e\000a\000s\000u\000r\000i\000n\000g\000\040\000M\000u\000l\000t\000i\000p\000l\000e\000\040\000S\000y\000s\000t\000e\000m\000s}{section.1.5}% 15
\BOOKMARK [1][-]{section.1.6}{\376\377\000T\000h\000e\000\040\000S\000t\000e\000r\000n\000-\000G\000e\000r\000l\000a\000c\000h\000\040\000E\000x\000p\000e\000r\000i\000m\000e\000n\000t}{chapter.1}% 16
\BOOKMARK [1][-]{section.1.7}{\376\377\000Q\000i\000s\000k\000i\000t\000\040\000E\000x\000a\000m\000p\000l\000e\000s}{chapter.1}% 17
\BOOKMARK [2][-]{subsection.1.7.1}{\376\377\000V\000e\000c\000t\000o\000r\000\040\000a\000n\000d\000\040\000M\000a\000t\000r\000i\000c\000e\000s\000\040\000i\000n\000\040\000P\000y\000t\000h\000o\000n}{section.1.7}% 18
\BOOKMARK [2][-]{subsection.1.7.2}{\376\377\000S\000t\000a\000t\000e\000s\000,\000\040\000m\000e\000a\000s\000u\000r\000e\000m\000e\000n\000t\000s\000\040\000a\000n\000d\000\040\000o\000p\000e\000r\000a\000t\000i\000o\000n\000s}{section.1.7}% 19
\BOOKMARK [2][-]{subsection.1.7.3}{\376\377\000P\000a\000r\000t\000i\000a\000l\000\040\000m\000e\000a\000s\000u\000r\000e\000m\000e\000n\000t\000s}{section.1.7}% 20
\BOOKMARK [0][-]{chapter.2}{\376\377\000A\000x\000i\000o\000m\000s\000\040\000o\000f\000\040\000Q\000u\000a\000n\000t\000u\000m\000\040\000M\000e\000c\000h\000a\000n\000i\000c\000s}{part.1}% 21
\BOOKMARK [1][-]{section.2.1}{\376\377\000D\000y\000n\000a\000m\000i\000c\000a\000l\000\040\000C\000o\000l\000l\000a\000p\000s\000e}{chapter.2}% 22
\BOOKMARK [1][-]{section.2.2}{\376\377\000P\000o\000s\000t\000u\000l\000a\000t\000e\000\040\0001\000:\000\040\000T\000h\000e\000\040\000S\000t\000a\000t\000e\000\040\000S\000p\000a\000c\000e\000\040\000P\000o\000s\000t\000u\000l\000a\000t\000e}{chapter.2}% 23
\BOOKMARK [1][-]{section.2.3}{\376\377\000P\000o\000s\000t\000u\000l\000a\000t\000e\000\040\0002\000:\000\040\000E\000v\000o\000l\000u\000t\000i\000o\000n\000\040\000P\000o\000s\000t\000u\000l\000a\000t\000e}{chapter.2}% 24
\BOOKMARK [1][-]{section.2.4}{\376\377\000P\000o\000s\000t\000u\000l\000a\000t\000e\000\040\0003\000:\000\040\000M\000e\000a\000s\000u\000r\000e\000m\000e\000n\000t\000\040\000P\000o\000s\000t\000u\000l\000a\000t\000e}{chapter.2}% 25
\BOOKMARK [2][-]{subsection.2.4.1}{\376\377\000P\000r\000o\000j\000e\000c\000t\000i\000v\000e\000\040\000M\000e\000a\000s\000u\000r\000e\000m\000e\000n\000t\000s}{section.2.4}% 26
\BOOKMARK [2][-]{subsection.2.4.2}{\376\377\000P\000o\000s\000i\000t\000i\000v\000e\000\040\000O\000p\000e\000r\000a\000t\000o\000r\000\040\000V\000a\000l\000u\000e\000d\000\040\000M\000e\000a\000s\000u\000r\000e\000\040\000\050\000P\000O\000V\000M\000\051\000\040\000m\000e\000a\000s\000u\000r\000e\000m\000e\000n\000t\000s}{section.2.4}% 27
\BOOKMARK [1][-]{section.2.5}{\376\377\000P\000o\000s\000t\000u\000l\000a\000t\000e\000\040\0004\000:\000\040\000C\000o\000m\000p\000o\000s\000i\000t\000e\000\040\000S\000y\000s\000t\000e\000m\000s}{chapter.2}% 28
\BOOKMARK [2][-]{subsection.2.5.1}{\376\377\000F\000u\000l\000l\000\040\000a\000n\000d\000\040\000P\000a\000r\000t\000i\000a\000l\000\040\000M\000e\000a\000s\000u\000r\000e\000m\000e\000n\000t\000s\000\040\000o\000f\000\040\000a\000\040\000m\000u\000l\000t\000i\000-\000p\000a\000r\000t\000i\000c\000l\000e\000\040\000s\000y\000s\000t\000e\000m\000s}{section.2.5}% 29
\BOOKMARK [0][-]{chapter.3}{\376\377\000Q\000u\000b\000i\000t\000s\000\040\000a\000n\000d\000\040\000q\000u\000a\000n\000t\000u\000m\000\040\000g\000a\000t\000e\000s}{part.1}% 30
\BOOKMARK [1][-]{section.3.1}{\376\377\000P\000h\000a\000s\000e}{chapter.3}% 31
\BOOKMARK [1][-]{section.3.2}{\376\377\000B\000l\000o\000c\000h\000-\000P\000o\000i\000n\000c\000a\000r\000e\000\040\000s\000p\000h\000e\000r\000e\000\040\000r\000e\000p\000r\000e\000s\000e\000n\000t\000a\000t\000i\000o\000n\000\040\000o\000f\000\040\000a\000\040\000Q\000u\000b\000i\000t}{chapter.3}% 32
\BOOKMARK [1][-]{section.3.3}{\376\377\000S\000i\000n\000g\000l\000e\000\040\000Q\000u\000b\000i\000t\000\040\000G\000a\000t\000e\000s}{chapter.3}% 33
\BOOKMARK [2][-]{subsection.3.3.1}{\376\377\000P\000a\000u\000l\000i\000\040\000M\000a\000t\000r\000i\000c\000e\000s}{section.3.3}% 34
\BOOKMARK [2][-]{subsection.3.3.2}{\376\377\000H\000a\000d\000a\000m\000a\000r\000d\000\040\000G\000a\000t\000e}{section.3.3}% 35
\BOOKMARK [2][-]{subsection.3.3.3}{\376\377\000S\000\040\000a\000n\000d\000\040\000S\000-\000d\000a\000g\000g\000e\000r\000\040\000G\000a\000t\000e}{section.3.3}% 36
\BOOKMARK [2][-]{subsection.3.3.4}{\376\377\000T\000\040\000a\000n\000d\000\040\000T\000-\000d\000a\000g\000g\000e\000r\000\040\000G\000a\000t\000e}{section.3.3}% 37
\BOOKMARK [2][-]{subsection.3.3.5}{\376\377\000Q\000u\000a\000n\000t\000u\000m\000\040\000R\000o\000t\000a\000t\000i\000o\000n\000\040\000G\000a\000t\000e\000s}{section.3.3}% 38
\BOOKMARK [2][-]{subsection.3.3.6}{\376\377\000U\000n\000i\000v\000e\000r\000s\000a\000l\000\040\000Q\000u\000a\000n\000t\000u\000m\000\040\000G\000a\000t\000e\000s}{section.3.3}% 39
\BOOKMARK [1][-]{section.3.4}{\376\377\000M\000u\000l\000t\000i\000-\000Q\000u\000b\000i\000t\000\040\000G\000a\000t\000e\000s}{chapter.3}% 40
\BOOKMARK [2][-]{subsection.3.4.1}{\376\377\000T\000w\000o\000-\000q\000u\000b\000i\000t\000\040\000G\000a\000t\000e\000s}{section.3.4}% 41
\BOOKMARK [2][-]{subsection.3.4.2}{\376\377\000T\000h\000r\000e\000e\000-\000q\000u\000b\000i\000t\000\040\000G\000a\000t\000e\000s}{section.3.4}% 42
\BOOKMARK [1][-]{section.3.5}{\376\377\000I\000m\000p\000l\000e\000m\000e\000n\000t\000a\000t\000i\000o\000n\000\040\000o\000f\000\040\000C\000o\000n\000t\000r\000o\000l\000l\000e\000d\000-\000U}{chapter.3}% 43
\BOOKMARK [1][-]{section.3.6}{\376\377\000U\000n\000i\000v\000e\000r\000s\000a\000l\000\040\000q\000u\000a\000n\000t\000u\000m\000\040\000g\000a\000t\000e\000s}{chapter.3}% 44
\BOOKMARK [2][-]{subsection.3.6.1}{\376\377\000T\000w\000o\000-\000l\000e\000v\000e\000l\000\040\000u\000n\000i\000t\000a\000r\000y\000\040\000g\000a\000t\000e\000s\000\040\000a\000r\000e\000\040\000u\000n\000i\000v\000e\000r\000s\000a\000l}{section.3.6}% 45
\BOOKMARK [2][-]{subsection.3.6.2}{\376\377\000S\000i\000n\000g\000l\000e\000\040\000q\000u\000b\000i\000t\000\040\000a\000n\000d\000\040\000C\000N\000O\000T\000\040\000g\000a\000t\000e\000s\000\040\000a\000r\000e\000\040\000u\000n\000i\000v\000e\000r\000s\000a\000l}{section.3.6}% 46
\BOOKMARK [2][-]{subsection.3.6.3}{\376\377\000A\000p\000p\000r\000o\000x\000i\000m\000a\000t\000i\000n\000g\000\040\000a\000r\000b\000i\000t\000r\000a\000r\000y\000\040\000u\000n\000i\000t\000a\000r\000y\000\040\000g\000a\000t\000e\000s}{section.3.6}% 47
\BOOKMARK [1][-]{section.3.7}{\376\377\000M\000e\000a\000s\000u\000r\000e\000m\000e\000n\000t\000s}{chapter.3}% 48
\BOOKMARK [2][-]{subsection.3.7.1}{\376\377\000P\000r\000i\000n\000c\000i\000p\000l\000e\000\040\000o\000f\000\040\000d\000e\000f\000e\000r\000r\000e\000d\000\040\000m\000e\000a\000s\000u\000r\000e\000m\000e\000n\000t}{section.3.7}% 49
\BOOKMARK [2][-]{subsection.3.7.2}{\376\377\000P\000r\000i\000n\000c\000i\000p\000l\000e\000\040\000o\000f\000\040\000i\000m\000p\000l\000i\000c\000i\000t\000\040\000m\000e\000a\000s\000u\000r\000e\000m\000e\000n\000t}{section.3.7}% 50
\BOOKMARK [0][-]{chapter.4}{\376\377\000M\000i\000x\000e\000d\000\040\000S\000t\000a\000t\000e\000s}{part.1}% 51
\BOOKMARK [1][-]{section.4.1}{\376\377\000M\000i\000x\000e\000d\000\040\000S\000t\000a\000t\000e\000s}{chapter.4}% 52
\BOOKMARK [2][-]{subsection.4.1.1}{\376\377\000D\000e\000n\000s\000i\000t\000y\000\040\000M\000a\000t\000r\000i\000c\000e\000s}{section.4.1}% 53
\BOOKMARK [2][-]{subsection.4.1.2}{\376\377\000P\000r\000o\000p\000e\000r\000t\000i\000e\000s\000\040\000o\000f\000\040\000D\000e\000n\000s\000i\000t\000y\000\040\000M\000a\000t\000r\000i\000c\000e\000s}{section.4.1}% 54
\BOOKMARK [2][-]{subsection.4.1.3}{\376\377\000P\000a\000r\000t\000i\000a\000l\000\040\000t\000r\000a\000c\000e\000\040\000a\000n\000d\000\040\000R\000e\000d\000u\000c\000e\000d\000\040\000D\000e\000n\000s\000i\000t\000y\000\040\000M\000a\000t\000r\000i\000x}{section.4.1}% 55
\BOOKMARK [0][-]{chapter.5}{\376\377\000Q\000u\000a\000n\000t\000u\000m\000\040\000C\000i\000r\000c\000u\000i\000t\000s}{part.1}% 56
\BOOKMARK [1][-]{section.5.1}{\376\377\000T\000h\000e\000\040\000S\000t\000a\000n\000d\000a\000r\000d\000\040\000C\000i\000r\000c\000u\000i\000t\000\040\000M\000o\000d\000e\000l}{chapter.5}% 57
\BOOKMARK [2][-]{subsection.5.1.1}{\376\377\000E\000x\000a\000m\000p\000l\000e\000s}{section.5.1}% 58
\BOOKMARK [1][-]{section.5.2}{\376\377\000Q\000u\000a\000n\000t\000u\000m\000\040\000C\000o\000m\000p\000u\000t\000i\000n\000g}{chapter.5}% 59
\BOOKMARK [1][-]{section.5.3}{\376\377\000C\000l\000a\000s\000s\000i\000c\000a\000l\000\040\000C\000i\000r\000c\000u\000i\000t\000s\000\040\000s\000i\000m\000u\000l\000a\000t\000i\000n\000g\000\040\000Q\000u\000a\000n\000t\000u\000m\000\040\000C\000i\000r\000c\000u\000i\000t\000s}{chapter.5}% 60
\BOOKMARK [1][-]{section.5.4}{\376\377\000U\000n\000i\000v\000e\000r\000s\000a\000l\000\040\000g\000a\000t\000e\000\040\000s\000e\000t\000s}{chapter.5}% 61
\BOOKMARK [2][-]{subsection.5.4.1}{\376\377\000A\000\040\000d\000i\000s\000c\000r\000e\000t\000e\000\040\000s\000e\000t\000\040\000o\000f\000\040\000u\000n\000i\000v\000e\000r\000s\000a\000l\000\040\000o\000p\000e\000r\000a\000t\000i\000o\000n\000s}{section.5.4}% 62
\BOOKMARK [2][-]{subsection.5.4.2}{\376\377\000L\000i\000n\000e\000a\000r\000\040\000G\000r\000o\000w\000t\000h\000\040\000a\000n\000d\000\040\000D\000u\000h\000a\000m\000e\000l\000'\000s\000\040\000P\000r\000i\000n\000c\000i\000p\000l\000e}{section.5.4}% 63
\BOOKMARK [1][-]{section.5.5}{\376\377\000R\000e\000v\000e\000r\000s\000i\000b\000l\000e\000\040\000C\000o\000m\000p\000u\000t\000a\000t\000i\000o\000n}{chapter.5}% 64
\BOOKMARK [2][-]{subsection.5.5.1}{\376\377\000Q\000u\000a\000n\000t\000u\000m\000\040\000C\000i\000r\000c\000u\000i\000t\000s\000\040\000s\000i\000m\000u\000l\000a\000t\000i\000n\000g\000\040\000C\000l\000a\000s\000s\000i\000c\000a\000l\000\040\000C\000i\000r\000c\000u\000i\000t\000s}{section.5.5}% 65
\BOOKMARK [2][-]{subsection.5.5.2}{\376\377\000F\000i\000x\000e\000d\000\040\000P\000o\000i\000n\000t\000\040\000N\000u\000m\000b\000e\000r\000\040\000R\000e\000p\000r\000e\000s\000e\000n\000t\000a\000t\000i\000o\000n\000\040\000a\000n\000d\000\040\000C\000l\000a\000s\000s\000i\000c\000a\000l\000\040\000A\000r\000i\000t\000h\000m\000e\000t\000i\000c\000\040\000o\000p\000e\000r\000a\000t\000i\000o\000n\000s}{section.5.5}% 66
\BOOKMARK [1][-]{section.5.6}{\376\377\000E\000n\000e\000r\000g\000y\000\040\000a\000n\000d\000\040\000c\000o\000m\000p\000u\000t\000a\000t\000i\000o\000n}{chapter.5}% 67
\BOOKMARK [2][-]{subsection.5.6.1}{\376\377\000T\000h\000e\000\040\000b\000i\000l\000l\000i\000a\000r\000d\000\040\000b\000a\000l\000l\000\040\000m\000o\000d\000e\000l\000\040\000o\000f\000\040\000c\000o\000m\000p\000u\000t\000a\000t\000i\000o\000n}{section.5.6}% 68
\BOOKMARK [1][-]{section.5.7}{\376\377\000E\000f\000f\000i\000c\000i\000e\000n\000t\000\040\000I\000m\000p\000l\000e\000m\000e\000n\000t\000a\000t\000i\000o\000n}{chapter.5}% 69
\BOOKMARK [2][-]{subsection.5.7.1}{\376\377\000R\000e\000v\000e\000r\000s\000i\000b\000l\000e\000\040\000I\000m\000p\000l\000e\000m\000e\000n\000t\000a\000t\000i\000o\000n\000\040\000o\000f\000\040\000i\000n\000v\000e\000r\000t\000i\000b\000l\000e\000\040\000f\000u\000n\000c\000t\000i\000o\000n\000s}{section.5.7}% 70
\BOOKMARK [1][-]{section.5.8}{\376\377\000Q\000u\000a\000n\000t\000u\000m\000\040\000I\000m\000p\000l\000e\000m\000e\000n\000t\000a\000t\000i\000o\000n\000\040\000o\000f\000\040\000C\000l\000a\000s\000s\000i\000c\000a\000l\000\040\000A\000r\000i\000t\000h\000m\000e\000t\000i\000c\000s\000\040\000o\000p\000e\000r\000a\000t\000i\000o\000n\000s}{chapter.5}% 71
\BOOKMARK [2][-]{subsection.5.8.1}{\376\377\000R\000e\000v\000e\000r\000s\000i\000b\000l\000e\000\040\000a\000n\000d\000\040\000Q\000u\000a\000n\000t\000u\000m\000\040\000v\000e\000r\000s\000i\000o\000n\000s\000\040\000o\000f\000\040\000s\000i\000m\000p\000l\000e\000\040\000c\000l\000a\000s\000s\000i\000c\000a\000l\000\040\000g\000a\000t\000e\000s}{section.5.8}% 72
\BOOKMARK [1][-]{section.5.9}{\376\377\000R\000e\000v\000e\000r\000s\000i\000b\000l\000e\000\040\000i\000m\000p\000l\000e\000m\000e\000n\000t\000a\000t\000i\000o\000n\000\040\000o\000f\000\040\000C\000l\000a\000s\000s\000i\000c\000a\000l\000\040\000C\000i\000r\000c\000u\000i\000t\000s}{chapter.5}% 73
\BOOKMARK [2][-]{subsection.5.9.1}{\376\377\000A\000\040\000N\000a\000i\000v\000e\000\040\000r\000e\000v\000e\000r\000s\000i\000b\000l\000e\000\040\000I\000m\000p\000l\000e\000m\000e\000n\000t\000a\000t\000i\000o\000n}{section.5.9}% 74
\BOOKMARK [2][-]{subsection.5.9.2}{\376\377\000A\000\040\000G\000e\000n\000e\000r\000a\000l\000\040\000C\000o\000n\000s\000t\000r\000u\000c\000t\000i\000o\000n}{section.5.9}% 75
\BOOKMARK [2][-]{subsection.5.9.3}{\376\377\000E\000f\000f\000i\000c\000i\000e\000n\000t\000\040\000i\000m\000p\000l\000e\000m\000e\000n\000t\000a\000t\000i\000o\000n\000\040\000o\000f\000\040\000A\000N\000D}{section.5.9}% 76
\BOOKMARK [2][-]{subsection.5.9.4}{\376\377\000T\000h\000e\000\040\000I\000m\000p\000l\000e\000m\000e\000n\000t\000a\000t\000i\000o\000n\000s}{section.5.9}% 77
\BOOKMARK [1][-]{section.5.10}{\376\377\000C\000o\000m\000p\000l\000e\000x\000i\000t\000y\000\040\000o\000f\000\040\000Q\000u\000a\000n\000t\000u\000m\000\040\000A\000l\000g\000o\000r\000i\000t\000h\000m\000s}{chapter.5}% 78
\BOOKMARK [1][-]{section.5.11}{\376\377\000O\000r\000a\000c\000l\000e\000s}{chapter.5}% 79
\BOOKMARK [1][-]{section.5.12}{\376\377\000Q\000u\000a\000n\000t\000u\000m\000\040\000A\000l\000g\000o\000r\000i\000t\000h\000m\000s\000\040\000a\000s\000\040\000Q\000u\000a\000n\000t\000u\000m\000\040\000C\000i\000r\000c\000u\000i\000t\000s}{chapter.5}% 80
\BOOKMARK [1][-]{section.5.13}{\376\377\000F\000a\000u\000l\000t\000\040\000t\000o\000l\000e\000r\000a\000n\000t\000\040\000C\000o\000m\000p\000u\000t\000a\000t\000i\000o\000n}{chapter.5}% 81
\BOOKMARK [0][-]{chapter.6}{\376\377\000T\000h\000e\000\040\000S\000t\000a\000b\000i\000l\000i\000z\000e\000r\000\040\000F\000o\000r\000m\000a\000l\000i\000s\000m}{part.1}% 82
\BOOKMARK [0][-]{chapter.7}{\376\377\000E\000n\000t\000a\000n\000g\000l\000e\000m\000e\000n\000t}{part.1}% 83
\BOOKMARK [1][-]{section.7.1}{\376\377\000T\000w\000o\000\040\000q\000u\000b\000i\000t\000s}{chapter.7}% 84
\BOOKMARK [1][-]{section.7.2}{\376\377\000B\000e\000l\000l\000\040\000S\000t\000a\000t\000e\000s\000/\000E\000P\000R\000\040\000P\000a\000i\000r\000s\000\040\000\050\000E\000P\000R\000\040\000P\000a\000r\000a\000d\000o\000x\000\051}{chapter.7}% 85
\BOOKMARK [1][-]{section.7.3}{\376\377\000B\000e\000l\000l\000'\000s\000\040\000T\000h\000o\000u\000g\000h\000t\000\040\000E\000x\000p\000e\000r\000i\000m\000e\000n\000t}{chapter.7}% 86
\BOOKMARK [1][-]{section.7.4}{\376\377\000N\000o\000\040\000C\000l\000o\000n\000i\000n\000g\000\040\000T\000h\000e\000o\000r\000e\000m}{chapter.7}% 87
\BOOKMARK [1][-]{section.7.5}{\376\377\000H\000i\000d\000d\000e\000n\000\040\000V\000a\000r\000i\000a\000b\000l\000e\000\040\000T\000h\000e\000o\000r\000i\000e\000s}{chapter.7}% 88
\BOOKMARK [2][-]{subsection.7.5.1}{\376\377\000B\000o\000h\000m\000i\000a\000n\000\040\000M\000e\000c\000h\000a\000n\000i\000c\000s}{section.7.5}% 89
\BOOKMARK [2][-]{subsection.7.5.2}{\376\377\000L\000o\000c\000a\000l\000\040\000H\000i\000d\000d\000e\000n\000\040\000V\000a\000r\000i\000a\000b\000l\000e\000\040\000t\000h\000e\000o\000r\000i\000e\000s}{section.7.5}% 90
\BOOKMARK [1][-]{section.7.6}{\376\377\000A\000p\000p\000l\000i\000c\000a\000t\000i\000o\000n\000s\000\040\000o\000f\000\040\000E\000n\000t\000a\000n\000g\000l\000e\000m\000e\000n\000t}{chapter.7}% 91
\BOOKMARK [2][-]{subsection.7.6.1}{\376\377\000T\000h\000e\000\040\000C\000H\000S\000H\000\040\000G\000a\000m\000e}{section.7.6}% 92
\BOOKMARK [2][-]{subsection.7.6.2}{\376\377\000C\000H\000S\000H\000\040\000G\000a\000m\000e\000:\000\040\000Q\000u\000a\000n\000t\000u\000m\000\040\000S\000t\000r\000a\000t\000e\000g\000y}{section.7.6}% 93
\BOOKMARK [2][-]{subsection.7.6.3}{\376\377\000A\000n\000a\000l\000y\000s\000i\000s\000\040\000o\000f\000\040\000P\000r\000o\000t\000o\000c\000o\000l}{section.7.6}% 94
\BOOKMARK [2][-]{subsection.7.6.4}{\376\377\000C\000H\000S\000H\000\040\000g\000a\000m\000e\000:\000\040\000I\000n\000t\000e\000r\000p\000r\000e\000t\000a\000t\000i\000o\000n\000s\000\040\000a\000n\000d\000\040\000L\000o\000c\000a\000l\000\040\000R\000e\000a\000l\000i\000s\000m}{section.7.6}% 95
\BOOKMARK [1][-]{section.7.7}{\376\377\000E\000i\000n\000s\000t\000e\000i\000n\000-\000C\000e\000r\000t\000i\000f\000i\000e\000d\000\040\000R\000a\000n\000d\000o\000m\000n\000e\000s\000s}{chapter.7}% 96
\BOOKMARK [2][-]{subsection.7.7.1}{\376\377\000G\000u\000a\000r\000a\000n\000t\000e\000e\000d\000\040\000R\000a\000n\000d\000o\000m\000\040\000N\000u\000m\000b\000e\000r\000s}{section.7.7}% 97
\BOOKMARK [1][-]{section.7.8}{\376\377\000I\000m\000p\000l\000e\000m\000e\000n\000t\000a\000t\000i\000o\000n\000\040\000u\000s\000i\000n\000g\000\040\000Q\000i\000s\000k\000i\000t}{chapter.7}% 98
\BOOKMARK [2][-]{subsection.7.8.1}{\376\377\000Q\000u\000a\000n\000t\000u\000m\000\040\000T\000e\000l\000e\000p\000o\000r\000t\000a\000t\000i\000o\000n}{section.7.8}% 99
\BOOKMARK [2][-]{subsection.7.8.2}{\376\377\000S\000u\000p\000e\000r\000d\000e\000n\000s\000e\000\040\000C\000o\000d\000i\000n\000g}{section.7.8}% 100
\BOOKMARK [0][-]{chapter.8}{\376\377\000E\000l\000i\000t\000z\000u\000r\000-\000V\000a\000i\000d\000m\000a\000n\000\040\000B\000o\000m\000b\000\040\000D\000e\000t\000e\000c\000t\000i\000o\000n\000\040\000A\000l\000g\000o\000r\000i\000t\000h\000m}{part.1}% 101
\BOOKMARK [1][-]{section.8.1}{\376\377\000T\000h\000e\000\040\000Q\000u\000a\000n\000t\000u\000m\000\040\000Z\000e\000n\000o\000\040\000E\000f\000f\000e\000c\000t}{chapter.8}% 102
\BOOKMARK [1][-]{section.8.2}{\376\377\000T\000h\000e\000\040\000P\000r\000o\000b\000l\000e\000m}{chapter.8}% 103
\BOOKMARK [2][-]{subsection.8.2.1}{\376\377\000A\000p\000p\000r\000o\000a\000c\000h\000\040\0001\000:\000\040\000N\000a\000i\000v\000e\000\040\000A\000p\000p\000r\000o\000a\000c\000h\000\040}{section.8.2}% 104
\BOOKMARK [2][-]{subsection.8.2.2}{\376\377\000A\000p\000p\000r\000o\000a\000c\000h\000\040\0002\000:\000\040\000Q\000u\000a\000n\000t\000u\000m\000\040\000S\000u\000p\000e\000r\000p\000o\000s\000i\000t\000i\000o\000n\000\040\000A\000p\000p\000r\000o\000a\000c\000h}{section.8.2}% 105
\BOOKMARK [2][-]{subsection.8.2.3}{\376\377\000E\000l\000i\000t\000z\000u\000r\000-\000V\000a\000i\000d\000m\000a\000n\000\040\000B\000o\000m\000b\000\040\000D\000e\000t\000e\000c\000t\000i\000o\000n\000\040\000A\000l\000g\000o\000r\000i\000t\000h\000m}{section.8.2}% 106
\BOOKMARK [1][-]{section.8.3}{\376\377\000Q\000u\000a\000n\000t\000u\000m\000\040\000M\000o\000n\000e\000y}{chapter.8}% 107
\BOOKMARK [1][-]{section.8.4}{\376\377\000W\000e\000i\000s\000n\000e\000r\000'\000s\000\040\000Q\000u\000a\000n\000t\000u\000m\000\040\000M\000o\000n\000e\000y}{chapter.8}% 108
\BOOKMARK [2][-]{subsection.8.4.1}{\376\377\000Q\000u\000a\000n\000t\000u\000m\000\040\000M\000o\000n\000e\000y\000\040\000A\000t\000t\000a\000c\000k\000s}{section.8.4}% 109
\BOOKMARK [2][-]{subsection.8.4.2}{\376\377\000I\000n\000t\000e\000r\000a\000c\000t\000i\000v\000e\000\040\000a\000t\000t\000a\000c\000k\000s}{section.8.4}% 110
\BOOKMARK [2][-]{subsection.8.4.3}{\376\377\000P\000u\000b\000l\000i\000c\000-\000K\000e\000y\000\040\000Q\000u\000a\000n\000t\000u\000m\000\040\000M\000o\000n\000e\000y}{section.8.4}% 111
\BOOKMARK [1][-]{section.8.5}{\376\377\000Q\000u\000a\000n\000t\000u\000m\000\040\000K\000e\000y\000\040\000D\000i\000s\000t\000r\000i\000b\000u\000t\000i\000o\000n}{chapter.8}% 112
\BOOKMARK [2][-]{subsection.8.5.1}{\376\377\000T\000h\000e\000\040\000B\000B\0008\0004\000\040\000P\000r\000o\000t\000o\000c\000o\000l}{section.8.5}% 113
\BOOKMARK [0][-]{chapter.9}{\376\377\000D\000e\000u\000t\000s\000c\000h\000'\000s\000\040\000A\000l\000g\000o\000r\000i\000t\000h\000m}{part.1}% 114
\BOOKMARK [1][-]{section.9.1}{\376\377\000T\000h\000e\000\040\000P\000r\000o\000b\000l\000e\000m\000\040\000D\000e\000f\000i\000n\000i\000t\000i\000o\000n}{chapter.9}% 115
\BOOKMARK [1][-]{section.9.2}{\376\377\000T\000h\000e\000\040\000C\000l\000a\000s\000s\000i\000c\000a\000l\000\040\000S\000o\000l\000u\000t\000i\000o\000n}{chapter.9}% 116
\BOOKMARK [1][-]{section.9.3}{\376\377\000T\000h\000e\000\040\000Q\000u\000a\000n\000t\000u\000m\000\040\000S\000o\000l\000u\000t\000i\000o\000n\000:\000\040\000D\000e\000u\000t\000s\000c\000h\000'\000s\000\040\000A\000l\000g\000o\000r\000i\000t\000h\000m}{chapter.9}% 117
\BOOKMARK [2][-]{subsection.9.3.1}{\376\377\000Q\000u\000a\000n\000t\000u\000m\000\040\000P\000a\000r\000a\000l\000l\000e\000l\000i\000s\000m}{section.9.3}% 118
\BOOKMARK [2][-]{subsection.9.3.2}{\376\377\000I\000d\000e\000a\000\040\000o\000f\000\040\000t\000h\000e\000\040\000A\000l\000g\000o\000r\000i\000t\000h\000m}{section.9.3}% 119
\BOOKMARK [2][-]{subsection.9.3.3}{\376\377\000A\000l\000g\000o\000r\000i\000t\000h\000m}{section.9.3}% 120
\BOOKMARK [2][-]{subsection.9.3.4}{\376\377\000E\000x\000a\000m\000p\000l\000e}{section.9.3}% 121
\BOOKMARK [1][-]{section.9.4}{\376\377\000I\000m\000p\000l\000e\000m\000e\000n\000t\000a\000t\000i\000o\000n\000\040\000u\000s\000i\000n\000g\000\040\000Q\000i\000s\000k\000i\000t}{chapter.9}% 122
\BOOKMARK [2][-]{subsection.9.4.1}{\376\377\000B\000a\000c\000k\000g\000r\000o\000u\000n\000d}{section.9.4}% 123
\BOOKMARK [2][-]{subsection.9.4.2}{\376\377\000R\000e\000q\000u\000i\000r\000e\000m\000e\000n\000t\000s}{section.9.4}% 124
\BOOKMARK [2][-]{subsection.9.4.3}{\376\377\000S\000e\000t\000u\000p}{section.9.4}% 125
\BOOKMARK [0][-]{chapter.10}{\376\377\000D\000e\000u\000t\000s\000c\000h\000-\000J\000o\000z\000s\000a\000\040\000A\000l\000g\000o\000r\000i\000t\000h\000m}{part.1}% 126
\BOOKMARK [1][-]{section.10.1}{\376\377\000T\000h\000e\000\040\000P\000r\000o\000b\000l\000e\000m\000\040\000D\000e\000f\000i\000n\000i\000t\000i\000o\000n}{chapter.10}% 127
\BOOKMARK [1][-]{section.10.2}{\376\377\000T\000h\000e\000\040\000C\000l\000a\000s\000s\000i\000c\000a\000l\000\040\000S\000o\000l\000u\000t\000i\000o\000n}{chapter.10}% 128
\BOOKMARK [1][-]{section.10.3}{\376\377\000T\000h\000e\000\040\000Q\000u\000a\000n\000t\000u\000m\000\040\000S\000o\000l\000u\000t\000i\000o\000n\000:\000\040\000D\000e\000u\000t\000s\000c\000h\000-\000J\000o\000z\000s\000a\000\040\000A\000l\000g\000o\000r\000i\000t\000h\000m}{chapter.10}% 129
\BOOKMARK [2][-]{subsection.10.3.1}{\376\377\000I\000d\000e\000a\000\040\000o\000f\000\040\000t\000h\000e\000\040\000A\000l\000g\000o\000r\000i\000t\000h\000m}{section.10.3}% 130
\BOOKMARK [2][-]{subsection.10.3.2}{\376\377\000A\000l\000g\000o\000r\000i\000t\000h\000m}{section.10.3}% 131
\BOOKMARK [2][-]{subsection.10.3.3}{\376\377\000E\000x\000a\000m\000p\000l\000e}{section.10.3}% 132
\BOOKMARK [1][-]{section.10.4}{\376\377\000C\000o\000m\000p\000l\000e\000x\000i\000t\000y\000\040\000A\000n\000a\000l\000y\000s\000i\000s}{chapter.10}% 133
\BOOKMARK [1][-]{section.10.5}{\376\377\000C\000o\000n\000c\000l\000u\000s\000i\000o\000n}{chapter.10}% 134
\BOOKMARK [1][-]{section.10.6}{\376\377\000I\000m\000p\000l\000e\000m\000e\000n\000t\000a\000t\000i\000o\000n\000\040\000u\000s\000i\000n\000g\000\040\000Q\000i\000s\000k\000i\000t}{chapter.10}% 135
\BOOKMARK [2][-]{subsection.10.6.1}{\376\377\000B\000a\000c\000k\000g\000r\000o\000u\000n\000d}{section.10.6}% 136
\BOOKMARK [2][-]{subsection.10.6.2}{\376\377\000R\000e\000q\000u\000i\000r\000e\000m\000e\000n\000t\000s}{section.10.6}% 137
\BOOKMARK [2][-]{subsection.10.6.3}{\376\377\000S\000e\000t\000u\000p}{section.10.6}% 138
\BOOKMARK [0][-]{chapter.11}{\376\377\000B\000e\000r\000n\000s\000t\000e\000i\000n\000-\000V\000a\000z\000i\000r\000a\000n\000i\000\040\000A\000l\000g\000o\000r\000i\000t\000h\000m}{part.1}% 139
\BOOKMARK [1][-]{section.11.1}{\376\377\000T\000h\000e\000\040\000P\000r\000o\000b\000l\000e\000m}{chapter.11}% 140
\BOOKMARK [1][-]{section.11.2}{\376\377\000T\000h\000e\000\040\000C\000l\000a\000s\000s\000i\000c\000a\000l\000\040\000s\000o\000l\000u\000t\000i\000o\000n}{chapter.11}% 141
\BOOKMARK [1][-]{section.11.3}{\376\377\000Q\000u\000a\000n\000t\000u\000m\000\040\000s\000o\000l\000u\000t\000i\000o\000n}{chapter.11}% 142
\BOOKMARK [1][-]{section.11.4}{\376\377\000I\000m\000p\000l\000e\000m\000e\000n\000t\000a\000t\000i\000o\000n}{chapter.11}% 143
\BOOKMARK [0][-]{chapter.12}{\376\377\000S\000i\000m\000o\000n\000'\000s\000\040\000A\000l\000g\000o\000r\000i\000t\000h\000m}{part.1}% 144
\BOOKMARK [1][-]{section.12.1}{\376\377\000T\000h\000e\000\040\000P\000r\000o\000b\000l\000e\000m\000\040\000D\000e\000f\000i\000n\000i\000t\000i\000o\000n}{chapter.12}% 145
\BOOKMARK [1][-]{section.12.2}{\376\377\000T\000h\000e\000\040\000C\000l\000a\000s\000s\000i\000c\000a\000l\000\040\000S\000o\000l\000u\000t\000i\000o\000n}{chapter.12}% 146
\BOOKMARK [2][-]{subsection.12.2.1}{\376\377\000C\000l\000a\000s\000s\000i\000c\000a\000l\000\040\000L\000o\000w\000e\000r\000\040\000B\000o\000u\000n\000d}{section.12.2}% 147
\BOOKMARK [1][-]{section.12.3}{\376\377\000T\000h\000e\000\040\000Q\000u\000a\000n\000t\000u\000m\000\040\000S\000o\000l\000u\000t\000i\000o\000n\000:\000\040\000S\000i\000m\000o\000n\000'\000s\000\040\000A\000l\000g\000o\000r\000i\000t\000h\000m}{chapter.12}% 148
\BOOKMARK [2][-]{subsection.12.3.1}{\376\377\000A\000l\000g\000o\000r\000i\000t\000h\000m}{section.12.3}% 149
\BOOKMARK [2][-]{subsection.12.3.2}{\376\377\000E\000x\000a\000m\000p\000l\000e}{section.12.3}% 150
\BOOKMARK [1][-]{section.12.4}{\376\377\000C\000o\000m\000p\000l\000e\000x\000i\000t\000y\000\040\000A\000n\000a\000l\000y\000s\000i\000s}{chapter.12}% 151
\BOOKMARK [1][-]{section.12.5}{\376\377\000C\000o\000n\000c\000l\000u\000s\000i\000o\000n}{chapter.12}% 152
\BOOKMARK [0][-]{chapter.13}{\376\377\000D\000i\000s\000c\000r\000e\000t\000e\000\040\000l\000o\000g\000\040\000P\000r\000o\000b\000l\000e\000m}{part.1}% 153
\BOOKMARK [1][-]{section.13.1}{\376\377\000D\000e\000f\000i\000n\000i\000t\000i\000o\000n\000\040\000o\000f\000\040\000Z\000m\000\040\000a\000n\000d\000\040\000Z\000m\000*}{chapter.13}% 154
\BOOKMARK [1][-]{section.13.2}{\376\377\000G\000e\000n\000e\000r\000a\000t\000o\000r\000s\000\040\000o\000f\000\040\000Z\000p\000*\000\040\000a\000n\000d\000\040\000e\000x\000p\000o\000n\000e\000n\000t\000i\000a\000l\000/\000l\000o\000g\000\040\000f\000u\000n\000c\000t\000i\000o\000n\000s}{chapter.13}% 155
\BOOKMARK [1][-]{section.13.3}{\376\377\000D\000i\000s\000c\000r\000e\000t\000e\000\040\000e\000x\000p\000o\000n\000e\000n\000t\000i\000a\000l\000\040\000p\000r\000o\000b\000l\000e\000m}{chapter.13}% 156
\BOOKMARK [2][-]{subsection.13.3.1}{\376\377\000R\000e\000p\000e\000a\000t\000e\000d\000\040\000S\000q\000u\000a\000r\000i\000n\000g\000\040\000T\000r\000i\000c\000k}{section.13.3}% 157
\BOOKMARK [1][-]{section.13.4}{\376\377\000D\000i\000s\000c\000r\000e\000t\000e\000\040\000l\000o\000g\000\040\000p\000r\000o\000b\000l\000e\000m}{chapter.13}% 158
\BOOKMARK [1][-]{section.13.5}{\376\377\000S\000h\000o\000r\000'\000s\000\040\000A\000l\000g\000o\000r\000i\000t\000h\000m\000\040\000f\000o\000r\000\040\000t\000h\000e\000\040\000d\000i\000s\000c\000r\000e\000t\000e\000\040\000l\000o\000g\000\040\000p\000r\000o\000b\000l\000e\000m}{chapter.13}% 159
\BOOKMARK [2][-]{subsection.13.5.1}{\376\377\000S\000h\000o\000r\000'\000s\000\040\000f\000u\000n\000c\000t\000i\000o\000n\000\040\000w\000i\000t\000h\000\040\000a\000\040\000p\000r\000o\000p\000e\000r\000t\000y\000\040\000s\000i\000m\000i\000l\000a\000r\000\040\000t\000o\000\040\000S\000i\000m\000o\000n\000'\000s}{section.13.5}% 160
\BOOKMARK [0][-]{chapter.14}{\376\377\000Q\000u\000a\000n\000t\000u\000m\000\040\000F\000o\000u\000r\000i\000e\000r\000\040\000T\000r\000a\000n\000s\000f\000o\000r\000m}{part.1}% 161
\BOOKMARK [0][-]{chapter.15}{\376\377\000Q\000u\000a\000n\000t\000u\000m\000\040\000F\000o\000u\000r\000i\000e\000r\000\040\000T\000r\000a\000n\000s\000f\000o\000r\000m}{part.1}% 162
\BOOKMARK [1][-]{section.15.1}{\376\377\000M\000a\000t\000h\000e\000m\000a\000t\000i\000c\000a\000l\000\040\000F\000o\000u\000n\000d\000a\000t\000i\000o\000n\000s}{chapter.15}% 163
\BOOKMARK [2][-]{subsection.15.1.1}{\376\377\000R\000o\000o\000t\000s\000\040\000o\000f\000\040\000U\000n\000i\000t\000y}{section.15.1}% 164
\BOOKMARK [2][-]{subsection.15.1.2}{\376\377\000T\000h\000e\000\040\000D\000i\000s\000c\000r\000e\000t\000e\000\040\000F\000o\000u\000r\000i\000e\000r\000\040\000T\000r\000a\000n\000s\000f\000o\000r\000m}{section.15.1}% 165
\BOOKMARK [2][-]{subsection.15.1.3}{\376\377\000C\000o\000m\000p\000u\000t\000i\000n\000g\000\040\000t\000h\000e\000\040\000D\000i\000s\000c\000r\000e\000t\000e\000\040\000F\000o\000u\000r\000i\000e\000r\000\040\000T\000r\000a\000n\000s\000f\000o\000r\000m}{section.15.1}% 166
\BOOKMARK [1][-]{section.15.2}{\376\377\000Q\000u\000a\000n\000t\000u\000m\000\040\000F\000o\000u\000r\000i\000e\000r\000\040\000T\000r\000a\000n\000s\000f\000o\000r\000m}{chapter.15}% 167
\BOOKMARK [2][-]{subsection.15.2.1}{\376\377\000P\000r\000o\000p\000e\000r\000t\000i\000e\000s\000\040\000o\000f\000\040\000t\000h\000e\000\040\000Q\000u\000a\000n\000t\000u\000m\000\040\000F\000o\000u\000r\000i\000e\000r\000\040\000T\000r\000a\000n\000s\000f\000o\000r\000m\000\040\000\050\000Q\000F\000T\000\051}{section.15.2}% 168
\BOOKMARK [2][-]{subsection.15.2.2}{\376\377\000E\000x\000a\000m\000p\000l\000e\000s\000\040\000a\000n\000d\000\040\000A\000p\000p\000l\000i\000c\000a\000t\000i\000o\000n\000s\000\040\000o\000f\000\040\000t\000h\000e\000\040\000Q\000F\000T}{section.15.2}% 169
\BOOKMARK [1][-]{section.15.3}{\376\377\000E\000f\000f\000i\000c\000i\000e\000n\000t\000\040\000i\000m\000p\000l\000e\000m\000e\000n\000t\000a\000t\000i\000o\000n\000\040\000o\000f\000\040\000Q\000u\000a\000n\000t\000u\000m\000\040\000F\000o\000u\000r\000i\000e\000r\000\040\000T\000r\000a\000n\000s\000f\000o\000r\000m}{chapter.15}% 170
\BOOKMARK [2][-]{subsection.15.3.1}{\376\377\000I\000d\000e\000a\000\040\000o\000f\000\040\000t\000h\000e\000\040\000A\000l\000g\000o\000r\000i\000t\000h\000m}{section.15.3}% 171
\BOOKMARK [2][-]{subsection.15.3.2}{\376\377\000I\000n\000t\000u\000i\000t\000i\000v\000e\000\040\000w\000a\000y}{section.15.3}% 172
\BOOKMARK [2][-]{subsection.15.3.3}{\376\377\000M\000a\000t\000h\000e\000m\000a\000t\000i\000c\000a\000l\000\040\000W\000a\000y}{section.15.3}% 173
\BOOKMARK [2][-]{subsection.15.3.4}{\376\377\000I\000m\000p\000l\000e\000m\000e\000n\000t\000a\000t\000i\000o\000n\000\040\000o\000f\000\040\000t\000h\000e\000\040\000c\000o\000n\000t\000r\000o\000l\000l\000e\000d\000-\000p\000h\000a\000s\000e\000\040\000g\000a\000t\000e\000s}{section.15.3}% 174
\BOOKMARK [2][-]{subsection.15.3.5}{\376\377\000I\000m\000p\000l\000e\000m\000e\000n\000t\000a\000t\000i\000o\000n\000\040\000o\000f\000\040\000S\000W\000A\000P\000\040\000g\000a\000t\000e\000s}{section.15.3}% 175
\BOOKMARK [2][-]{subsection.15.3.6}{\376\377\000T\000o\000t\000a\000l\000\040\000G\000a\000t\000e\000\040\000C\000o\000m\000p\000l\000e\000x\000i\000t\000y}{section.15.3}% 176
\BOOKMARK [1][-]{section.15.4}{\376\377\000A\000p\000p\000r\000o\000x\000i\000m\000a\000t\000e\000\040\000Q\000u\000a\000n\000t\000u\000m\000\040\000F\000o\000u\000r\000i\000e\000r\000\040\000T\000r\000a\000n\000s\000f\000o\000r\000m}{chapter.15}% 177
\BOOKMARK [1][-]{section.15.5}{\376\377\000A\000d\000d\000i\000t\000i\000o\000n\000\040\000b\000y\000\040\000F\000o\000u\000r\000i\000e\000r\000\040\000T\000r\000a\000n\000s\000f\000o\000r\000m}{chapter.15}% 178
\BOOKMARK [1][-]{section.15.6}{\376\377\000M\000e\000a\000s\000u\000r\000e\000d\000\040\000Q\000u\000a\000n\000t\000u\000m\000\040\000F\000o\000u\000r\000i\000e\000r\000\040\000t\000r\000a\000n\000s\000f\000o\000r\000m}{chapter.15}% 179
\BOOKMARK [1][-]{section.15.7}{\376\377\000G\000e\000n\000e\000r\000a\000l\000i\000z\000e\000d\000\040\000Q\000u\000a\000n\000t\000u\000m\000\040\000F\000o\000u\000r\000i\000e\000r\000\040\000T\000r\000a\000n\000s\000f\000o\000r\000m}{chapter.15}% 180
\BOOKMARK [1][-]{section.15.8}{\376\377\000I\000m\000p\000l\000e\000m\000e\000n\000t\000a\000t\000i\000o\000n\000\040\000u\000s\000i\000n\000g\000\040\000Q\000i\000s\000k\000i\000t}{chapter.15}% 181
\BOOKMARK [2][-]{subsection.15.8.1}{\376\377\000I\000m\000p\000l\000e\000m\000e\000n\000t\000a\000t\000i\000o\000n\000\040\000d\000e\000t\000a\000i\000l\000s}{section.15.8}% 182
\BOOKMARK [2][-]{subsection.15.8.2}{\376\377\000Q\000u\000a\000n\000t\000u\000m\000\040\000F\000o\000u\000r\000i\000e\000r\000\040\000T\000r\000a\000n\000s\000f\000o\000r\000m}{section.15.8}% 183
\BOOKMARK [2][-]{subsection.15.8.3}{\376\377\000I\000n\000v\000e\000r\000s\000e\000\040\000Q\000u\000a\000n\000t\000u\000m\000\040\000F\000o\000u\000r\000i\000e\000r\000\040\000T\000r\000a\000n\000s\000f\000o\000r\000m}{section.15.8}% 184
\BOOKMARK [2][-]{subsection.15.8.4}{\376\377\000A\000p\000p\000r\000o\000x\000i\000m\000a\000t\000e\000\040\000Q\000u\000a\000n\000t\000u\000m\000\040\000F\000o\000u\000r\000i\000e\000r\000\040\000T\000r\000a\000n\000s\000f\000o\000r\000m}{section.15.8}% 185
\BOOKMARK [1][-]{section.15.9}{\376\377\000C\000o\000n\000c\000l\000u\000s\000i\000o\000n}{chapter.15}% 186
\BOOKMARK [0][-]{chapter.16}{\376\377\000P\000h\000a\000s\000e\000\040\000E\000s\000t\000i\000m\000a\000t\000i\000o\000n}{part.1}% 187
\BOOKMARK [1][-]{section.16.1}{\376\377\000P\000h\000a\000s\000e\000\040\000E\000s\000t\000i\000m\000a\000t\000i\000o\000n}{chapter.16}% 188
\BOOKMARK [1][-]{section.16.2}{\376\377\000T\000h\000e\000\040\000P\000r\000o\000b\000l\000e\000m\000\040\000D\000e\000f\000i\000n\000i\000t\000i\000o\000n}{chapter.16}% 189
\BOOKMARK [1][-]{section.16.3}{\376\377\000T\000h\000e\000\040\000C\000l\000a\000s\000s\000i\000c\000a\000l\000\040\000S\000o\000l\000u\000t\000i\000o\000n}{chapter.16}% 190
\BOOKMARK [1][-]{section.16.4}{\376\377\000T\000h\000e\000\040\000Q\000u\000a\000n\000t\000u\000m\000\040\000S\000o\000l\000u\000t\000i\000o\000n}{chapter.16}% 191
\BOOKMARK [2][-]{subsection.16.4.1}{\376\377\000H\000a\000d\000a\000m\000a\000r\000d\000\040\000T\000e\000s\000t}{section.16.4}% 192
\BOOKMARK [2][-]{subsection.16.4.2}{\376\377\000O\000v\000e\000r\000l\000a\000p\000\040\000E\000s\000t\000i\000m\000a\000t\000e\000\040\000u\000s\000i\000n\000g\000\040\000S\000w\000a\000p\000\040\000T\000e\000s\000t}{section.16.4}% 193
\BOOKMARK [2][-]{subsection.16.4.3}{\376\377\000O\000v\000e\000r\000l\000a\000p\000\040\000e\000s\000t\000i\000m\000a\000t\000e\000\040\000w\000i\000t\000h\000\040\000R\000e\000l\000a\000t\000i\000v\000e\000\040\000p\000h\000a\000s\000e\000\040\000i\000n\000f\000o\000r\000m\000a\000t\000i\000o\000n}{section.16.4}% 194
\BOOKMARK [2][-]{subsection.16.4.4}{\376\377\000S\000i\000n\000g\000l\000e\000\040\000Q\000u\000b\000i\000t\000\040\000P\000h\000a\000s\000e\000\040\000E\000s\000t\000i\000m\000a\000t\000i\000o\000n}{section.16.4}% 195
\BOOKMARK [1][-]{section.16.5}{\376\377\000K\000i\000t\000a\000e\000v\000'\000s\000\040\000M\000e\000t\000h\000o\000d\000\040\000-\000\040\000f\000o\000r\000\040\000Q\000u\000a\000n\000t\000u\000m\000\040\000P\000h\000a\000s\000e\000\040\000E\000s\000t\000i\000m\000a\000t\000i\000o\000n}{chapter.16}% 196
\BOOKMARK [2][-]{subsection.16.5.1}{\376\377\000I\000d\000e\000a\000\040\000o\000f\000\040\000t\000h\000e\000\040\000A\000l\000g\000o\000r\000i\000t\000h\000m}{section.16.5}% 197
\BOOKMARK [2][-]{subsection.16.5.2}{\376\377\000A\000l\000g\000o\000r\000i\000t\000h\000m}{section.16.5}% 198
\BOOKMARK [2][-]{subsection.16.5.3}{\376\377\000E\000x\000a\000m\000p\000l\000e}{section.16.5}% 199
\BOOKMARK [2][-]{subsection.16.5.4}{\376\377\000V\000a\000l\000i\000d\000i\000t\000y\000\040\000o\000f\000\040\000K\000i\000t\000a\000e\000v\000'\000s\000\040\000A\000l\000g\000o\000r\000i\000t\000h\000m}{section.16.5}% 200
\BOOKMARK [1][-]{section.16.6}{\376\377\000Q\000u\000a\000n\000t\000u\000m\000\040\000P\000h\000a\000s\000e\000\040\000E\000s\000t\000i\000m\000a\000t\000i\000o\000n\000\040\000u\000s\000i\000n\000g\000\040\000Q\000u\000a\000n\000t\000u\000m\000\040\000F\000o\000u\000r\000i\000e\000r\000\040\000T\000r\000a\000n\000s\000f\000o\000r\000m}{chapter.16}% 201
\BOOKMARK [2][-]{subsection.16.6.1}{\376\377\000I\000m\000p\000l\000e\000m\000e\000n\000t\000a\000t\000i\000o\000n\000\040\000o\000f\000\040\000C\000o\000n\000t\000r\000o\000l\000l\000e\000d\000\040\000U\000n\000i\000t\000a\000r\000y\000\040\000o\000p\000e\000r\000a\000t\000i\000o\000n}{section.16.6}% 202
\BOOKMARK [2][-]{subsection.16.6.2}{\376\377\000I\000m\000p\000l\000e\000m\000e\000n\000t\000a\000t\000i\000o\000n\000\040\000o\000f\000\040\000Q\000P\000E\000\040\000C\000i\000r\000c\000u\000i\000t}{section.16.6}% 203
\BOOKMARK [1][-]{section.16.7}{\376\377\000S\000p\000e\000c\000i\000a\000l\000\040\000C\000a\000s\000e\000:\000\040\000S\000u\000p\000e\000r\000p\000o\000s\000i\000t\000i\000o\000n\000\040\000o\000f\000\040\000E\000i\000g\000e\000n\000v\000e\000c\000t\000o\000r\000s}{chapter.16}% 204
\BOOKMARK [1][-]{section.16.8}{\376\377\000C\000o\000m\000p\000l\000e\000x\000i\000t\000y\000\040\000A\000n\000a\000l\000y\000s\000i\000s}{chapter.16}% 205
\BOOKMARK [1][-]{section.16.9}{\376\377\000I\000m\000p\000l\000e\000m\000e\000n\000t\000a\000t\000i\000o\000n\000\040\000u\000s\000i\000n\000g\000\040\000Q\000i\000s\000k\000i\000t}{chapter.16}% 206
\BOOKMARK [0][-]{chapter.17}{\376\377\000O\000r\000d\000e\000r\000\040\000F\000i\000n\000d\000i\000n\000g}{part.1}% 207
\BOOKMARK [1][-]{section.17.1}{\376\377\000I\000n\000t\000r\000o\000d\000u\000c\000t\000i\000o\000n}{chapter.17}% 208
\BOOKMARK [1][-]{section.17.2}{\376\377\000T\000h\000e\000\040\000P\000r\000o\000b\000l\000e\000m\000\040\000D\000e\000f\000i\000n\000i\000t\000i\000o\000n}{chapter.17}% 209
\BOOKMARK [1][-]{section.17.3}{\376\377\000T\000h\000e\000\040\000C\000l\000a\000s\000s\000i\000c\000a\000l\000\040\000S\000o\000l\000u\000t\000i\000o\000n}{chapter.17}% 210
\BOOKMARK [1][-]{section.17.4}{\376\377\000T\000h\000e\000\040\000Q\000u\000a\000n\000t\000u\000m\000\040\000S\000o\000l\000u\000t\000i\000o\000n}{chapter.17}% 211
\BOOKMARK [2][-]{subsection.17.4.1}{\376\377\000M\000u\000l\000t\000i\000p\000l\000i\000c\000i\000t\000y\000-\000c\000o\000n\000t\000r\000o\000l\000l\000e\000d\000\040\000-\000U\000a\000N\000\040\000g\000a\000t\000e}{section.17.4}% 212
\BOOKMARK [2][-]{subsection.17.4.2}{\376\377\000P\000r\000e\000c\000i\000s\000i\000o\000n\000\040\000n\000e\000e\000d\000e\000d\000\040\000t\000o\000\040\000d\000e\000t\000e\000r\000m\000i\000n\000e\000\040\0001\000\040\000o\000v\000e\000r\000\040\000r}{section.17.4}% 213
\BOOKMARK [2][-]{subsection.17.4.3}{\376\377\000C\000a\000n\000\040\000w\000e\000\040\000c\000o\000n\000s\000t\000r\000u\000c\000t\000\040\000p\000s\000i\0001\000?}{section.17.4}% 214
\BOOKMARK [2][-]{subsection.17.4.4}{\376\377\000O\000r\000d\000e\000r\000-\000f\000i\000n\000d\000i\000n\000g\000\040\000u\000s\000i\000n\000g\000\040\000a\000\040\000r\000a\000n\000d\000o\000m\000\040\000e\000i\000g\000e\000n\000v\000e\000c\000t\000o\000r\000\040\000p\000s\000i\000k}{section.17.4}% 215
\BOOKMARK [2][-]{subsection.17.4.5}{\376\377\000C\000o\000n\000c\000l\000u\000s\000i\000o\000n\000s\000\040\000o\000f\000\040\000o\000r\000d\000e\000r\000-\000f\000i\000n\000d\000i\000n\000g\000\040\000w\000i\000t\000h\000\040\000a\000\040\000r\000a\000n\000d\000o\000m\000\040\000e\000i\000g\000e\000n\000v\000e\000c\000t\000o\000r}{section.17.4}% 216
\BOOKMARK [2][-]{subsection.17.4.6}{\376\377\000O\000r\000d\000e\000r\000-\000f\000i\000n\000d\000i\000n\000g\000\040\000u\000s\000i\000n\000g\000\040\000a\000\040\000s\000u\000p\000e\000r\000p\000o\000s\000i\000t\000i\000o\000n\000\040\000o\000f\000\040\000e\000i\000g\000e\000n\000v\000e\000c\000t\000o\000r\000s}{section.17.4}% 217
\BOOKMARK [1][-]{section.17.5}{\376\377\000P\000e\000r\000f\000o\000r\000m\000a\000n\000c\000e}{chapter.17}% 218
\BOOKMARK [1][-]{section.17.6}{\376\377\000C\000o\000m\000p\000l\000e\000x\000i\000t\000y\000\040\000A\000n\000a\000l\000y\000s\000i\000s}{chapter.17}% 219
\BOOKMARK [1][-]{section.17.7}{\376\377\000S\000u\000m\000m\000a\000r\000y}{chapter.17}% 220
\BOOKMARK [0][-]{chapter.18}{\376\377\000S\000h\000o\000r\000'\000s\000\040\000A\000l\000g\000o\000r\000i\000t\000h\000m}{part.1}% 221
\BOOKMARK [1][-]{section.18.1}{\376\377\000I\000n\000t\000r\000o\000d\000u\000c\000t\000i\000o\000n}{chapter.18}% 222
\BOOKMARK [1][-]{section.18.2}{\376\377\000P\000r\000o\000b\000l\000e\000m\000\040\000D\000e\000f\000i\000n\000i\000t\000i\000o\000n}{chapter.18}% 223
\BOOKMARK [1][-]{section.18.3}{\376\377\000R\000e\000d\000u\000c\000t\000i\000o\000n\000\040\000o\000f\000\040\000f\000a\000c\000t\000o\000r\000i\000n\000g\000\040\000t\000o\000\040\000o\000r\000d\000e\000r\000-\000f\000i\000n\000d\000i\000n\000g}{chapter.18}% 224
\BOOKMARK [1][-]{section.18.4}{\376\377\000E\000x\000a\000m\000p\000l\000e}{chapter.18}% 225
\BOOKMARK [1][-]{section.18.5}{\376\377\000S\000u\000m\000m\000a\000r\000y}{chapter.18}% 226
\BOOKMARK [0][-]{chapter.19}{\376\377\000P\000e\000r\000i\000o\000d\000-\000f\000i\000n\000d\000i\000n\000g}{part.1}% 227
\BOOKMARK [1][-]{section.19.1}{\376\377\000P\000r\000o\000b\000l\000e\000m\000\040\000D\000e\000f\000i\000n\000i\000t\000i\000o\000n}{chapter.19}% 228
\BOOKMARK [0][-]{chapter.20}{\376\377\000H\000i\000d\000d\000e\000n\000\040\000S\000u\000b\000g\000r\000o\000u\000p\000\040\000p\000r\000o\000b\000l\000e\000m}{part.1}% 229
\BOOKMARK [0][-]{chapter.21}{\376\377\000G\000r\000o\000v\000e\000r\000'\000s\000\040\000S\000e\000a\000r\000c\000h\000\040\000A\000l\000g\000o\000r\000i\000t\000h\000m}{part.1}% 230
\BOOKMARK [1][-]{section.21.1}{\376\377\000T\000h\000e\000\040\000P\000r\000o\000b\000l\000e\000m\000\040\000D\000e\000f\000i\000n\000i\000t\000i\000o\000n}{chapter.21}% 231
\BOOKMARK [1][-]{section.21.2}{\376\377\000T\000h\000e\000\040\000C\000l\000a\000s\000s\000i\000c\000a\000l\000\040\000S\000o\000l\000u\000t\000i\000o\000n}{chapter.21}% 232
\BOOKMARK [1][-]{section.21.3}{\376\377\000T\000h\000e\000\040\000Q\000u\000a\000n\000t\000u\000m\000\040\000S\000o\000l\000u\000t\000i\000o\000n\000:\000\040\000G\000r\000o\000v\000e\000r\000'\000s\000\040\000A\000l\000g\000o\000r\000i\000t\000h\000m}{chapter.21}% 233
\BOOKMARK [2][-]{subsection.21.3.1}{\376\377\000I\000d\000e\000a\000\040\000o\000f\000\040\000t\000h\000e\000\040\000A\000l\000g\000o\000r\000i\000t\000h\000m}{section.21.3}% 234
\BOOKMARK [2][-]{subsection.21.3.2}{\376\377\000A\000l\000g\000o\000r\000i\000t\000h\000m}{section.21.3}% 235
\BOOKMARK [2][-]{subsection.21.3.3}{\376\377\000E\000x\000a\000m\000p\000l\000e}{section.21.3}% 236
\BOOKMARK [1][-]{section.21.4}{\376\377\000C\000o\000m\000p\000l\000e\000x\000i\000t\000y\000\040\000A\000n\000a\000l\000y\000s\000i\000s}{chapter.21}% 237
\BOOKMARK [2][-]{subsection.21.4.1}{\376\377\000U\000n\000i\000q\000u\000e\000\040\000S\000e\000a\000r\000c\000h\000\040\000P\000r\000o\000b\000l\000e\000m}{section.21.4}% 238
\BOOKMARK [2][-]{subsection.21.4.2}{\376\377\000M\000u\000l\000t\000i\000p\000l\000e\000\040\000S\000o\000l\000u\000t\000i\000o\000n\000s}{section.21.4}% 239
\BOOKMARK [2][-]{subsection.21.4.3}{\376\377\000T\000r\000i\000v\000i\000a\000l\000\040\000C\000a\000s\000e}{section.21.4}% 240
\BOOKMARK [1][-]{section.21.5}{\376\377\000O\000p\000t\000i\000m\000a\000l\000i\000t\000y\000\040\000o\000f\000\040\000G\000r\000o\000v\000e\000r\000'\000s\000\040\000a\000l\000g\000o\000r\000i\000t\000h\000m}{chapter.21}% 241
\BOOKMARK [2][-]{subsection.21.5.1}{\376\377\000T\000h\000e\000\040\000B\000B\000B\000V\000\040\000T\000h\000e\000o\000r\000e\000m}{section.21.5}% 242
\BOOKMARK [1][-]{section.21.6}{\376\377\000C\000o\000n\000c\000l\000u\000s\000i\000o\000n}{chapter.21}% 243
\BOOKMARK [1][-]{section.21.7}{\376\377\000Q\000u\000a\000n\000t\000u\000m\000\040\000C\000o\000u\000n\000t\000i\000n\000g}{chapter.21}% 244
\BOOKMARK [1][-]{section.21.8}{\376\377\000A\000m\000p\000l\000i\000t\000u\000d\000e\000\040\000E\000s\000t\000i\000m\000a\000t\000i\000o\000n}{chapter.21}% 245
\BOOKMARK [1][-]{section.21.9}{\376\377\000A\000m\000p\000l\000i\000t\000u\000d\000e\000\040\000A\000m\000p\000l\000i\000f\000i\000c\000a\000t\000i\000o\000n}{chapter.21}% 246
\BOOKMARK [1][-]{section.21.10}{\376\377\000A\000p\000p\000l\000i\000c\000a\000t\000i\000o\000n\000s\000\040\000o\000f\000\040\000G\000r\000o\000v\000e\000r\000'\000s\000\040\000A\000l\000g\000o\000r\000i\000t\000h\000m}{chapter.21}% 247
\BOOKMARK [2][-]{subsection.21.10.1}{\376\377\000A\000p\000p\000l\000i\000c\000a\000t\000i\000o\000n\000:\000\040\000S\000a\000t\000i\000s\000f\000i\000a\000b\000i\000l\000i\000t\000y}{section.21.10}% 248
\BOOKMARK [2][-]{subsection.21.10.2}{\376\377\000S\000p\000e\000e\000d\000i\000n\000g\000\040\000u\000p\000\040\000t\000h\000e\000\040\000s\000o\000l\000u\000t\000i\000o\000n\000s\000\040\000o\000f\000\040\000N\000P\000-\000c\000o\000m\000p\000l\000e\000t\000e\000\040\000p\000r\000o\000b\000l\000e\000m\000s}{section.21.10}% 249
\BOOKMARK [2][-]{subsection.21.10.3}{\376\377\000Q\000u\000a\000n\000t\000u\000m\000\040\000S\000e\000a\000r\000c\000h\000\040\000o\000f\000\040\000a\000n\000\040\000u\000n\000s\000t\000r\000u\000c\000t\000u\000r\000e\000d\000\040\000d\000a\000t\000a\000b\000a\000s\000e}{section.21.10}% 250
\BOOKMARK [2][-]{subsection.21.10.4}{\376\377\000T\000h\000e\000\040\000C\000o\000l\000l\000i\000s\000i\000o\000n\000\040\000P\000r\000o\000b\000l\000e\000m}{section.21.10}% 251
\BOOKMARK [1][-]{section.21.11}{\376\377\000I\000m\000p\000l\000e\000m\000e\000n\000t\000a\000t\000i\000o\000n\000\040\000u\000s\000i\000n\000g\000\040\000Q\000i\000s\000k\000i\000t}{chapter.21}% 252
\BOOKMARK [2][-]{subsection.21.11.1}{\376\377\000B\000a\000c\000k\000g\000r\000o\000u\000n\000d}{section.21.11}% 253
\BOOKMARK [2][-]{subsection.21.11.2}{\376\377\000R\000e\000q\000u\000i\000r\000e\000m\000e\000n\000t\000s}{section.21.11}% 254
\BOOKMARK [2][-]{subsection.21.11.3}{\376\377\000S\000e\000t\000u\000p}{section.21.11}% 255
\BOOKMARK [-1][-]{part.2}{\376\377\000I\000I\000\040\000A\000d\000v\000a\000n\000c\000e\000d\000\040\000Q\000u\000a\000n\000t\000u\000m\000\040\000C\000o\000m\000p\000u\000t\000i\000n\000g}{}% 256
\BOOKMARK [0][-]{chapter.22}{\376\377\000H\000a\000m\000i\000l\000t\000o\000n\000i\000a\000n\000s}{part.2}% 257
\BOOKMARK [1][-]{section.22.1}{\376\377\000Q\000u\000a\000n\000t\000u\000m\000\040\000A\000l\000g\000o\000r\000i\000t\000h\000m\000s\000\040\000f\000o\000r\000\040\000N\000P\000-\000c\000o\000m\000p\000l\000e\000t\000e\000\040\000P\000r\000o\000b\000l\000e\000m\000s}{chapter.22}% 258
\BOOKMARK [1][-]{section.22.2}{\376\377\000H\000a\000m\000i\000l\000t\000o\000n\000i\000a\000n\000s}{chapter.22}% 259
\BOOKMARK [2][-]{subsection.22.2.1}{\376\377\000M\000a\000t\000r\000i\000x\000\040\000E\000x\000p\000o\000n\000e\000n\000t\000i\000a\000t\000i\000o\000n}{section.22.2}% 260
\BOOKMARK [2][-]{subsection.22.2.2}{\376\377\000E\000n\000e\000r\000g\000y}{section.22.2}% 261
\BOOKMARK [2][-]{subsection.22.2.3}{\376\377\000T\000e\000n\000s\000o\000r\000\040\000p\000r\000o\000d\000u\000c\000t\000\040\000o\000f\000\040\000H\000a\000m\000i\000l\000t\000o\000n\000i\000a\000n\000s}{section.22.2}% 262
\BOOKMARK [2][-]{subsection.22.2.4}{\376\377\000A\000d\000d\000i\000t\000i\000o\000n\000\040\000o\000f\000\040\000H\000a\000m\000i\000l\000t\000o\000n\000i\000a\000n\000s}{section.22.2}% 263
\BOOKMARK [0][-]{chapter.23}{\376\377\000T\000r\000o\000t\000t\000e\000r\000\040\000b\000a\000s\000e\000d\000\040\000H\000a\000m\000i\000l\000t\000o\000n\000i\000a\000n\000\040\000S\000i\000m\000u\000l\000a\000t\000i\000o\000n}{part.2}% 264
\BOOKMARK [1][-]{section.23.1}{\376\377\000S\000i\000m\000u\000l\000a\000t\000i\000o\000n\000\040\000o\000f\000\040\000Q\000u\000a\000n\000t\000u\000m\000\040\000S\000y\000s\000t\000e\000m\000s}{chapter.23}% 265
\BOOKMARK [2][-]{subsection.23.1.1}{\376\377\000S\000i\000m\000u\000l\000a\000t\000i\000o\000n\000\040\000i\000n\000\040\000a\000c\000t\000i\000o\000n}{section.23.1}% 266
\BOOKMARK [1][-]{section.23.2}{\376\377\000I\000n\000t\000r\000o\000d\000u\000c\000t\000i\000o\000n}{chapter.23}% 267
\BOOKMARK [1][-]{section.23.3}{\376\377\000H\000a\000m\000i\000l\000t\000o\000n\000i\000a\000n\000\040\000S\000i\000m\000u\000l\000a\000t\000i\000o\000n}{chapter.23}% 268
\BOOKMARK [2][-]{subsection.23.3.1}{\376\377\000E\000v\000o\000l\000u\000t\000i\000o\000n\000\040\000o\000f\000\040\000a\000\040\000C\000l\000o\000s\000e\000d\000\040\000Q\000u\000a\000n\000t\000u\000m\000\040\000S\000y\000s\000t\000e\000m}{section.23.3}% 269
\BOOKMARK [1][-]{section.23.4}{\376\377\000T\000h\000e\000\040\000P\000r\000o\000b\000l\000e\000m\000\040\000D\000e\000f\000i\000n\000i\000t\000i\000o\000n}{chapter.23}% 270
\BOOKMARK [1][-]{section.23.5}{\376\377\000T\000r\000o\000t\000t\000e\000r\000\040\000S\000p\000l\000i\000t\000t\000i\000n\000g}{chapter.23}% 271
\BOOKMARK [1][-]{section.23.6}{\376\377\000E\000v\000o\000l\000u\000t\000i\000o\000n\000\040\000o\000f\000\040\000H\000a\000m\000i\000l\000t\000o\000n\000i\000a\000n\000\040\000f\000o\000r\000m\000e\000d\000\040\000b\000y\000\040\000P\000a\000u\000l\000i\000\040\000O\000p\000e\000r\000a\000t\000o\000r\000s\000:\000\040\000Q\000u\000a\000n\000t\000u\000m\000\040\000c\000i\000r\000c\000u\000i\000t\000s\000\040\000a\000n\000d\000\040\000e\000x\000a\000c\000t\000\040\000s\000i\000m\000u\000l\000a\000t\000i\000o\000n}{chapter.23}% 272
\BOOKMARK [2][-]{subsection.23.6.1}{\376\377\000O\000n\000e\000-\000q\000u\000b\000i\000t\000\040\000H\000a\000m\000i\000l\000t\000o\000n\000i\000a\000n\000s}{section.23.6}% 273
\BOOKMARK [2][-]{subsection.23.6.2}{\376\377\000T\000w\000o\000-\000q\000u\000b\000i\000t\000\040\000H\000a\000m\000i\000l\000t\000o\000n\000i\000a\000n\000s}{section.23.6}% 274
\BOOKMARK [1][-]{section.23.7}{\376\377\000H\000o\000w\000\040\000t\000o\000\040\000s\000i\000m\000u\000l\000a\000t\000e\000\040\000a\000n\000y\000\040\000H\000a\000m\000i\000l\000t\000o\000n\000i\000a\000n}{chapter.23}% 275
\BOOKMARK [1][-]{section.23.8}{\376\377\000E\000x\000a\000m\000p\000l\000e}{chapter.23}% 276
\BOOKMARK [1][-]{section.23.9}{\376\377\000C\000o\000m\000m\000u\000t\000a\000t\000o\000r\000\040\000t\000y\000p\000e\000\040\000e\000r\000r\000o\000r\000\040\000b\000o\000u\000n\000d}{chapter.23}% 277
\BOOKMARK [0][-]{chapter.24}{\376\377\000T\000h\000e\000\040\000A\000d\000i\000a\000b\000a\000t\000i\000c\000\040\000A\000l\000g\000o\000r\000i\000t\000h\000m}{part.2}% 278
\BOOKMARK [1][-]{section.24.1}{\376\377\000T\000h\000e\000\040\000L\000o\000c\000a\000l\000\040\000H\000a\000m\000i\000l\000t\000o\000n\000i\000a\000n\000s}{chapter.24}% 279
\BOOKMARK [0][-]{chapter.25}{\376\377\000T\000h\000e\000\040\000H\000H\000L\000\040\000A\000l\000g\000o\000r\000i\000t\000h\000m}{part.2}% 280
\BOOKMARK [1][-]{section.25.1}{\376\377\000I\000n\000t\000r\000o\000d\000u\000c\000t\000i\000o\000n}{chapter.25}% 281
\BOOKMARK [1][-]{section.25.2}{\376\377\000T\000h\000e\000\040\000L\000i\000n\000e\000a\000r\000-\000S\000y\000s\000t\000e\000m\000\040\000P\000r\000o\000b\000l\000e\000m\000\040\000\050\000L\000S\000P\000\051}{chapter.25}% 282
\BOOKMARK [1][-]{section.25.3}{\376\377\000T\000h\000e\000\040\000H\000H\000L\000\040\000A\000l\000g\000o\000r\000i\000t\000h\000m}{chapter.25}% 283
\BOOKMARK [2][-]{subsection.25.3.1}{\376\377\000S\000o\000m\000e\000\040\000M\000a\000t\000h\000e\000m\000a\000t\000i\000c\000a\000l\000\040\000P\000r\000e\000l\000i\000m\000i\000n\000a\000r\000i\000e\000s}{section.25.3}% 284
\BOOKMARK [2][-]{subsection.25.3.2}{\376\377\000A\000l\000g\000o\000r\000i\000t\000h\000m}{section.25.3}% 285
\BOOKMARK [2][-]{subsection.25.3.3}{\376\377\000E\000x\000a\000m\000p\000l\000e}{section.25.3}% 286
\BOOKMARK [1][-]{section.25.4}{\376\377\000C\000o\000m\000p\000l\000e\000x\000i\000t\000y\000\040\000A\000n\000a\000l\000y\000s\000i\000s}{chapter.25}% 287
\BOOKMARK [1][-]{section.25.5}{\376\377\000I\000m\000p\000r\000o\000v\000e\000m\000e\000n\000t\000s\000\040\000i\000n\000\040\000H\000H\000L\000\040\000a\000l\000g\000o\000r\000i\000t\000h\000m}{chapter.25}% 288
\BOOKMARK [1][-]{section.25.6}{\376\377\000I\000m\000p\000l\000e\000m\000e\000n\000t\000a\000t\000i\000o\000n\000\040\000u\000s\000i\000n\000g\000\040\000Q\000i\000s\000k\000i\000t}{chapter.25}% 289
\BOOKMARK [1][-]{section.25.7}{\376\377\000A\000p\000p\000l\000i\000c\000a\000t\000i\000o\000n\000s}{chapter.25}% 290
\BOOKMARK [2][-]{subsection.25.7.1}{\376\377\000P\000o\000i\000s\000s\000o\000n\000'\000s\000\040\000p\000r\000o\000b\000l\000e\000m}{section.25.7}% 291
\BOOKMARK [2][-]{subsection.25.7.2}{\376\377\000S\000o\000l\000v\000e\000\040\000L\000i\000n\000e\000a\000r\000\040\000D\000i\000f\000f\000e\000r\000e\000n\000t\000i\000a\000l\000\040\000E\000q\000u\000a\000t\000i\000o\000n\000s}{section.25.7}% 292
\BOOKMARK [2][-]{subsection.25.7.3}{\376\377\000C\000o\000m\000p\000u\000t\000i\000n\000g\000\040\000o\000b\000s\000e\000r\000v\000a\000b\000l\000e\000s}{section.25.7}% 293
\BOOKMARK [0][-]{chapter.26}{\376\377\000Q\000u\000a\000n\000t\000u\000m\000\040\000W\000a\000l\000k\000\040\000A\000l\000g\000o\000r\000i\000t\000h\000m\000s}{part.2}% 294
\BOOKMARK [1][-]{section.26.1}{\376\377\000R\000a\000n\000d\000o\000m\000\040\000W\000a\000l\000k}{chapter.26}% 295
\BOOKMARK [2][-]{subsection.26.1.1}{\376\377\000S\000e\000t\000u\000p}{section.26.1}% 296
\BOOKMARK [2][-]{subsection.26.1.2}{\376\377\000P\000r\000o\000c\000e\000s\000s}{section.26.1}% 297
\BOOKMARK [1][-]{section.26.2}{\376\377\000M\000a\000r\000k\000o\000v\000\040\000C\000h\000a\000i\000n}{chapter.26}% 298
\BOOKMARK [2][-]{subsection.26.2.1}{\376\377\000T\000r\000a\000n\000s\000i\000t\000i\000o\000n\000\040\000M\000a\000t\000r\000i\000x}{section.26.2}% 299
\BOOKMARK [2][-]{subsection.26.2.2}{\376\377\000S\000t\000a\000t\000i\000o\000n\000a\000r\000y\000\040\000d\000i\000s\000t\000r\000i\000b\000u\000t\000i\000o\000n}{section.26.2}% 300
\BOOKMARK [1][-]{section.26.3}{\376\377\000C\000o\000n\000v\000e\000r\000g\000e\000n\000c\000e\000\040\000A\000n\000a\000l\000y\000s\000i\000s}{chapter.26}% 301
\BOOKMARK [2][-]{subsection.26.3.1}{\376\377\000S\000p\000e\000c\000t\000r\000u\000m\000\040\000o\000f\000\040\000T}{section.26.3}% 302
\BOOKMARK [2][-]{subsection.26.3.2}{\376\377\000C\000o\000n\000v\000e\000r\000g\000e\000n\000c\000e\000\040\000A\000n\000a\000l\000y\000s\000i\000s\000\040\000f\000o\000r\000\040\000S\000y\000m\000m\000e\000t\000r\000i\000c\000\040\000T}{section.26.3}% 303
\BOOKMARK [1][-]{section.26.4}{\376\377\000C\000l\000a\000s\000s\000i\000c\000a\000l\000\040\000R\000a\000n\000d\000o\000m\000\040\000W\000a\000l\000k\000s}{chapter.26}% 304
\BOOKMARK [1][-]{section.26.5}{\376\377\000A\000p\000p\000l\000i\000c\000a\000t\000i\000o\000n\000s\000\040\000o\000f\000\040\000R\000a\000n\000d\000o\000m\000\040\000W\000a\000l\000k\000s}{chapter.26}% 305
\BOOKMARK [2][-]{subsection.26.5.1}{\376\377\000S\000a\000m\000p\000l\000i\000n\000g}{section.26.5}% 306
\BOOKMARK [2][-]{subsection.26.5.2}{\376\377\000S\000e\000a\000r\000c\000h}{section.26.5}% 307
\BOOKMARK [1][-]{section.26.6}{\376\377\000I\000n\000t\000r\000o\000d\000u\000c\000t\000i\000o\000n\000\040\000t\000o\000\040\000Q\000u\000a\000n\000t\000u\000m\000\040\000W\000a\000l\000k\000s}{chapter.26}% 308
\BOOKMARK [2][-]{subsection.26.6.1}{\376\377\000B\000l\000o\000c\000k\000\040\000e\000n\000c\000o\000d\000i\000n\000g\000\040\000o\000f\000\040\000t\000h\000e\000\040\000d\000i\000s\000c\000r\000i\000m\000i\000n\000a\000n\000t\000\040\000m\000a\000t\000r\000i\000x}{section.26.6}% 309
\BOOKMARK [1][-]{section.26.7}{\376\377\000Q\000u\000a\000n\000t\000u\000m\000\040\000W\000a\000l\000k}{chapter.26}% 310
\BOOKMARK [2][-]{subsection.26.7.1}{\376\377\000D\000i\000s\000c\000r\000e\000t\000e\000-\000t\000i\000m\000e\000\040\000Q\000u\000a\000n\000t\000u\000m\000\040\000W\000a\000l\000k}{section.26.7}% 311
\BOOKMARK [1][-]{section.26.8}{\376\377\000C\000h\000o\000i\000c\000e\000s\000\040\000f\000o\000r\000\040\000c\000o\000i\000n\000\040\000f\000l\000i\000p}{chapter.26}% 312
\BOOKMARK [2][-]{subsection.26.8.1}{\376\377\000S\000z\000e\000g\000e\000d\000y\000'\000s\000\040\000q\000u\000a\000n\000t\000u\000m\000\040\000w\000a\000l\000k}{section.26.8}% 313
\BOOKMARK [2][-]{subsection.26.8.2}{\376\377\000C\000o\000m\000p\000a\000r\000i\000s\000o\000n\000\040\000w\000i\000t\000h\000\040\000t\000h\000e\000\040\000o\000r\000i\000g\000i\000n\000a\000l\000\040\000v\000e\000r\000s\000i\000o\000n\000\040\000o\000f\000\040\000S\000z\000e\000g\000e\000d\000y\000'\000s\000\040\000q\000u\000a\000n\000t\000u\000m\000\040\000w\000a\000l\000k}{section.26.8}% 314
\BOOKMARK [1][-]{section.26.9}{\376\377\000Q\000u\000a\000n\000t\000u\000m\000\040\000w\000a\000l\000k\000s}{chapter.26}% 315
\BOOKMARK [2][-]{subsection.26.9.1}{\376\377\000C\000o\000n\000t\000i\000n\000u\000o\000u\000s\000-\000t\000i\000m\000e\000\040\000q\000u\000a\000n\000t\000u\000m\000\040\000w\000a\000l\000k}{section.26.9}% 316
\BOOKMARK [0][-]{chapter.27}{\376\377\000V\000a\000r\000i\000a\000t\000i\000o\000n\000a\000l\000\040\000A\000l\000g\000o\000r\000i\000t\000h\000m\000s}{part.2}% 317
\BOOKMARK [1][-]{section.27.1}{\376\377\000V\000a\000r\000i\000a\000t\000i\000o\000n\000a\000l\000\040\000T\000h\000e\000o\000r\000e\000m}{chapter.27}% 318
\BOOKMARK [2][-]{subsection.27.1.1}{\376\377\000M\000a\000t\000h\000e\000m\000a\000t\000i\000c\000a\000l\000\040\000i\000n\000t\000u\000i\000t\000i\000o\000n\000\040\000f\000o\000r\000\040\000e\000n\000e\000r\000g\000y\000\040\000a\000n\000d\000\040\000g\000r\000o\000u\000n\000d\000\040\000s\000t\000a\000t\000e}{section.27.1}% 319
\BOOKMARK [2][-]{subsection.27.1.2}{\376\377\000V\000a\000r\000i\000a\000t\000i\000o\000n\000a\000l\000\040\000t\000h\000e\000o\000r\000e\000m\000\040\000o\000f\000\040\000Q\000u\000a\000n\000t\000u\000m\000\040\000M\000e\000c\000h\000a\000n\000i\000c\000s}{section.27.1}% 320
\BOOKMARK [1][-]{section.27.2}{\376\377\000R\000e\000f\000e\000r\000e\000n\000c\000e\000\040\000S\000t\000a\000t\000e\000s}{chapter.27}% 321
\BOOKMARK [2][-]{subsection.27.2.1}{\376\377\000D\000e\000f\000a\000u\000l\000t\000\040\000S\000t\000a\000t\000e}{section.27.2}% 322
\BOOKMARK [2][-]{subsection.27.2.2}{\376\377\000C\000l\000a\000s\000s\000i\000c\000a\000l\000\040\000R\000e\000f\000e\000r\000e\000n\000c\000e\000\040\000s\000t\000a\000t\000e}{section.27.2}% 323
\BOOKMARK [2][-]{subsection.27.2.3}{\376\377\000Q\000u\000a\000n\000t\000u\000m\000\040\000R\000e\000f\000e\000r\000e\000n\000c\000e\000\040\000S\000t\000a\000t\000e}{section.27.2}% 324
\BOOKMARK [2][-]{subsection.27.2.4}{\376\377\000C\000o\000n\000s\000t\000r\000u\000c\000t\000i\000n\000g\000\040\000R\000e\000f\000e\000r\000e\000n\000c\000e\000\040\000S\000t\000a\000t\000e\000s\000\040\000u\000s\000i\000n\000g\000\040\000t\000e\000m\000p\000l\000a\000t\000e\000\040\000c\000i\000r\000c\000u\000i\000t\000s}{section.27.2}% 325
\BOOKMARK [2][-]{subsection.27.2.5}{\376\377\000A\000p\000p\000l\000i\000c\000a\000t\000i\000o\000n\000\040\000S\000p\000e\000c\000i\000f\000i\000c\000\040\000R\000e\000f\000e\000r\000e\000n\000c\000e\000\040\000S\000t\000a\000t\000e\000s}{section.27.2}% 326
\BOOKMARK [1][-]{section.27.3}{\376\377\000A\000n\000s\000a\000t\000z\000e\000\040\000a\000n\000d\000\040\000V\000a\000r\000i\000a\000t\000i\000o\000n\000a\000l\000\040\000F\000o\000r\000m\000s}{chapter.27}% 327
\BOOKMARK [2][-]{subsection.27.3.1}{\376\377\000P\000a\000r\000a\000m\000e\000t\000e\000r\000i\000z\000e\000d\000\040\000Q\000u\000a\000n\000t\000u\000m\000\040\000C\000i\000r\000c\000u\000i\000t\000s}{section.27.3}% 328
\BOOKMARK [2][-]{subsection.27.3.2}{\376\377\000V\000a\000r\000i\000a\000t\000i\000o\000n\000a\000l\000\040\000F\000o\000r\000m\000\040\000a\000n\000d\000\040\000A\000n\000s\000a\000t\000z}{section.27.3}% 329
\BOOKMARK [2][-]{subsection.27.3.3}{\376\377\000P\000r\000o\000b\000l\000e\000m\000-\000s\000p\000e\000c\000i\000f\000i\000c\000\040\000a\000n\000s\000a\000t\000z\000e}{section.27.3}% 330
\BOOKMARK [1][-]{section.27.4}{\376\377\000C\000o\000s\000t\000\040\000F\000u\000n\000c\000t\000i\000o\000n\000s}{chapter.27}% 331
\BOOKMARK [2][-]{subsection.27.4.1}{\376\377\000P\000r\000i\000m\000i\000t\000i\000v\000e}{section.27.4}% 332
\BOOKMARK [2][-]{subsection.27.4.2}{\376\377\000C\000o\000s\000t\000\040\000f\000u\000n\000c\000t\000i\000o\000n\000s}{section.27.4}% 333
\BOOKMARK [2][-]{subsection.27.4.3}{\376\377\000S\000u\000m\000m\000a\000r\000y}{section.27.4}% 334
\BOOKMARK [1][-]{section.27.5}{\376\377\000O\000p\000t\000i\000m\000i\000z\000a\000t\000i\000o\000n\000\040\000L\000o\000o\000p\000s}{chapter.27}% 335
\BOOKMARK [2][-]{subsection.27.5.1}{\376\377\000L\000o\000c\000a\000l\000\040\000a\000n\000d\000\040\000G\000l\000o\000b\000a\000l\000\040\000O\000p\000t\000i\000m\000i\000z\000e\000r\000s}{section.27.5}% 336
\BOOKMARK [2][-]{subsection.27.5.2}{\376\377\000G\000r\000a\000d\000i\000e\000n\000t\000-\000B\000a\000s\000e\000d\000\040\000a\000n\000d\000\040\000G\000r\000a\000d\000i\000e\000n\000t\000-\000F\000r\000e\000e\000\040\000O\000p\000t\000i\000m\000i\000z\000e\000r\000s}{section.27.5}% 337
\BOOKMARK [2][-]{subsection.27.5.3}{\376\377\000B\000a\000r\000r\000e\000n\000\040\000P\000l\000a\000t\000e\000a\000u\000s}{section.27.5}% 338
\BOOKMARK [2][-]{subsection.27.5.4}{\376\377\000S\000u\000m\000m\000a\000r\000y}{section.27.5}% 339
\BOOKMARK [1][-]{section.27.6}{\376\377\000I\000n\000s\000t\000a\000n\000c\000e\000s\000\040\000a\000n\000d\000\040\000E\000x\000t\000e\000n\000s\000i\000o\000n\000s}{chapter.27}% 340
\BOOKMARK [2][-]{subsection.27.6.1}{\376\377\000V\000a\000r\000i\000a\000t\000i\000o\000n\000a\000l\000\040\000Q\000u\000a\000n\000t\000u\000m\000\040\000e\000i\000g\000e\000n\000s\000o\000l\000v\000e\000r\000\040\000\050\000V\000Q\000E\000\051}{section.27.6}% 341
\BOOKMARK [2][-]{subsection.27.6.2}{\376\377\000S\000u\000b\000s\000p\000a\000c\000e\000\040\000S\000e\000a\000r\000c\000h\000\040\000V\000Q\000E\000\040\000\050\000S\000S\000V\000Q\000E\000\051}{section.27.6}% 342
\BOOKMARK [2][-]{subsection.27.6.3}{\376\377\000V\000a\000r\000i\000a\000t\000i\000o\000n\000a\000l\000\040\000Q\000u\000a\000n\000t\000u\000m\000\040\000D\000e\000f\000l\000a\000t\000i\000o\000n}{section.27.6}% 343
\BOOKMARK [2][-]{subsection.27.6.4}{\376\377\000Q\000u\000a\000n\000t\000u\000m\000\040\000S\000a\000m\000p\000l\000e\000\040\000R\000e\000g\000r\000e\000s\000s\000i\000o\000n\000\040\000\050\000Q\000S\000R\000\051}{section.27.6}% 344
\BOOKMARK [2][-]{subsection.27.6.5}{\376\377\000S\000u\000m\000m\000a\000r\000y}{section.27.6}% 345
\BOOKMARK [1][-]{section.27.7}{\376\377\000V\000a\000r\000i\000a\000t\000i\000o\000n\000a\000l\000\040\000Q\000u\000a\000n\000t\000u\000m\000\040\000E\000i\000g\000e\000n\000l\000s\000o\000l\000v\000e\000r}{chapter.27}% 346
\BOOKMARK [2][-]{subsection.27.7.1}{\376\377\000B\000a\000c\000k\000g\000r\000o\000u\000n\000d}{section.27.7}% 347
\BOOKMARK [2][-]{subsection.27.7.2}{\376\377\000R\000e\000q\000u\000i\000r\000e\000m\000e\000n\000t\000s}{section.27.7}% 348
\BOOKMARK [2][-]{subsection.27.7.3}{\376\377\000S\000e\000t\000u\000p}{section.27.7}% 349
\BOOKMARK [0][-]{appendix.A}{\376\377\000L\000i\000n\000e\000a\000r\000\040\000A\000l\000g\000e\000b\000r\000a\000\040\000a\000n\000d\000\040\000C\000a\000l\000c\000u\000l\000u\000s\000\040\000P\000r\000e\000r\000e\000q\000u\000i\000s\000i\000t\000e\000s}{part.2}% 350
\BOOKMARK [1][-]{section.A.1}{\376\377\000L\000i\000n\000e\000a\000r\000\040\000A\000l\000g\000e\000b\000r\000a}{appendix.A}% 351
\BOOKMARK [2][-]{subsection.A.1.1}{\376\377\000M\000a\000t\000h\000e\000m\000a\000t\000i\000c\000a\000l\000\040\000N\000o\000t\000a\000t\000i\000o\000n}{section.A.1}% 352
\BOOKMARK [2][-]{subsection.A.1.2}{\376\377\000B\000a\000s\000i\000c\000s\000\040\000o\000f\000\040\000L\000i\000n\000e\000a\000r\000\040\000A\000l\000g\000e\000b\000r\000a}{section.A.1}% 353
\BOOKMARK [2][-]{subsection.A.1.3}{\376\377\000I\000n\000n\000e\000r\000\040\000P\000r\000o\000d\000u\000c\000t}{section.A.1}% 354
\BOOKMARK [2][-]{subsection.A.1.4}{\376\377\000G\000r\000a\000m\000-\000S\000c\000h\000m\000i\000d\000t\000\040\000O\000r\000t\000h\000o\000g\000o\000n\000a\000l\000i\000z\000a\000t\000i\000o\000n}{section.A.1}% 355
\BOOKMARK [2][-]{subsection.A.1.5}{\376\377\000C\000a\000u\000c\000h\000y\000-\000S\000c\000h\000w\000a\000r\000z\000\040\000a\000n\000d\000\040\000T\000r\000a\000i\000n\000g\000l\000e\000\040\000I\000n\000e\000q\000u\000a\000l\000i\000t\000i\000e\000s}{section.A.1}% 356
\BOOKMARK [2][-]{subsection.A.1.6}{\376\377\000L\000i\000n\000e\000a\000r\000\040\000O\000p\000e\000r\000a\000t\000o\000r\000s\000\040\000a\000n\000d\000\040\000M\000a\000t\000r\000i\000x\000\040\000R\000e\000p\000r\000e\000s\000e\000n\000t\000a\000t\000i\000o\000n}{section.A.1}% 357
\BOOKMARK [2][-]{subsection.A.1.7}{\376\377\000H\000e\000r\000m\000i\000t\000i\000a\000n\000\040\000a\000n\000d\000\040\000U\000n\000i\000t\000a\000r\000y\000\040\000O\000p\000e\000r\000a\000t\000o\000r\000s}{section.A.1}% 358
\BOOKMARK [2][-]{subsection.A.1.8}{\376\377\000P\000o\000s\000i\000t\000i\000v\000e\000\040\000O\000p\000e\000r\000a\000t\000o\000r\000s}{section.A.1}% 359
\BOOKMARK [2][-]{subsection.A.1.9}{\376\377\000E\000i\000g\000e\000n\000\040\000V\000a\000l\000u\000e\000\040\000P\000r\000o\000b\000l\000e\000m\000s}{section.A.1}% 360
\BOOKMARK [2][-]{subsection.A.1.10}{\376\377\000S\000p\000e\000c\000t\000r\000a\000l\000\040\000D\000e\000c\000o\000m\000p\000o\000s\000i\000t\000i\000o\000n}{section.A.1}% 361
\BOOKMARK [2][-]{subsection.A.1.11}{\376\377\000C\000o\000m\000m\000u\000t\000a\000t\000o\000r\000\040\000a\000n\000d\000\040\000A\000n\000t\000i\000-\000C\000o\000m\000m\000u\000t\000a\000t\000o\000r}{section.A.1}% 362
\BOOKMARK [2][-]{subsection.A.1.12}{\376\377\000S\000i\000m\000u\000l\000t\000a\000n\000e\000o\000u\000s\000\040\000D\000i\000a\000g\000o\000n\000a\000l\000i\000z\000a\000t\000i\000o\000n\000\040\000o\000f\000\040\000t\000w\000o\000\040\000H\000e\000r\000m\000i\000t\000i\000a\000n\000\040\000O\000p\000e\000r\000a\000t\000o\000r\000s}{section.A.1}% 363
\BOOKMARK [2][-]{subsection.A.1.13}{\376\377\000O\000p\000e\000r\000a\000t\000o\000r\000\040\000F\000u\000n\000c\000t\000i\000o\000n\000s}{section.A.1}% 364
\BOOKMARK [2][-]{subsection.A.1.14}{\376\377\000T\000r\000a\000c\000e\000\040\000o\000f\000\040\000a\000\040\000M\000a\000t\000r\000i\000x}{section.A.1}% 365
\BOOKMARK [2][-]{subsection.A.1.15}{\376\377\000N\000o\000r\000m\000s}{section.A.1}% 366
\BOOKMARK [2][-]{subsection.A.1.16}{\376\377\000I\000n\000d\000u\000c\000e\000\040\000M\000a\000t\000r\000i\000x\000\040\000N\000o\000r\000m}{section.A.1}% 367
\BOOKMARK [2][-]{subsection.A.1.17}{\376\377\000C\000o\000n\000d\000i\000t\000i\000o\000n\000i\000n\000g\000\040\000a\000n\000d\000\040\000C\000o\000n\000d\000i\000t\000i\000o\000n\000\040\000N\000u\000m\000b\000e\000r}{section.A.1}% 368
\BOOKMARK [1][-]{section.A.2}{\376\377\000T\000e\000n\000s\000o\000r\000\040\000P\000r\000o\000d\000u\000c\000t\000s}{appendix.A}% 369
\BOOKMARK [1][-]{section.A.3}{\376\377\000C\000o\000m\000p\000l\000e\000x\000\040\000N\000u\000m\000b\000e\000r\000s}{appendix.A}% 370
\BOOKMARK [2][-]{subsection.A.3.1}{\376\377\000C\000o\000m\000p\000l\000e\000x\000\040\000P\000l\000a\000n\000e}{section.A.3}% 371
\BOOKMARK [2][-]{subsection.A.3.2}{\376\377\000A\000d\000d\000i\000t\000i\000o\000n\000\040\000o\000f\000\040\000C\000o\000m\000p\000l\000e\000x\000\040\000N\000u\000m\000b\000e\000r\000s}{section.A.3}% 372
\BOOKMARK [2][-]{subsection.A.3.3}{\376\377\000M\000u\000l\000t\000i\000p\000l\000i\000c\000a\000t\000i\000o\000n\000\040\000o\000f\000\040\000C\000o\000m\000p\000l\000e\000x\000\040\000N\000u\000m\000b\000e\000r\000s}{section.A.3}% 373
\BOOKMARK [2][-]{subsection.A.3.4}{\376\377\000C\000o\000m\000p\000l\000e\000x\000\040\000C\000o\000n\000j\000u\000g\000a\000t\000e}{section.A.3}% 374
\BOOKMARK [2][-]{subsection.A.3.5}{\376\377\000M\000o\000d\000u\000l\000u\000s\000\040\000o\000f\000\040\000a\000\040\000C\000o\000m\000p\000l\000e\000x\000\040\000N\000u\000m\000b\000e\000r}{section.A.3}% 375
\BOOKMARK [2][-]{subsection.A.3.6}{\376\377\000P\000o\000l\000a\000r\000\040\000f\000o\000r\000m}{section.A.3}% 376
\BOOKMARK [2][-]{subsection.A.3.7}{\376\377\000E\000u\000l\000e\000r\000'\000s\000\040\000F\000o\000r\000m\000u\000l\000a}{section.A.3}% 377
\BOOKMARK [1][-]{section.A.4}{\376\377\000P\000r\000o\000b\000a\000b\000i\000l\000i\000t\000y\000\040\000T\000h\000e\000o\000r\000y}{appendix.A}% 378
\BOOKMARK [1][-]{section.A.5}{\376\377\000C\000a\000l\000c\000u\000l\000u\000s}{appendix.A}% 379
\BOOKMARK [1][-]{section.A.6}{\376\377\000G\000r\000o\000u\000p\000\040\000T\000h\000e\000o\000r\000y}{appendix.A}% 380
\BOOKMARK [2][-]{subsection.A.6.1}{\376\377\000B\000a\000s\000i\000c\000\040\000D\000e\000f\000i\000n\000i\000t\000i\000o\000n\000s}{section.A.6}% 381
\BOOKMARK [2][-]{subsection.A.6.2}{\376\377\000G\000e\000n\000e\000r\000a\000t\000o\000r\000s}{section.A.6}% 382
\BOOKMARK [1][-]{section.A.7}{\376\377\000N\000u\000m\000b\000e\000r\000\040\000T\000h\000e\000o\000r\000y}{appendix.A}% 383
\BOOKMARK [2][-]{subsection.A.7.1}{\376\377\000F\000u\000n\000d\000a\000m\000e\000n\000t\000a\000l\000s}{section.A.7}% 384
\BOOKMARK [2][-]{subsection.A.7.2}{\376\377\000M\000o\000d\000u\000l\000a\000r\000\040\000A\000r\000i\000t\000h\000m\000e\000t\000i\000c\000\040\000a\000n\000d\000\040\000E\000u\000c\000l\000i\000d\000'\000s\000\040\000A\000l\000g\000o\000r\000i\000t\000h\000m}{section.A.7}% 385
\BOOKMARK [2][-]{subsection.A.7.3}{\376\377\000A\000d\000v\000a\000n\000c\000e\000d\000\040\000P\000r\000o\000p\000e\000r\000t\000i\000e\000s\000:}{section.A.7}% 386
\BOOKMARK [1][-]{section.A.8}{\376\377\000R\000e\000d\000u\000c\000t\000i\000o\000n\000\040\000o\000f\000\040\000f\000a\000c\000t\000o\000r\000i\000n\000g\000\040\000t\000o\000\040\000o\000r\000d\000e\000r\000-\000f\000i\000n\000d\000i\000n\000g}{appendix.A}% 387
\BOOKMARK [1][-]{section.A.9}{\376\377\000C\000o\000n\000t\000i\000n\000u\000e\000d\000\040\000f\000r\000a\000c\000t\000i\000o\000n\000s}{appendix.A}% 388
\BOOKMARK [0][-]{appendix.B}{\376\377\000C\000l\000a\000s\000s\000i\000c\000a\000l\000\040\000C\000o\000m\000p\000u\000t\000a\000t\000i\000o\000n\000s}{part.2}% 389
\BOOKMARK [1][-]{section.B.1}{\376\377\000C\000l\000a\000s\000s\000i\000c\000a\000l\000\040\000L\000o\000g\000i\000c\000\040\000G\000a\000t\000e\000s}{appendix.B}% 390
\BOOKMARK [2][-]{subsection.B.1.1}{\376\377\000N\000O\000T\000\040\000G\000a\000t\000e}{section.B.1}% 391
\BOOKMARK [2][-]{subsection.B.1.2}{\376\377\000A\000N\000D\000\040\000G\000a\000t\000e}{section.B.1}% 392
\BOOKMARK [2][-]{subsection.B.1.3}{\376\377\000O\000R\000\040\000G\000a\000t\000e}{section.B.1}% 393
\BOOKMARK [2][-]{subsection.B.1.4}{\376\377\000N\000A\000N\000D\000\040\000G\000a\000t\000e}{section.B.1}% 394
\BOOKMARK [2][-]{subsection.B.1.5}{\376\377\000N\000O\000R\000\040\000G\000a\000t\000e}{section.B.1}% 395
\BOOKMARK [2][-]{subsection.B.1.6}{\376\377\000X\000O\000R\000\040\000G\000a\000t\000e}{section.B.1}% 396
\BOOKMARK [2][-]{subsection.B.1.7}{\376\377\000F\000A\000N\000O\000U\000T\000\040\000G\000a\000t\000e}{section.B.1}% 397
\BOOKMARK [2][-]{subsection.B.1.8}{\376\377\000C\000R\000O\000S\000S\000O\000V\000E\000R\000\040\000G\000a\000t\000e}{section.B.1}% 398
\BOOKMARK [1][-]{section.B.2}{\376\377\000C\000l\000a\000s\000s\000i\000c\000a\000l\000\040\000C\000i\000r\000c\000u\000i\000t\000s}{appendix.B}% 399
\BOOKMARK [1][-]{section.B.3}{\376\377\000C\000l\000a\000s\000s\000i\000c\000a\000l\000\040\000A\000l\000g\000o\000r\000i\000t\000h\000m\000s\000\040\000a\000s\000\040\000l\000o\000g\000i\000c\000\040\000c\000i\000r\000c\000u\000i\000t\000s}{appendix.B}% 400
\BOOKMARK [2][-]{subsection.B.3.1}{\376\377\000M\000u\000l\000t\000i\000p\000l\000i\000c\000a\000t\000i\000o\000n\000\040\000p\000r\000o\000b\000l\000e\000m\000\040\000a\000n\000d\000\040\000f\000a\000c\000t\000o\000r\000i\000n\000g\000\040\000p\000r\000o\000b\000l\000e\000m}{section.B.3}% 401
\BOOKMARK [1][-]{section.B.4}{\376\377\000C\000l\000a\000s\000s\000i\000c\000a\000l\000\040\000C\000i\000r\000c\000u\000i\000t\000s}{appendix.B}% 402
\BOOKMARK [0][-]{appendix.C}{\376\377\000Q\000i\000s\000k\000i\000t}{part.2}% 403
\BOOKMARK [1][-]{section.C.1}{\376\377\000I\000n\000t\000r\000o\000d\000u\000c\000t\000i\000o\000n\000\040\000t\000o\000\040\000Q\000i\000s\000k\000i\000t}{appendix.C}% 404
\BOOKMARK [2][-]{subsection.C.1.1}{\376\377\000T\000h\000e\000\040\000Q\000i\000s\000k\000i\000t\000\040\000S\000D\000K}{section.C.1}% 405
\BOOKMARK [2][-]{subsection.C.1.2}{\376\377\000Q\000i\000s\000k\000i\000t\000\040\000R\000u\000n\000t\000i\000m\000e}{section.C.1}% 406
\BOOKMARK [2][-]{subsection.C.1.3}{\376\377\000Q\000i\000s\000k\000i\000t\000\040\000S\000e\000r\000v\000e\000r\000l\000e\000s\000s}{section.C.1}% 407
\BOOKMARK [2][-]{subsection.C.1.4}{\376\377\000Q\000i\000s\000k\000i\000t\000\040\000T\000r\000a\000n\000s\000p\000i\000l\000e\000r\000\040\000a\000s\000\040\000a\000\040\000S\000e\000r\000v\000i\000c\000e}{section.C.1}% 408
\BOOKMARK [2][-]{subsection.C.1.5}{\376\377\000T\000h\000e\000\040\000Q\000i\000s\000k\000i\000t\000\040\000e\000c\000o\000s\000y\000s\000t\000e\000m}{section.C.1}% 409
\BOOKMARK [1][-]{section.C.2}{\376\377\000I\000n\000s\000t\000a\000l\000l\000\040\000Q\000i\000s\000k\000i\000t}{appendix.C}% 410
\BOOKMARK [1][-]{section.C.3}{\376\377\000A\000n\000a\000t\000o\000m\000y\000\040\000o\000f\000\040\000a\000\040\000Q\000u\000a\000n\000t\000u\000m\000\040\000C\000o\000m\000p\000u\000t\000i\000n\000g\000\040\000S\000e\000r\000v\000i\000c\000e}{appendix.C}% 411
\BOOKMARK [2][-]{subsection.C.3.1}{\376\377\000G\000e\000t\000t\000i\000n\000g\000\040\000s\000e\000t\000\040\000u\000p\000\040\000w\000i\000t\000h\000\040\000Q\000i\000s\000k\000i\000t}{section.C.3}% 412
\BOOKMARK [2][-]{subsection.C.3.2}{\376\377\000Q\000i\000s\000k\000i\000t\000\040\000P\000a\000t\000t\000e\000r\000n\000s}{section.C.3}% 413
\BOOKMARK [1][-]{section.C.4}{\376\377\000Q\000i\000s\000k\000i\000t\000\040\0001\0000\0001}{appendix.C}% 414
\BOOKMARK [2][-]{subsection.C.4.1}{\376\377\000Q\000i\000s\000k\000i\000t\000\040\0001\0000\0001\000\040\000t\000r\000a\000n\000i\000n\000g\000\040\000s\000e\000s\000s\000i\000o\000n}{section.C.4}% 415
\BOOKMARK [1][-]{section.C.5}{\376\377\000E\000x\000p\000l\000o\000r\000e\000\040\000g\000a\000t\000e\000s\000\040\000a\000n\000d\000\040\000c\000i\000r\000c\000u\000i\000t\000s\000\040\000w\000i\000t\000h\000\040\000I\000B\000M\000\040\000Q\000u\000a\000n\000t\000u\000m\000\040\000C\000o\000m\000p\000o\000s\000e\000r}{appendix.C}% 416
\BOOKMARK [0][-]{appendix*.321}{\376\377\000B\000i\000b\000l\000i\000o\000g\000r\000a\000p\000h\000y}{part.2}% 417
