\BOOKMARK [0][-]{Doc-Start}{\376\377\000A\000c\000k\000n\000o\000w\000l\000e\000d\000g\000e\000m\000e\000n\000t\000s}{}% 1
\BOOKMARK [0][-]{chapter.1}{\376\377\000C\000l\000a\000s\000s\000i\000c\000a\000l\000\040\000E\000r\000r\000o\000r\000\040\000C\000o\000r\000r\000e\000c\000t\000i\000o\000n}{}% 2
\BOOKMARK [1][-]{section.1.1}{\376\377\000B\000a\000c\000k\000g\000r\000o\000u\000n\000d\000\040\000a\000n\000d\000\040\000M\000o\000t\000i\000v\000a\000t\000i\000o\000n}{chapter.1}% 3
\BOOKMARK [1][-]{section.1.2}{\376\377\000E\000r\000r\000o\000r\000-\000D\000e\000t\000e\000c\000t\000i\000n\000g\000\040\000C\000o\000d\000e}{chapter.1}% 4
\BOOKMARK [2][-]{subsection.1.2.1}{\376\377\000M\000e\000m\000o\000r\000y\000l\000e\000s\000s\000\040\000B\000i\000n\000a\000r\000y\000\040\000s\000y\000m\000m\000e\000t\000r\000i\000c\000\040\000c\000h\000a\000n\000n\000e\000l\000s}{section.1.2}% 5
\BOOKMARK [2][-]{subsection.1.2.2}{\376\377\000C\000l\000a\000s\000s\000i\000c\000a\000l\000\040\000r\000e\000p\000e\000t\000i\000t\000i\000o\000n\000\040\000c\000o\000d\000e\000s}{section.1.2}% 6
\BOOKMARK [1][-]{section.1.3}{\376\377\000E\000r\000r\000o\000r\000-\000C\000o\000r\000r\000e\000c\000t\000i\000n\000g\000\040\000C\000o\000d\000e}{chapter.1}% 7
\BOOKMARK [2][-]{subsection.1.3.1}{\376\377\000T\000h\000e\000\040\000L\000e\000n\000g\000t\000h\000-\0007\000\040\000H\000a\000m\000m\000i\000n\000g\000\040\000C\000o\000d\000e}{section.1.3}% 8
\BOOKMARK [1][-]{section.1.4}{\376\377\000L\000i\000n\000e\000a\000r\000\040\000C\000o\000d\000e\000s}{chapter.1}% 9
\BOOKMARK [2][-]{subsection.1.4.1}{\376\377\000M\000i\000n\000i\000m\000u\000m\000\040\000D\000i\000s\000t\000a\000n\000c\000e}{section.1.4}% 10
\BOOKMARK [2][-]{subsection.1.4.2}{\376\377\000E\000r\000r\000o\000r\000\040\000C\000o\000r\000r\000e\000c\000t\000i\000o\000n}{section.1.4}% 11
\BOOKMARK [2][-]{subsection.1.4.3}{\376\377\000E\000r\000a\000s\000u\000r\000e\000s}{section.1.4}% 12
\BOOKMARK [0][-]{chapter.2}{\376\377\000Q\000u\000a\000n\000t\000u\000m\000\040\000N\000o\000i\000s\000e\000\040\000a\000n\000d\000\040\000Q\000u\000a\000n\000t\000u\000m\000\040\000E\000r\000r\000o\000r\000-\000C\000o\000r\000r\000e\000c\000t\000i\000n\000g\000\040\000C\000o\000d\000e\000s}{}% 13
\BOOKMARK [1][-]{section.2.1}{\376\377\000R\000e\000p\000e\000t\000i\000t\000i\000o\000n\000\040\000c\000o\000d\000e\000\040\000f\000o\000r\000\040\000q\000u\000b\000i\000t\000s}{chapter.2}% 14
\BOOKMARK [2][-]{subsection.2.1.1}{\376\377\000E\000n\000c\000o\000d\000i\000n\000g}{section.2.1}% 15
\BOOKMARK [2][-]{subsection.2.1.2}{\376\377\000B\000i\000t\000-\000F\000l\000i\000p\000\040\000e\000r\000r\000o\000r\000\040\000d\000e\000t\000e\000c\000t\000i\000o\000n}{section.2.1}% 16
\BOOKMARK [1][-]{section.2.2}{\376\377\000P\000h\000a\000s\000e\000-\000f\000l\000i\000p\000\040\000e\000r\000r\000o\000r\000s}{chapter.2}% 17
\BOOKMARK [2][-]{subsection.2.2.1}{\376\377\000M\000o\000d\000i\000f\000i\000e\000d\000\040\000r\000e\000p\000e\000t\000i\000t\000i\000o\000n\000\040\000c\000o\000d\000e\000\040\000f\000o\000r\000\040\000p\000h\000a\000s\000e\000-\000f\000l\000i\000p\000\040\000e\000r\000r\000o\000r\000s}{section.2.2}% 18
\BOOKMARK [1][-]{section.2.3}{\376\377\000T\000h\000e\000\040\0009\000-\000q\000u\000b\000i\000t\000\040\000S\000h\000o\000r\000\040\000c\000o\000d\000e}{chapter.2}% 19
\BOOKMARK [2][-]{subsection.2.3.1}{\376\377\000C\000o\000d\000e\000\040\000d\000e\000s\000c\000r\000i\000p\000t\000i\000o\000n}{section.2.3}% 20
\BOOKMARK [0][-]{chapter*.18}{\376\377\000B\000i\000b\000l\000i\000o\000g\000r\000a\000p\000h\000y}{}% 21
