This is pdfTeX, Version 3.141592653-2.6-1.40.25 (MiKTeX 23.10.12) (preloaded format=pdflatex 2023.10.21)  24 JUL 2024 11:29
entering extended mode
 restricted \write18 enabled.
 file:line:error style messages enabled.
 %&-line parsing enabled.
**"c:/Users/nihar/OneDrive - Indian Institute of Science/Indian Institute of Science/MTechThesis/Notes/MyNotes/notes.tex"
(c:/Users/nihar/OneDrive - Indian Institute of Science/Indian Institute of Science/MTechThesis/Notes/MyNotes/notes.tex
LaTeX2e <2023-06-01> patch level 1
L3 programming layer <2023-10-10>
(C:\Users\nihar\AppData\Local\Programs\MiKTeX\tex/latex/base\book.cls
Document Class: book 2023/05/17 v1.4n Standard LaTeX document class
(C:\Users\nihar\AppData\Local\Programs\MiKTeX\tex/latex/base\bk12.clo
File: bk12.clo 2023/05/17 v1.4n Standard LaTeX file (size option)
)
\c@part=\count185
\c@chapter=\count186
\c@section=\count187
\c@subsection=\count188
\c@subsubsection=\count189
\c@paragraph=\count190
\c@subparagraph=\count191
\c@figure=\count192
\c@table=\count193
\abovecaptionskip=\skip48
\belowcaptionskip=\skip49
\bibindent=\dimen140
) (C:\Users\nihar\AppData\Local\Programs\MiKTeX\tex/latex/tocbibind\tocbibind.sty
Package: tocbibind 2010/10/13 v1.5k extra ToC listings
Package tocbibind Info: The document has chapter divisions on input line 50.


Package tocbibind Note: Using chapter style headings, unless overridden.

) (C:\Users\nihar\AppData\Local\Programs\MiKTeX\tex/latex/amsmath\amsmath.sty
Package: amsmath 2023/05/13 v2.17o AMS math features
\@mathmargin=\skip50

For additional information on amsmath, use the `?' option.
(C:\Users\nihar\AppData\Local\Programs\MiKTeX\tex/latex/amsmath\amstext.sty
Package: amstext 2021/08/26 v2.01 AMS text
 (C:\Users\nihar\AppData\Local\Programs\MiKTeX\tex/latex/amsmath\amsgen.sty
File: amsgen.sty 1999/11/30 v2.0 generic functions
\@emptytoks=\toks17
\ex@=\dimen141
)) (C:\Users\nihar\AppData\Local\Programs\MiKTeX\tex/latex/amsmath\amsbsy.sty
Package: amsbsy 1999/11/29 v1.2d Bold Symbols
\pmbraise@=\dimen142
) (C:\Users\nihar\AppData\Local\Programs\MiKTeX\tex/latex/amsmath\amsopn.sty
Package: amsopn 2022/04/08 v2.04 operator names
)
\inf@bad=\count194
LaTeX Info: Redefining \frac on input line 234.
\uproot@=\count195
\leftroot@=\count196
LaTeX Info: Redefining \overline on input line 399.
LaTeX Info: Redefining \colon on input line 410.
\classnum@=\count197
\DOTSCASE@=\count198
LaTeX Info: Redefining \ldots on input line 496.
LaTeX Info: Redefining \dots on input line 499.
LaTeX Info: Redefining \cdots on input line 620.
\Mathstrutbox@=\box51
\strutbox@=\box52
LaTeX Info: Redefining \big on input line 722.
LaTeX Info: Redefining \Big on input line 723.
LaTeX Info: Redefining \bigg on input line 724.
LaTeX Info: Redefining \Bigg on input line 725.
\big@size=\dimen143
LaTeX Font Info:    Redeclaring font encoding OML on input line 743.
LaTeX Font Info:    Redeclaring font encoding OMS on input line 744.
\macc@depth=\count199
LaTeX Info: Redefining \bmod on input line 905.
LaTeX Info: Redefining \pmod on input line 910.
LaTeX Info: Redefining \smash on input line 940.
LaTeX Info: Redefining \relbar on input line 970.
LaTeX Info: Redefining \Relbar on input line 971.
\c@MaxMatrixCols=\count266
\dotsspace@=\muskip16
\c@parentequation=\count267
\dspbrk@lvl=\count268
\tag@help=\toks18
\row@=\count269
\column@=\count270
\maxfields@=\count271
\andhelp@=\toks19
\eqnshift@=\dimen144
\alignsep@=\dimen145
\tagshift@=\dimen146
\tagwidth@=\dimen147
\totwidth@=\dimen148
\lineht@=\dimen149
\@envbody=\toks20
\multlinegap=\skip51
\multlinetaggap=\skip52
\mathdisplay@stack=\toks21
LaTeX Info: Redefining \[ on input line 2953.
LaTeX Info: Redefining \] on input line 2954.
) (C:\Users\nihar\AppData\Local\Programs\MiKTeX\tex/latex/amsfonts\amsfonts.sty
Package: amsfonts 2013/01/14 v3.01 Basic AMSFonts support
\symAMSa=\mathgroup4
\symAMSb=\mathgroup5
LaTeX Font Info:    Redeclaring math symbol \hbar on input line 98.
LaTeX Font Info:    Overwriting math alphabet `\mathfrak' in version `bold'
(Font)                  U/euf/m/n --> U/euf/b/n on input line 106.
) (C:\Users\nihar\AppData\Local\Programs\MiKTeX\tex/latex/amsfonts\amssymb.sty
Package: amssymb 2013/01/14 v3.01 AMS font symbols
) (C:\Users\nihar\AppData\Local\Programs\MiKTeX\tex/latex/graphics\graphicx.sty
Package: graphicx 2021/09/16 v1.2d Enhanced LaTeX Graphics (DPC,SPQR)
 (C:\Users\nihar\AppData\Local\Programs\MiKTeX\tex/latex/graphics\keyval.sty
Package: keyval 2022/05/29 v1.15 key=value parser (DPC)
\KV@toks@=\toks22
) (C:\Users\nihar\AppData\Local\Programs\MiKTeX\tex/latex/graphics\graphics.sty
Package: graphics 2022/03/10 v1.4e Standard LaTeX Graphics (DPC,SPQR)
 (C:\Users\nihar\AppData\Local\Programs\MiKTeX\tex/latex/graphics\trig.sty
Package: trig 2021/08/11 v1.11 sin cos tan (DPC)
) (C:\Users\nihar\AppData\Local\Programs\MiKTeX\tex/latex/graphics-cfg\graphics.cfg
File: graphics.cfg 2016/06/04 v1.11 sample graphics configuration
)
Package graphics Info: Driver file: pdftex.def on input line 107.
 (C:\Users\nihar\AppData\Local\Programs\MiKTeX\tex/latex/graphics-def\pdftex.def
File: pdftex.def 2022/09/22 v1.2b Graphics/color driver for pdftex
))
\Gin@req@height=\dimen150
\Gin@req@width=\dimen151
) (C:\Users\nihar\AppData\Local\Programs\MiKTeX\tex/latex/float\float.sty
Package: float 2001/11/08 v1.3d Float enhancements (AL)
\c@float@type=\count272
\float@exts=\toks23
\float@box=\box53
\@float@everytoks=\toks24
\@floatcapt=\box54
) (C:\Users\nihar\AppData\Local\Programs\MiKTeX\tex/latex/amscls\amsthm.sty
Package: amsthm 2020/05/29 v2.20.6
\thm@style=\toks25
\thm@bodyfont=\toks26
\thm@headfont=\toks27
\thm@notefont=\toks28
\thm@headpunct=\toks29
\thm@preskip=\skip53
\thm@postskip=\skip54
\thm@headsep=\skip55
\dth@everypar=\toks30
) (C:\Users\nihar\AppData\Local\Programs\MiKTeX\tex/latex/hyperref\hyperref.sty
Package: hyperref 2023-07-08 v7.01b Hypertext links for LaTeX
 (C:\Users\nihar\AppData\Local\Programs\MiKTeX\tex/generic/ltxcmds\ltxcmds.sty
Package: ltxcmds 2020-05-10 v1.25 LaTeX kernel commands for general use (HO)
) (C:\Users\nihar\AppData\Local\Programs\MiKTeX\tex/generic/iftex\iftex.sty
Package: iftex 2022/02/03 v1.0f TeX engine tests
) (C:\Users\nihar\AppData\Local\Programs\MiKTeX\tex/generic/pdftexcmds\pdftexcmds.sty
Package: pdftexcmds 2020-06-27 v0.33 Utility functions of pdfTeX for LuaTeX (HO)
 (C:\Users\nihar\AppData\Local\Programs\MiKTeX\tex/generic/infwarerr\infwarerr.sty
Package: infwarerr 2019/12/03 v1.5 Providing info/warning/error messages (HO)
)
Package pdftexcmds Info: \pdf@primitive is available.
Package pdftexcmds Info: \pdf@ifprimitive is available.
Package pdftexcmds Info: \pdfdraftmode found.
) (C:\Users\nihar\AppData\Local\Programs\MiKTeX\tex/latex/kvsetkeys\kvsetkeys.sty
Package: kvsetkeys 2022-10-05 v1.19 Key value parser (HO)
) (C:\Users\nihar\AppData\Local\Programs\MiKTeX\tex/generic/kvdefinekeys\kvdefinekeys.sty
Package: kvdefinekeys 2019-12-19 v1.6 Define keys (HO)
) (C:\Users\nihar\AppData\Local\Programs\MiKTeX\tex/generic/pdfescape\pdfescape.sty
Package: pdfescape 2019/12/09 v1.15 Implements pdfTeX's escape features (HO)
) (C:\Users\nihar\AppData\Local\Programs\MiKTeX\tex/latex/hycolor\hycolor.sty
Package: hycolor 2020-01-27 v1.10 Color options for hyperref/bookmark (HO)
) (C:\Users\nihar\AppData\Local\Programs\MiKTeX\tex/latex/letltxmacro\letltxmacro.sty
Package: letltxmacro 2019/12/03 v1.6 Let assignment for LaTeX macros (HO)
) (C:\Users\nihar\AppData\Local\Programs\MiKTeX\tex/latex/auxhook\auxhook.sty
Package: auxhook 2019-12-17 v1.6 Hooks for auxiliary files (HO)
) (C:\Users\nihar\AppData\Local\Programs\MiKTeX\tex/latex/hyperref\nameref.sty
Package: nameref 2023-08-07 v2.53 Cross-referencing by name of section
 (C:\Users\nihar\AppData\Local\Programs\MiKTeX\tex/latex/refcount\refcount.sty
Package: refcount 2019/12/15 v3.6 Data extraction from label references (HO)
) (C:\Users\nihar\AppData\Local\Programs\MiKTeX\tex/generic/gettitlestring\gettitlestring.sty
Package: gettitlestring 2019/12/15 v1.6 Cleanup title references (HO)
 (C:\Users\nihar\AppData\Local\Programs\MiKTeX\tex/latex/kvoptions\kvoptions.sty
Package: kvoptions 2022-06-15 v3.15 Key value format for package options (HO)
))
\c@section@level=\count273
) (C:\Users\nihar\AppData\Local\Programs\MiKTeX\tex/latex/etoolbox\etoolbox.sty
Package: etoolbox 2020/10/05 v2.5k e-TeX tools for LaTeX (JAW)
\etb@tempcnta=\count274
)
\@linkdim=\dimen152
\Hy@linkcounter=\count275
\Hy@pagecounter=\count276
 (C:\Users\nihar\AppData\Local\Programs\MiKTeX\tex/latex/hyperref\pd1enc.def
File: pd1enc.def 2023-07-08 v7.01b Hyperref: PDFDocEncoding definition (HO)
Now handling font encoding PD1 ...
... no UTF-8 mapping file for font encoding PD1
) (C:\Users\nihar\AppData\Local\Programs\MiKTeX\tex/generic/intcalc\intcalc.sty
Package: intcalc 2019/12/15 v1.3 Expandable calculations with integers (HO)
)
\Hy@SavedSpaceFactor=\count277
 (C:\Users\nihar\AppData\Local\Programs\MiKTeX\tex/latex/hyperref\puenc.def
File: puenc.def 2023-07-08 v7.01b Hyperref: PDF Unicode definition (HO)
Now handling font encoding PU ...
... no UTF-8 mapping file for font encoding PU
)
Package hyperref Info: Hyper figures OFF on input line 4167.
Package hyperref Info: Link nesting OFF on input line 4172.
Package hyperref Info: Hyper index ON on input line 4175.
Package hyperref Info: Plain pages OFF on input line 4182.
Package hyperref Info: Backreferencing OFF on input line 4187.
Package hyperref Info: Implicit mode ON; LaTeX internals redefined.
Package hyperref Info: Bookmarks ON on input line 4434.
\c@Hy@tempcnt=\count278
 (C:\Users\nihar\AppData\Local\Programs\MiKTeX\tex/latex/url\url.sty
\Urlmuskip=\muskip17
Package: url 2013/09/16  ver 3.4  Verb mode for urls, etc.
)
LaTeX Info: Redefining \url on input line 4772.
\XeTeXLinkMargin=\dimen153
 (C:\Users\nihar\AppData\Local\Programs\MiKTeX\tex/generic/bitset\bitset.sty
Package: bitset 2019/12/09 v1.3 Handle bit-vector datatype (HO)
 (C:\Users\nihar\AppData\Local\Programs\MiKTeX\tex/generic/bigintcalc\bigintcalc.sty
Package: bigintcalc 2019/12/15 v1.5 Expandable calculations on big integers (HO)
))
\Fld@menulength=\count279
\Field@Width=\dimen154
\Fld@charsize=\dimen155
Package hyperref Info: Hyper figures OFF on input line 6051.
Package hyperref Info: Link nesting OFF on input line 6056.
Package hyperref Info: Hyper index ON on input line 6059.
Package hyperref Info: backreferencing OFF on input line 6066.
Package hyperref Info: Link coloring OFF on input line 6071.
Package hyperref Info: Link coloring with OCG OFF on input line 6076.
Package hyperref Info: PDF/A mode OFF on input line 6081.
 (C:\Users\nihar\AppData\Local\Programs\MiKTeX\tex/latex/base\atbegshi-ltx.sty
Package: atbegshi-ltx 2021/01/10 v1.0c Emulation of the original atbegshi
package with kernel methods
)
\Hy@abspage=\count280
\c@Item=\count281
\c@Hfootnote=\count282
)
Package hyperref Info: Driver (autodetected): hpdftex.
 (C:\Users\nihar\AppData\Local\Programs\MiKTeX\tex/latex/hyperref\hpdftex.def
File: hpdftex.def 2023-07-08 v7.01b Hyperref driver for pdfTeX
 (C:\Users\nihar\AppData\Local\Programs\MiKTeX\tex/latex/base\atveryend-ltx.sty
Package: atveryend-ltx 2020/08/19 v1.0a Emulation of the original atveryend package
with kernel methods
)
\Fld@listcount=\count283
\c@bookmark@seq@number=\count284
 (C:\Users\nihar\AppData\Local\Programs\MiKTeX\tex/latex/rerunfilecheck\rerunfilecheck.sty
Package: rerunfilecheck 2022-07-10 v1.10 Rerun checks for auxiliary files (HO)
 (C:\Users\nihar\AppData\Local\Programs\MiKTeX\tex/generic/uniquecounter\uniquecounter.sty
Package: uniquecounter 2019/12/15 v1.4 Provide unlimited unique counter (HO)
)
Package uniquecounter Info: New unique counter `rerunfilecheck' on input line 285.
)
\Hy@SectionHShift=\skip56
) (C:\Users\nihar\AppData\Local\Programs\MiKTeX\tex/latex/cleveref\cleveref.sty
Package: cleveref 2018/03/27 v0.21.4 Intelligent cross-referencing
Package cleveref Info: `hyperref' support loaded on input line 2370.
LaTeX Info: Redefining \cref on input line 2370.
LaTeX Info: Redefining \Cref on input line 2370.
LaTeX Info: Redefining \crefrange on input line 2370.
LaTeX Info: Redefining \Crefrange on input line 2370.
LaTeX Info: Redefining \cpageref on input line 2370.
LaTeX Info: Redefining \Cpageref on input line 2370.
LaTeX Info: Redefining \cpagerefrange on input line 2370.
LaTeX Info: Redefining \Cpagerefrange on input line 2370.
LaTeX Info: Redefining \labelcref on input line 2370.
LaTeX Info: Redefining \labelcpageref on input line 2370.
Package cleveref Info: `amsthm' support loaded on input line 3026.
) (C:\Users\nihar\AppData\Local\Programs\MiKTeX\tex/latex/caption\caption.sty
Package: caption 2023/08/05 v3.6o Customizing captions (AR)
 (C:\Users\nihar\AppData\Local\Programs\MiKTeX\tex/latex/caption\caption3.sty
Package: caption3 2023/07/31 v2.4d caption3 kernel (AR)
\caption@tempdima=\dimen156
\captionmargin=\dimen157
\caption@leftmargin=\dimen158
\caption@rightmargin=\dimen159
\caption@width=\dimen160
\caption@indent=\dimen161
\caption@parindent=\dimen162
\caption@hangindent=\dimen163
Package caption Info: Standard document class detected.
)
\c@caption@flags=\count285
\c@continuedfloat=\count286
Package caption Info: float package is loaded.
Package caption Info: hyperref package is loaded.
) (C:\Users\nihar\AppData\Local\Programs\MiKTeX\tex/latex/caption\subcaption.sty
Package: subcaption 2023/07/28 v1.6b Sub-captions (AR)
Package caption Info: New subtype `subfigure' on input line 238.
\c@subfigure=\count287
Package caption Info: New subtype `subtable' on input line 238.
\c@subtable=\count288
) (C:\Users\nihar\AppData\Local\Programs\MiKTeX\tex/latex/enumitem\enumitem.sty
Package: enumitem 2019/06/20 v3.9 Customized lists
\labelindent=\skip57
\enit@outerparindent=\dimen164
\enit@toks=\toks31
\enit@inbox=\box55
\enit@count@id=\count289
\enitdp@description=\count290
) (C:\Users\nihar\AppData\Local\Programs\MiKTeX\tex/latex/appendix\appendix.sty
Package: appendix 2020/02/08 v1.2c extra appendix facilities
\c@@pps=\count291
\c@@ppsavesec=\count292
\c@@ppsaveapp=\count293
) (C:\Users\nihar\AppData\Local\Programs\MiKTeX\tex/latex/titlesec\titlesec.sty
Package: titlesec 2021/07/05 v2.14 Sectioning titles
\ttl@box=\box56
\beforetitleunit=\skip58
\aftertitleunit=\skip59
\ttl@plus=\dimen165
\ttl@minus=\dimen166
\ttl@toksa=\toks32
\titlewidth=\dimen167
\titlewidthlast=\dimen168
\titlewidthfirst=\dimen169
) (C:\Users\nihar\AppData\Local\Programs\MiKTeX\tex/latex/lipsum\lipsum.sty (C:\Users\nihar\AppData\Local\Programs\MiKTeX\tex/latex/l3packages/l3keys2e\l3keys2e.sty (C:\Users\nihar\AppData\Local\Programs\MiKTeX\tex/latex/l3kernel\expl3.sty
Package: expl3 2023-10-10 L3 programming layer (loader) 
 (C:\Users\nihar\AppData\Local\Programs\MiKTeX\tex/latex/l3backend\l3backend-pdftex.def
File: l3backend-pdftex.def 2023-10-10 L3 backend support: PDF output (pdfTeX)
\l__color_backend_stack_int=\count294
\l__pdf_internal_box=\box57
))
Package: l3keys2e 2023-10-10 LaTeX2e option processing using LaTeX3 keys
)
Package: lipsum 2021-09-20 v2.7 150 paragraphs of Lorem Ipsum dummy text
\g__lipsum_par_int=\count295
\l__lipsum_a_int=\count296
\l__lipsum_b_int=\count297
 (C:\Users\nihar\AppData\Local\Programs\MiKTeX\tex/latex/lipsum\lipsum.ltd.tex)) (C:\Users\nihar\AppData\Local\Programs\MiKTeX\tex/latex/setspace\setspace.sty
Package: setspace 2022/12/04 v6.7b set line spacing
) (C:\Users\nihar\AppData\Local\Programs\MiKTeX\tex/latex/geometry\geometry.sty
Package: geometry 2020/01/02 v5.9 Page Geometry
 (C:\Users\nihar\AppData\Local\Programs\MiKTeX\tex/generic/iftex\ifvtex.sty
Package: ifvtex 2019/10/25 v1.7 ifvtex legacy package. Use iftex instead.
)
\Gm@cnth=\count298
\Gm@cntv=\count299
\c@Gm@tempcnt=\count300
\Gm@bindingoffset=\dimen170
\Gm@wd@mp=\dimen171
\Gm@odd@mp=\dimen172
\Gm@even@mp=\dimen173
\Gm@layoutwidth=\dimen174
\Gm@layoutheight=\dimen175
\Gm@layouthoffset=\dimen176
\Gm@layoutvoffset=\dimen177
\Gm@dimlist=\toks33
 (C:\Users\nihar\AppData\Local\Programs\MiKTeX\tex/latex/geometry\geometry.cfg)) (C:\Users\nihar\AppData\Local\Programs\MiKTeX\tex/latex/pdflscape\pdflscape.sty
Package: pdflscape 2022-10-27 v0.13 Display of landscape pages in PDF
 (C:\Users\nihar\AppData\Local\Programs\MiKTeX\tex/latex/pdflscape\pdflscape-nometadata.sty
Package: pdflscape-nometadata 2022-10-28 v0.13 Display of landscape pages in PDF (HO)
 (C:\Users\nihar\AppData\Local\Programs\MiKTeX\tex/latex/graphics\lscape.sty
Package: lscape 2020/05/28 v3.02 Landscape Pages (DPC)
)
Package pdflscape Info: Auto-detected driver: pdftex on input line 81.
)) (C:\Users\nihar\AppData\Local\Programs\MiKTeX\tex/latex/pdfpages\pdfpages.sty
Package: pdfpages 2022/12/19 v0.5x Insert pages of external PDF documents (AM)
 (C:\Users\nihar\AppData\Local\Programs\MiKTeX\tex/latex/base\ifthen.sty
Package: ifthen 2022/04/13 v1.1d Standard LaTeX ifthen package (DPC)
) (C:\Users\nihar\AppData\Local\Programs\MiKTeX\tex/latex/tools\calc.sty
Package: calc 2017/05/25 v4.3 Infix arithmetic (KKT,FJ)
\calc@Acount=\count301
\calc@Bcount=\count302
\calc@Adimen=\dimen178
\calc@Bdimen=\dimen179
\calc@Askip=\skip60
\calc@Bskip=\skip61
LaTeX Info: Redefining \setlength on input line 80.
LaTeX Info: Redefining \addtolength on input line 81.
\calc@Ccount=\count303
\calc@Cskip=\skip62
) (C:\Users\nihar\AppData\Local\Programs\MiKTeX\tex/latex/eso-pic\eso-pic.sty
Package: eso-pic 2023/05/03 v3.0c eso-pic (RN)
\ESO@tempdima=\dimen180
\ESO@tempdimb=\dimen181
 (C:\Users\nihar\AppData\Local\Programs\MiKTeX\tex/latex/xcolor\xcolor.sty
Package: xcolor 2022/06/12 v2.14 LaTeX color extensions (UK)
 (C:\Users\nihar\AppData\Local\Programs\MiKTeX\tex/latex/graphics-cfg\color.cfg
File: color.cfg 2016/01/02 v1.6 sample color configuration
)
Package xcolor Info: Driver file: pdftex.def on input line 227.
 (C:\Users\nihar\AppData\Local\Programs\MiKTeX\tex/latex/graphics\mathcolor.ltx)
Package xcolor Info: Model `cmy' substituted by `cmy0' on input line 1353.
Package xcolor Info: Model `hsb' substituted by `rgb' on input line 1357.
Package xcolor Info: Model `RGB' extended on input line 1369.
Package xcolor Info: Model `HTML' substituted by `rgb' on input line 1371.
Package xcolor Info: Model `Hsb' substituted by `hsb' on input line 1372.
Package xcolor Info: Model `tHsb' substituted by `hsb' on input line 1373.
Package xcolor Info: Model `HSB' substituted by `hsb' on input line 1374.
Package xcolor Info: Model `Gray' substituted by `gray' on input line 1375.
Package xcolor Info: Model `wave' substituted by `hsb' on input line 1376.
))
\AM@pagewidth=\dimen182
\AM@pageheight=\dimen183
\AM@fboxrule=\dimen184
 (C:\Users\nihar\AppData\Local\Programs\MiKTeX\tex/latex/pdfpages\pppdftex.def
File: pppdftex.def 2022/12/19 v0.5x Pdfpages driver for pdfTeX (AM)
)
\pdfpages@includegraphics@status=\count304
\AM@pagebox=\box58
\AM@global@opts=\toks34
\AM@pagecnt=\count305
\AM@toc@title=\toks35
\AM@lof@heading=\toks36
\c@AM@survey=\count306
\AM@templatesizebox=\box59
) (C:\Users\nihar\AppData\Local\Programs\MiKTeX\tex/latex/wrapfig\wrapfig.sty
\wrapoverhang=\dimen185
\WF@size=\dimen186
\c@WF@wrappedlines=\count307
\WF@box=\box60
\WF@everypar=\toks37
Package: wrapfig 2003/01/31  v 3.6
) (C:\Users\nihar\AppData\Local\Programs\MiKTeX\tex/latex/fancyhdr\fancyhdr.sty
Package: fancyhdr 2022/11/09 v4.1 Extensive control of page headers and footers
\f@nch@headwidth=\skip63
\f@nch@O@elh=\skip64
\f@nch@O@erh=\skip65
\f@nch@O@olh=\skip66
\f@nch@O@orh=\skip67
\f@nch@O@elf=\skip68
\f@nch@O@erf=\skip69
\f@nch@O@olf=\skip70
\f@nch@O@orf=\skip71
) (C:\Users\nihar\AppData\Local\Programs\MiKTeX\tex/latex/jknappen\mathrsfs.sty
Package: mathrsfs 1996/01/01 Math RSFS package v1.0 (jk)
\symrsfs=\mathgroup6
) (C:\Users\nihar\AppData\Local\Programs\MiKTeX\tex/latex/pgf/frontendlayer\tikz.sty (C:\Users\nihar\AppData\Local\Programs\MiKTeX\tex/latex/pgf/basiclayer\pgf.sty (C:\Users\nihar\AppData\Local\Programs\MiKTeX\tex/latex/pgf/utilities\pgfrcs.sty (C:\Users\nihar\AppData\Local\Programs\MiKTeX\tex/generic/pgf/utilities\pgfutil-common.tex
\pgfutil@everybye=\toks38
\pgfutil@tempdima=\dimen187
\pgfutil@tempdimb=\dimen188
) (C:\Users\nihar\AppData\Local\Programs\MiKTeX\tex/generic/pgf/utilities\pgfutil-latex.def
\pgfutil@abb=\box61
) (C:\Users\nihar\AppData\Local\Programs\MiKTeX\tex/generic/pgf/utilities\pgfrcs.code.tex (C:\Users\nihar\AppData\Local\Programs\MiKTeX\tex/generic/pgf\pgf.revision.tex)
Package: pgfrcs 2023-01-15 v3.1.10 (3.1.10)
))
Package: pgf 2023-01-15 v3.1.10 (3.1.10)
 (C:\Users\nihar\AppData\Local\Programs\MiKTeX\tex/latex/pgf/basiclayer\pgfcore.sty (C:\Users\nihar\AppData\Local\Programs\MiKTeX\tex/latex/pgf/systemlayer\pgfsys.sty (C:\Users\nihar\AppData\Local\Programs\MiKTeX\tex/generic/pgf/systemlayer\pgfsys.code.tex
Package: pgfsys 2023-01-15 v3.1.10 (3.1.10)
 (C:\Users\nihar\AppData\Local\Programs\MiKTeX\tex/generic/pgf/utilities\pgfkeys.code.tex
\pgfkeys@pathtoks=\toks39
\pgfkeys@temptoks=\toks40
 (C:\Users\nihar\AppData\Local\Programs\MiKTeX\tex/generic/pgf/utilities\pgfkeyslibraryfiltered.code.tex
\pgfkeys@tmptoks=\toks41
))
\pgf@x=\dimen189
\pgf@y=\dimen190
\pgf@xa=\dimen191
\pgf@ya=\dimen192
\pgf@xb=\dimen193
\pgf@yb=\dimen194
\pgf@xc=\dimen195
\pgf@yc=\dimen196
\pgf@xd=\dimen197
\pgf@yd=\dimen198
\w@pgf@writea=\write3
\r@pgf@reada=\read2
\c@pgf@counta=\count308
\c@pgf@countb=\count309
\c@pgf@countc=\count310
\c@pgf@countd=\count311
\t@pgf@toka=\toks42
\t@pgf@tokb=\toks43
\t@pgf@tokc=\toks44
\pgf@sys@id@count=\count312
 (C:\Users\nihar\AppData\Local\Programs\MiKTeX\tex/generic/pgf/systemlayer\pgf.cfg
File: pgf.cfg 2023-01-15 v3.1.10 (3.1.10)
)
Driver file for pgf: pgfsys-pdftex.def
 (C:\Users\nihar\AppData\Local\Programs\MiKTeX\tex/generic/pgf/systemlayer\pgfsys-pdftex.def
File: pgfsys-pdftex.def 2023-01-15 v3.1.10 (3.1.10)
 (C:\Users\nihar\AppData\Local\Programs\MiKTeX\tex/generic/pgf/systemlayer\pgfsys-common-pdf.def
File: pgfsys-common-pdf.def 2023-01-15 v3.1.10 (3.1.10)
))) (C:\Users\nihar\AppData\Local\Programs\MiKTeX\tex/generic/pgf/systemlayer\pgfsyssoftpath.code.tex
File: pgfsyssoftpath.code.tex 2023-01-15 v3.1.10 (3.1.10)
\pgfsyssoftpath@smallbuffer@items=\count313
\pgfsyssoftpath@bigbuffer@items=\count314
) (C:\Users\nihar\AppData\Local\Programs\MiKTeX\tex/generic/pgf/systemlayer\pgfsysprotocol.code.tex
File: pgfsysprotocol.code.tex 2023-01-15 v3.1.10 (3.1.10)
)) (C:\Users\nihar\AppData\Local\Programs\MiKTeX\tex/generic/pgf/basiclayer\pgfcore.code.tex
Package: pgfcore 2023-01-15 v3.1.10 (3.1.10)
 (C:\Users\nihar\AppData\Local\Programs\MiKTeX\tex/generic/pgf/math\pgfmath.code.tex (C:\Users\nihar\AppData\Local\Programs\MiKTeX\tex/generic/pgf/math\pgfmathutil.code.tex) (C:\Users\nihar\AppData\Local\Programs\MiKTeX\tex/generic/pgf/math\pgfmathparser.code.tex
\pgfmath@dimen=\dimen199
\pgfmath@count=\count315
\pgfmath@box=\box62
\pgfmath@toks=\toks45
\pgfmath@stack@operand=\toks46
\pgfmath@stack@operation=\toks47
) (C:\Users\nihar\AppData\Local\Programs\MiKTeX\tex/generic/pgf/math\pgfmathfunctions.code.tex) (C:\Users\nihar\AppData\Local\Programs\MiKTeX\tex/generic/pgf/math\pgfmathfunctions.basic.code.tex) (C:\Users\nihar\AppData\Local\Programs\MiKTeX\tex/generic/pgf/math\pgfmathfunctions.trigonometric.code.tex) (C:\Users\nihar\AppData\Local\Programs\MiKTeX\tex/generic/pgf/math\pgfmathfunctions.random.code.tex) (C:\Users\nihar\AppData\Local\Programs\MiKTeX\tex/generic/pgf/math\pgfmathfunctions.comparison.code.tex) (C:\Users\nihar\AppData\Local\Programs\MiKTeX\tex/generic/pgf/math\pgfmathfunctions.base.code.tex) (C:\Users\nihar\AppData\Local\Programs\MiKTeX\tex/generic/pgf/math\pgfmathfunctions.round.code.tex) (C:\Users\nihar\AppData\Local\Programs\MiKTeX\tex/generic/pgf/math\pgfmathfunctions.misc.code.tex) (C:\Users\nihar\AppData\Local\Programs\MiKTeX\tex/generic/pgf/math\pgfmathfunctions.integerarithmetics.code.tex) (C:\Users\nihar\AppData\Local\Programs\MiKTeX\tex/generic/pgf/math\pgfmathcalc.code.tex) (C:\Users\nihar\AppData\Local\Programs\MiKTeX\tex/generic/pgf/math\pgfmathfloat.code.tex
\c@pgfmathroundto@lastzeros=\count316
)) (C:\Users\nihar\AppData\Local\Programs\MiKTeX\tex/generic/pgf/math\pgfint.code.tex) (C:\Users\nihar\AppData\Local\Programs\MiKTeX\tex/generic/pgf/basiclayer\pgfcorepoints.code.tex
File: pgfcorepoints.code.tex 2023-01-15 v3.1.10 (3.1.10)
\pgf@picminx=\dimen256
\pgf@picmaxx=\dimen257
\pgf@picminy=\dimen258
\pgf@picmaxy=\dimen259
\pgf@pathminx=\dimen260
\pgf@pathmaxx=\dimen261
\pgf@pathminy=\dimen262
\pgf@pathmaxy=\dimen263
\pgf@xx=\dimen264
\pgf@xy=\dimen265
\pgf@yx=\dimen266
\pgf@yy=\dimen267
\pgf@zx=\dimen268
\pgf@zy=\dimen269
) (C:\Users\nihar\AppData\Local\Programs\MiKTeX\tex/generic/pgf/basiclayer\pgfcorepathconstruct.code.tex
File: pgfcorepathconstruct.code.tex 2023-01-15 v3.1.10 (3.1.10)
\pgf@path@lastx=\dimen270
\pgf@path@lasty=\dimen271
) (C:\Users\nihar\AppData\Local\Programs\MiKTeX\tex/generic/pgf/basiclayer\pgfcorepathusage.code.tex
File: pgfcorepathusage.code.tex 2023-01-15 v3.1.10 (3.1.10)
\pgf@shorten@end@additional=\dimen272
\pgf@shorten@start@additional=\dimen273
) (C:\Users\nihar\AppData\Local\Programs\MiKTeX\tex/generic/pgf/basiclayer\pgfcorescopes.code.tex
File: pgfcorescopes.code.tex 2023-01-15 v3.1.10 (3.1.10)
\pgfpic=\box63
\pgf@hbox=\box64
\pgf@layerbox@main=\box65
\pgf@picture@serial@count=\count317
) (C:\Users\nihar\AppData\Local\Programs\MiKTeX\tex/generic/pgf/basiclayer\pgfcoregraphicstate.code.tex
File: pgfcoregraphicstate.code.tex 2023-01-15 v3.1.10 (3.1.10)
\pgflinewidth=\dimen274
) (C:\Users\nihar\AppData\Local\Programs\MiKTeX\tex/generic/pgf/basiclayer\pgfcoretransformations.code.tex
File: pgfcoretransformations.code.tex 2023-01-15 v3.1.10 (3.1.10)
\pgf@pt@x=\dimen275
\pgf@pt@y=\dimen276
\pgf@pt@temp=\dimen277
) (C:\Users\nihar\AppData\Local\Programs\MiKTeX\tex/generic/pgf/basiclayer\pgfcorequick.code.tex
File: pgfcorequick.code.tex 2023-01-15 v3.1.10 (3.1.10)
) (C:\Users\nihar\AppData\Local\Programs\MiKTeX\tex/generic/pgf/basiclayer\pgfcoreobjects.code.tex
File: pgfcoreobjects.code.tex 2023-01-15 v3.1.10 (3.1.10)
) (C:\Users\nihar\AppData\Local\Programs\MiKTeX\tex/generic/pgf/basiclayer\pgfcorepathprocessing.code.tex
File: pgfcorepathprocessing.code.tex 2023-01-15 v3.1.10 (3.1.10)
) (C:\Users\nihar\AppData\Local\Programs\MiKTeX\tex/generic/pgf/basiclayer\pgfcorearrows.code.tex
File: pgfcorearrows.code.tex 2023-01-15 v3.1.10 (3.1.10)
\pgfarrowsep=\dimen278
) (C:\Users\nihar\AppData\Local\Programs\MiKTeX\tex/generic/pgf/basiclayer\pgfcoreshade.code.tex
File: pgfcoreshade.code.tex 2023-01-15 v3.1.10 (3.1.10)
\pgf@max=\dimen279
\pgf@sys@shading@range@num=\count318
\pgf@shadingcount=\count319
) (C:\Users\nihar\AppData\Local\Programs\MiKTeX\tex/generic/pgf/basiclayer\pgfcoreimage.code.tex
File: pgfcoreimage.code.tex 2023-01-15 v3.1.10 (3.1.10)
) (C:\Users\nihar\AppData\Local\Programs\MiKTeX\tex/generic/pgf/basiclayer\pgfcoreexternal.code.tex
File: pgfcoreexternal.code.tex 2023-01-15 v3.1.10 (3.1.10)
\pgfexternal@startupbox=\box66
)
(C:\Users\nihar\AppData\Local\Programs\MiKTeX\tex/generic/pgf/basiclayer\pgfcorelayers.code.tex
File: pgfcorelayers.code.tex 2023-01-15 v3.1.10 (3.1.10)
) (C:\Users\nihar\AppData\Local\Programs\MiKTeX\tex/generic/pgf/basiclayer\pgfcoretransparency.code.tex
File: pgfcoretransparency.code.tex 2023-01-15 v3.1.10 (3.1.10)
) (C:\Users\nihar\AppData\Local\Programs\MiKTeX\tex/generic/pgf/basiclayer\pgfcorepatterns.code.tex
File: pgfcorepatterns.code.tex 2023-01-15 v3.1.10 (3.1.10)
) (C:\Users\nihar\AppData\Local\Programs\MiKTeX\tex/generic/pgf/basiclayer\pgfcorerdf.code.tex
File: pgfcorerdf.code.tex 2023-01-15 v3.1.10 (3.1.10)
))) (C:\Users\nihar\AppData\Local\Programs\MiKTeX\tex/generic/pgf/modules\pgfmoduleshapes.code.tex
File: pgfmoduleshapes.code.tex 2023-01-15 v3.1.10 (3.1.10)
\pgfnodeparttextbox=\box67
) (C:\Users\nihar\AppData\Local\Programs\MiKTeX\tex/generic/pgf/modules\pgfmoduleplot.code.tex
File: pgfmoduleplot.code.tex 2023-01-15 v3.1.10 (3.1.10)
) (C:\Users\nihar\AppData\Local\Programs\MiKTeX\tex/latex/pgf/compatibility\pgfcomp-version-0-65.sty
Package: pgfcomp-version-0-65 2023-01-15 v3.1.10 (3.1.10)
\pgf@nodesepstart=\dimen280
\pgf@nodesepend=\dimen281
) (C:\Users\nihar\AppData\Local\Programs\MiKTeX\tex/latex/pgf/compatibility\pgfcomp-version-1-18.sty
Package: pgfcomp-version-1-18 2023-01-15 v3.1.10 (3.1.10)
)) (C:\Users\nihar\AppData\Local\Programs\MiKTeX\tex/latex/pgf/utilities\pgffor.sty (C:\Users\nihar\AppData\Local\Programs\MiKTeX\tex/latex/pgf/utilities\pgfkeys.sty (C:\Users\nihar\AppData\Local\Programs\MiKTeX\tex/generic/pgf/utilities\pgfkeys.code.tex)) (C:\Users\nihar\AppData\Local\Programs\MiKTeX\tex/latex/pgf/math\pgfmath.sty (C:\Users\nihar\AppData\Local\Programs\MiKTeX\tex/generic/pgf/math\pgfmath.code.tex)) (C:\Users\nihar\AppData\Local\Programs\MiKTeX\tex/generic/pgf/utilities\pgffor.code.tex
Package: pgffor 2023-01-15 v3.1.10 (3.1.10)
\pgffor@iter=\dimen282
\pgffor@skip=\dimen283
\pgffor@stack=\toks48
\pgffor@toks=\toks49
)) (C:\Users\nihar\AppData\Local\Programs\MiKTeX\tex/generic/pgf/frontendlayer/tikz\tikz.code.tex
Package: tikz 2023-01-15 v3.1.10 (3.1.10)
 (C:\Users\nihar\AppData\Local\Programs\MiKTeX\tex/generic/pgf/libraries\pgflibraryplothandlers.code.tex
File: pgflibraryplothandlers.code.tex 2023-01-15 v3.1.10 (3.1.10)
\pgf@plot@mark@count=\count320
\pgfplotmarksize=\dimen284
)
\tikz@lastx=\dimen285
\tikz@lasty=\dimen286
\tikz@lastxsaved=\dimen287
\tikz@lastysaved=\dimen288
\tikz@lastmovetox=\dimen289
\tikz@lastmovetoy=\dimen290
\tikzleveldistance=\dimen291
\tikzsiblingdistance=\dimen292
\tikz@figbox=\box68
\tikz@figbox@bg=\box69
\tikz@tempbox=\box70
\tikz@tempbox@bg=\box71
\tikztreelevel=\count321
\tikznumberofchildren=\count322
\tikznumberofcurrentchild=\count323
\tikz@fig@count=\count324
 (C:\Users\nihar\AppData\Local\Programs\MiKTeX\tex/generic/pgf/modules\pgfmodulematrix.code.tex
File: pgfmodulematrix.code.tex 2023-01-15 v3.1.10 (3.1.10)
\pgfmatrixcurrentrow=\count325
\pgfmatrixcurrentcolumn=\count326
\pgf@matrix@numberofcolumns=\count327
)
\tikz@expandcount=\count328
 (C:\Users\nihar\AppData\Local\Programs\MiKTeX\tex/generic/pgf/frontendlayer/tikz/libraries\tikzlibrarytopaths.code.tex
File: tikzlibrarytopaths.code.tex 2023-01-15 v3.1.10 (3.1.10)
))) (C:\Users\nihar\AppData\Local\Programs\MiKTeX\tex/latex/tikz-cd\tikz-cd.sty
Package: tikz-cd 2021/05/04 v1.0 Commutative diagrams with TikZ
 (C:\Users\nihar\AppData\Local\Programs\MiKTeX\tex/latex/tikz-cd\tikzlibrarycd.code.tex (C:\Users\nihar\AppData\Local\Programs\MiKTeX\tex/generic/pgf/frontendlayer/tikz/libraries\tikzlibrarymatrix.code.tex
File: tikzlibrarymatrix.code.tex 2023-01-15 v3.1.10 (3.1.10)
) (C:\Users\nihar\AppData\Local\Programs\MiKTeX\tex/generic/pgf/frontendlayer/tikz/libraries\tikzlibraryquotes.code.tex
File: tikzlibraryquotes.code.tex 2023-01-15 v3.1.10 (3.1.10)
) (C:\Users\nihar\AppData\Local\Programs\MiKTeX\tex/generic/pgf/libraries\pgflibraryarrows.meta.code.tex
File: pgflibraryarrows.meta.code.tex 2023-01-15 v3.1.10 (3.1.10)
\pgfarrowinset=\dimen293
\pgfarrowlength=\dimen294
\pgfarrowwidth=\dimen295
\pgfarrowlinewidth=\dimen296
))) (C:\Users\nihar\AppData\Local\Programs\MiKTeX\tex/latex/pgfplots\pgfplots.sty (C:\Users\nihar\AppData\Local\Programs\MiKTeX\tex/generic/pgfplots\pgfplots.revision.tex)
Package: pgfplots 2021/05/15 v1.18.1 Data Visualization (1.18.1)
 (C:\Users\nihar\AppData\Local\Programs\MiKTeX\tex/generic/pgfplots\pgfplots.code.tex (C:\Users\nihar\AppData\Local\Programs\MiKTeX\tex/generic/pgfplots\pgfplotscore.code.tex
\t@pgfplots@toka=\toks50
\t@pgfplots@tokb=\toks51
\t@pgfplots@tokc=\toks52
\pgfplots@tmpa=\dimen297
\c@pgfplots@coordindex=\count329
\c@pgfplots@scanlineindex=\count330
 (C:\Users\nihar\AppData\Local\Programs\MiKTeX\tex/generic/pgfplots/sys\pgfplotssysgeneric.code.tex)) (C:\Users\nihar\AppData\Local\Programs\MiKTeX\tex/generic/pgfplots/libs\pgfplotslibrary.code.tex) (C:\Users\nihar\AppData\Local\Programs\MiKTeX\tex/generic/pgfplots/oldpgfcompatib\pgfplotsoldpgfsupp_loader.code.tex (C:\Users\nihar\AppData\Local\Programs\MiKTeX\tex/generic/pgf/libraries\pgflibraryfpu.code.tex)
Package pgfplots: loading complementary utilities for your pgf version...
\t@pgf@toka=\toks53
\t@pgf@tokb=\toks54
\t@pgf@tokc=\toks55
(C:\Users\nihar\AppData\Local\Programs\MiKTeX\tex/generic/pgfplots/oldpgfcompatib\pgfplotsoldpgfsupp_pgfutil-common-lists.tex)) (C:\Users\nihar\AppData\Local\Programs\MiKTeX\tex/generic/pgfplots/util\pgfplotsutil.code.tex (C:\Users\nihar\AppData\Local\Programs\MiKTeX\tex/generic/pgfplots/liststructure\pgfplotsliststructure.code.tex) (C:\Users\nihar\AppData\Local\Programs\MiKTeX\tex/generic/pgfplots/liststructure\pgfplotsliststructureext.code.tex) (C:\Users\nihar\AppData\Local\Programs\MiKTeX\tex/generic/pgfplots/liststructure\pgfplotsarray.code.tex
\c@pgfplotsarray@tmp=\count331
) (C:\Users\nihar\AppData\Local\Programs\MiKTeX\tex/generic/pgfplots/liststructure\pgfplotsmatrix.code.tex) (C:\Users\nihar\AppData\Local\Programs\MiKTeX\tex/generic/pgfplots/numtable\pgfplotstableshared.code.tex
\c@pgfplotstable@counta=\count332
\t@pgfplotstable@a=\toks56
) (C:\Users\nihar\AppData\Local\Programs\MiKTeX\tex/generic/pgfplots/liststructure\pgfplotsdeque.code.tex) (C:\Users\nihar\AppData\Local\Programs\MiKTeX\tex/generic/pgfplots/util\pgfplotsbinary.code.tex (C:\Users\nihar\AppData\Local\Programs\MiKTeX\tex/generic/pgfplots/util\pgfplotsbinary.data.code.tex)) (C:\Users\nihar\AppData\Local\Programs\MiKTeX\tex/generic/pgfplots/util\pgfplotsutil.verb.code.tex) (C:\Users\nihar\AppData\Local\Programs\MiKTeX\tex/generic/pgfplots/libs\pgflibrarypgfplots.surfshading.code.tex
\c@pgfplotslibrarysurf@no=\count333
 (C:\Users\nihar\AppData\Local\Programs\MiKTeX\tex/generic/pgfplots/sys\pgflibrarypgfplots.surfshading.pgfsys-pdftex.def))) (C:\Users\nihar\AppData\Local\Programs\MiKTeX\tex/generic/pgfplots/util\pgfplotscolormap.code.tex (C:\Users\nihar\AppData\Local\Programs\MiKTeX\tex/generic/pgfplots/util\pgfplotscolor.code.tex)) (C:\Users\nihar\AppData\Local\Programs\MiKTeX\tex/generic/pgfplots\pgfplotsstackedplots.code.tex) (C:\Users\nihar\AppData\Local\Programs\MiKTeX\tex/generic/pgfplots\pgfplotsplothandlers.code.tex (C:\Users\nihar\AppData\Local\Programs\MiKTeX\tex/generic/pgfplots\pgfplotsmeshplothandler.code.tex (C:\Users\nihar\AppData\Local\Programs\MiKTeX\tex/generic/pgfplots\pgfplotsmeshplotimage.code.tex))) (C:\Users\nihar\AppData\Local\Programs\MiKTeX\tex/generic/pgfplots\pgfplots.scaling.code.tex) (C:\Users\nihar\AppData\Local\Programs\MiKTeX\tex/generic/pgfplots\pgfplotscoordprocessing.code.tex) (C:\Users\nihar\AppData\Local\Programs\MiKTeX\tex/generic/pgfplots\pgfplots.errorbars.code.tex) (C:\Users\nihar\AppData\Local\Programs\MiKTeX\tex/generic/pgfplots\pgfplots.markers.code.tex) (C:\Users\nihar\AppData\Local\Programs\MiKTeX\tex/generic/pgfplots\pgfplotsticks.code.tex) (C:\Users\nihar\AppData\Local\Programs\MiKTeX\tex/generic/pgfplots\pgfplots.paths.code.tex) (C:\Users\nihar\AppData\Local\Programs\MiKTeX\tex/generic/pgf/frontendlayer/tikz/libraries\tikzlibrarydecorations.code.tex (C:\Users\nihar\AppData\Local\Programs\MiKTeX\tex/generic/pgf/modules\pgfmoduledecorations.code.tex
\pgfdecoratedcompleteddistance=\dimen298
\pgfdecoratedremainingdistance=\dimen299
\pgfdecoratedinputsegmentcompleteddistance=\dimen300
\pgfdecoratedinputsegmentremainingdistance=\dimen301
\pgf@decorate@distancetomove=\dimen302
\pgf@decorate@repeatstate=\count334
\pgfdecorationsegmentamplitude=\dimen303
\pgfdecorationsegmentlength=\dimen304
)
\tikz@lib@dec@box=\box72
) (C:\Users\nihar\AppData\Local\Programs\MiKTeX\tex/generic/pgf/frontendlayer/tikz/libraries\tikzlibrarydecorations.pathmorphing.code.tex (C:\Users\nihar\AppData\Local\Programs\MiKTeX\tex/generic/pgf/libraries/decorations\pgflibrarydecorations.pathmorphing.code.tex)) (C:\Users\nihar\AppData\Local\Programs\MiKTeX\tex/generic/pgf/frontendlayer/tikz/libraries\tikzlibrarydecorations.pathreplacing.code.tex (C:\Users\nihar\AppData\Local\Programs\MiKTeX\tex/generic/pgf/libraries/decorations\pgflibrarydecorations.pathreplacing.code.tex)) (C:\Users\nihar\AppData\Local\Programs\MiKTeX\tex/generic/pgfplots/libs\tikzlibrarypgfplots.contourlua.code.tex)
\pgfplots@numplots=\count335
\pgfplots@xmin@reg=\dimen305
\pgfplots@xmax@reg=\dimen306
\pgfplots@ymin@reg=\dimen307
\pgfplots@ymax@reg=\dimen308
\pgfplots@zmin@reg=\dimen309
\pgfplots@zmax@reg=\dimen310
) (C:\Users\nihar\AppData\Local\Programs\MiKTeX\tex/generic/pgf/frontendlayer/tikz/libraries\tikzlibraryplotmarks.code.tex
File: tikzlibraryplotmarks.code.tex 2023-01-15 v3.1.10 (3.1.10)
 (C:\Users\nihar\AppData\Local\Programs\MiKTeX\tex/generic/pgf/libraries\pgflibraryplotmarks.code.tex
File: pgflibraryplotmarks.code.tex 2023-01-15 v3.1.10 (3.1.10)
))) (C:\Users\nihar\AppData\Local\Programs\MiKTeX\tex/latex/pgfplots\pgfplotstable.sty (C:\Users\nihar\AppData\Local\Programs\MiKTeX\tex/generic/pgfplots\pgfplots.revision.tex)
Package: pgfplotstable 2021/05/15 v1.18.1 Table typesetting and Pretty-printing (1.18.1)
 (C:\Users\nihar\AppData\Local\Programs\MiKTeX\tex/generic/pgfplots/numtable\pgfplotstable.code.tex (C:\Users\nihar\AppData\Local\Programs\MiKTeX\tex/generic/pgfplots/numtable\pgfplotstable.coltype.code.tex)) (C:\Users\nihar\AppData\Local\Programs\MiKTeX\tex/latex/tools\array.sty
Package: array 2022/09/04 v2.5g Tabular extension package (FMi)
\col@sep=\dimen311
\ar@mcellbox=\box73
\extrarowheight=\dimen312
\NC@list=\toks57
\extratabsurround=\skip72
\backup@length=\skip73
\ar@cellbox=\box74
)) (C:\Users\nihar\AppData\Local\Programs\MiKTeX\tex/latex/booktabs\booktabs.sty
Package: booktabs 2020/01/12 v1.61803398 Publication quality tables
\heavyrulewidth=\dimen313
\lightrulewidth=\dimen314
\cmidrulewidth=\dimen315
\belowrulesep=\dimen316
\belowbottomsep=\dimen317
\aboverulesep=\dimen318
\abovetopsep=\dimen319
\cmidrulesep=\dimen320
\cmidrulekern=\dimen321
\defaultaddspace=\dimen322
\@cmidla=\count336
\@cmidlb=\count337
\@aboverulesep=\dimen323
\@belowrulesep=\dimen324
\@thisruleclass=\count338
\@lastruleclass=\count339
\@thisrulewidth=\dimen325
) (C:\Users\nihar\AppData\Local\Programs\MiKTeX\tex/latex/multirow\multirow.sty
Package: multirow 2021/03/15 v2.8 Span multiple rows of a table
\multirow@colwidth=\skip74
\multirow@cntb=\count340
\multirow@dima=\skip75
\bigstrutjot=\dimen326
) (C:\Users\nihar\AppData\Local\Programs\MiKTeX\tex/latex/tools\longtable.sty
Package: longtable 2021-09-01 v4.17 Multi-page Table package (DPC)
\LTleft=\skip76
\LTright=\skip77
\LTpre=\skip78
\LTpost=\skip79
\LTchunksize=\count341
\LTcapwidth=\dimen327
\LT@head=\box75
\LT@firsthead=\box76
\LT@foot=\box77
\LT@lastfoot=\box78
\LT@gbox=\box79
\LT@cols=\count342
\LT@rows=\count343
\c@LT@tables=\count344
\c@LT@chunks=\count345
\LT@p@ftn=\toks58
) (C:\Users\nihar\AppData\Local\Programs\MiKTeX\tex/latex/listings\listings.sty
\lst@mode=\count346
\lst@gtempboxa=\box80
\lst@token=\toks59
\lst@length=\count347
\lst@currlwidth=\dimen328
\lst@column=\count348
\lst@pos=\count349
\lst@lostspace=\dimen329
\lst@width=\dimen330
\lst@newlines=\count350
\lst@lineno=\count351
\lst@maxwidth=\dimen331
 (C:\Users\nihar\AppData\Local\Programs\MiKTeX\tex/latex/listings\lstmisc.sty
File: lstmisc.sty 2023/02/27 1.9 (Carsten Heinz)
\c@lstnumber=\count352
\lst@skipnumbers=\count353
\lst@framebox=\box81
) (C:\Users\nihar\AppData\Local\Programs\MiKTeX\tex/latex/listings\listings.cfg
File: listings.cfg 2023/02/27 1.9 listings configuration
))
Package: listings 2023/02/27 1.9 (Carsten Heinz)
 (C:\Users\nihar\AppData\Local\Programs\MiKTeX\tex/latex/colortbl\colortbl.sty
Package: colortbl 2022/06/20 v1.0f Color table columns (DPC)
\everycr=\toks60
\minrowclearance=\skip80
\rownum=\count354
) (C:\Users\nihar\AppData\Local\Programs\MiKTeX\tex/latex/braket\braket.sty) (C:\Users\nihar\AppData\Local\Programs\MiKTeX\tex/latex/qcircuit\qcircuit.sty
Package: qcircuit 2018/08/14
 (C:\Users\nihar\AppData\Local\Programs\MiKTeX\tex/generic/xypic\xy.sty (C:\Users\nihar\AppData\Local\Programs\MiKTeX\tex/generic/xypic\xy.tex Bootstrap'ing: catcodes, docmode, (C:\Users\nihar\AppData\Local\Programs\MiKTeX\tex/generic/xypic\xyrecat.tex) (C:\Users\nihar\AppData\Local\Programs\MiKTeX\tex/generic/xypic\xyidioms.tex)

 Xy-pic version 3.8.9 <2013/10/06>
 Copyright (c) 1991-2013 by Kristoffer H. Rose <krisrose@tug.org> and others
 Xy-pic is free software: see the User's Guide for details.

Loading kernel: messages; fonts; allocations: state,
\X@c=\dimen332
\Y@c=\dimen333
\U@c=\dimen334
\D@c=\dimen335
\L@c=\dimen336
\R@c=\dimen337
\Edge@c=\toks61
\X@p=\dimen338
\Y@p=\dimen339
\U@p=\dimen340
\D@p=\dimen341
\L@p=\dimen342
\R@p=\dimen343
\Edge@p=\toks62
\X@origin=\dimen344
\Y@origin=\dimen345
\X@xbase=\dimen346
\Y@xbase=\dimen347
\X@ybase=\dimen348
\Y@ybase=\dimen349
\X@min=\dimen350
\Y@min=\dimen351
\X@max=\dimen352
\Y@max=\dimen353
\lastobjectbox@=\box82
\zerodotbox@=\box83
\almostz@=\dimen354
 direction,
\d@X=\dimen355
\d@Y=\dimen356
\K@=\count355
\KK@=\count356
\Direction=\count357
\K@dXdY=\dimen357
\K@dYdX=\dimen358
\xyread@=\read3
\xywrite@=\write4
\csp@=\count358
\quotPTK@=\dimen359
 utility macros; pictures: \xy, positions,
\swaptoks@@=\toks63
\connectobjectbox@@=\box84
 objects,
\styletoks@=\toks64
 decorations; kernel objects: directionals, circles, text; options; algorithms: directions, edges, connections;  Xy-pic loaded) (C:\Users\nihar\AppData\Local\Programs\MiKTeX\tex/generic/iftex\ifpdf.sty
Package: ifpdf 2019/10/25 v3.4 ifpdf legacy package. Use iftex instead.
)
Package: xy 2013/10/06 Xy-pic version 3.8.9
 (C:\Users\nihar\AppData\Local\Programs\MiKTeX\tex/generic/xypic\xypdf.tex  Xy-pic option: PDF driver v.1.7 loaded)) (C:\Users\nihar\AppData\Local\Programs\MiKTeX\tex/generic/xypic\xymatrix.tex  Xy-pic option: Matrix feature v.3.14
\Row=\count359
\Col=\count360
\queue@=\toks65
\queue@@=\toks66
\qcount@=\count361
\qcount@@=\count362
\matrixsize@=\count363
 loaded) (C:\Users\nihar\AppData\Local\Programs\MiKTeX\tex/generic/xypic\xyframe.tex  Xy-pic option: Frame and Bracket extension v.3.14 loaded) Xy-pic pdf driver: `frame' extension support (C:\Users\nihar\AppData\Local\Programs\MiKTeX\tex/generic/xypic\xypdf-fr.tex (C:\Users\nihar\AppData\Local\Programs\MiKTeX\tex/generic/xypic\xycurve.tex  Xy-pic option: Curve and Spline extension v.3.12 curve,
\crv@cnt@=\count364
\crvpts@=\toks67
\splinebox@=\box85
\splineval@=\dimen360
\splinedepth@=\dimen361
\splinetol@=\dimen362
\splinelength@=\dimen363
 circles,
\L@=\dimen364
 loaded) Xy-pic pdf driver: `curve' extension support (C:\Users\nihar\AppData\Local\Programs\MiKTeX\tex/generic/xypic\xypdf-cu.tex loaded) loaded) (C:\Users\nihar\AppData\Local\Programs\MiKTeX\tex/generic/xypic\xyarrow.tex  Xy-pic option: Arrow and Path feature v.3.9 path, \ar, loaded) (C:\Users\nihar\AppData\Local\Programs\MiKTeX\tex/generic/xypic\xyarc.tex  Xy-pic option: Circle, Ellipse, Arc feature v.3.8 circles, ellipses, elliptical arcs, loaded)) (C:\Users\nihar\AppData\Local\Programs\MiKTeX\tex/latex/circuitikz\circuitikz.sty
Package: circuitikz 2024/02/09{} The CircuiTikz circuit drawing package version 1.6.7
 (C:\Users\nihar\AppData\Local\Programs\MiKTeX\tex/generic/pgf/frontendlayer/tikz/libraries\tikzlibrarycalc.code.tex
File: tikzlibrarycalc.code.tex 2023-01-15 v3.1.10 (3.1.10)
) (C:\Users\nihar\AppData\Local\Programs\MiKTeX\tex/generic/pgf/frontendlayer/tikz/libraries\tikzlibrarybending.code.tex
File: tikzlibrarybending.code.tex 2023-01-15 v3.1.10 (3.1.10)
 (C:\Users\nihar\AppData\Local\Programs\MiKTeX\tex/generic/pgf/modules\pgfmodulebending.code.tex
File: pgfmodulebending.code.tex 2023-01-15 v3.1.10 (3.1.10)
 (C:\Users\nihar\AppData\Local\Programs\MiKTeX\tex/generic/pgf/modules\pgfmodulenonlineartransformations.code.tex
File: pgfmodulenonlineartransformations.code.tex 2023-01-15 v3.1.10 (3.1.10)
\pgftransformnonlinearflatness=\dimen365
) (C:\Users\nihar\AppData\Local\Programs\MiKTeX\tex/generic/pgf/libraries\pgflibrarycurvilinear.code.tex
File: pgflibrarycurvilinear.code.tex 2023-01-15 v3.1.10 (3.1.10)
\pgf@curvilinear@time@a=\dimen366
\pgf@curvilinear@length@a=\dimen367
\pgf@curvilinear@length@b=\dimen368
\pgf@curvilinear@length@c=\dimen369
\pgf@curvilinear@length@d=\dimen370
)
\pgf@arrows@the@rigidity=\dimen371
)) (C:\Users\nihar\AppData\Local\Programs\MiKTeX\tex/generic/pgf/frontendlayer/tikz/libraries\tikzlibraryfpu.code.tex) (C:\Users\nihar\AppData\Local\Programs\MiKTeX\tex/generic/circuitikz\pgfcirc.defines.tex
\pgf@circ@count@a=\count365
\pgf@circ@count@b=\count366
\pgf@circ@count@c=\count367
\pgf@circ@res@up=\dimen372
\pgf@circ@res@down=\dimen373
\pgf@circ@res@zero=\dimen374
\pgf@circ@res@left=\dimen375
\pgf@circ@res@right=\dimen376
\pgf@circ@res@other=\dimen377
\pgf@circ@res@step=\dimen378
\pgf@circ@res@temp=\dimen379
\pgf@circ@Rlen=\dimen380
\pgf@circ@scaled@Rlen=\dimen381
\pgfstartlinewidth=\dimen382
) (C:\Users\nihar\AppData\Local\Programs\MiKTeX\tex/generic/circuitikz\pgfcircutils.tex
\ctikz@scratchbox=\box86
) (C:\Users\nihar\AppData\Local\Programs\MiKTeX\tex/generic/circuitikz\pgfcircpath.tex) (C:\Users\nihar\AppData\Local\Programs\MiKTeX\tex/generic/circuitikz\pgfcircshapes.tex) (C:\Users\nihar\AppData\Local\Programs\MiKTeX\tex/generic/circuitikz\pgfcircmonopoles.tex) (C:\Users\nihar\AppData\Local\Programs\MiKTeX\tex/generic/circuitikz\pgfcircbipoles.tex) (C:\Users\nihar\AppData\Local\Programs\MiKTeX\tex/generic/circuitikz\pgfcirctripoles.tex
\pgf@circ@res@count=\count368
) (C:\Users\nihar\AppData\Local\Programs\MiKTeX\tex/generic/circuitikz\pgfcircquadpoles.tex) (C:\Users\nihar\AppData\Local\Programs\MiKTeX\tex/generic/circuitikz\pgfcircmultipoles.tex) (C:\Users\nihar\AppData\Local\Programs\MiKTeX\tex/generic/circuitikz\pgfcirclabel.tex) (C:\Users\nihar\AppData\Local\Programs\MiKTeX\tex/generic/circuitikz\pgfcircvoltage.tex
\pgfcirc@labelshift=\dimen383
) (C:\Users\nihar\AppData\Local\Programs\MiKTeX\tex/generic/circuitikz\pgfcirccurrent.tex) (C:\Users\nihar\AppData\Local\Programs\MiKTeX\tex/generic/circuitikz\pgfcircflow.tex)) (C:\Users\nihar\AppData\Local\Programs\MiKTeX\tex/latex/algorithms\algorithm.sty
Package: algorithm 2009/08/24 v0.1 Document Style `algorithm' - floating environment
\@float@every@algorithm=\toks68
\c@algorithm=\count369
) (C:\Users\nihar\AppData\Local\Programs\MiKTeX\tex/latex/algorithmicx\algpseudocode.sty
Package: algpseudocode 
 (C:\Users\nihar\AppData\Local\Programs\MiKTeX\tex/latex/algorithmicx\algorithmicx.sty
Package: algorithmicx 2005/04/27 v1.2 Algorithmicx

Document Style algorithmicx 1.2 - a greatly improved `algorithmic' style
\c@ALG@line=\count370
\c@ALG@rem=\count371
\c@ALG@nested=\count372
\ALG@tlm=\skip81
\ALG@thistlm=\skip82
\c@ALG@Lnr=\count373
\c@ALG@blocknr=\count374
\c@ALG@storecount=\count375
\c@ALG@tmpcounter=\count376
\ALG@tmplength=\skip83
)
Document Style - pseudocode environments for use with the `algorithmicx' style
) (C:\Users\nihar\AppData\Local\Programs\MiKTeX\tex/latex/tcolorbox\tcolorbox.sty
Package: tcolorbox 2023/09/26 version 6.1.0 text color boxes
 (C:\Users\nihar\AppData\Local\Programs\MiKTeX\tex/latex/tools\verbatim.sty
Package: verbatim 2022-07-02 v1.5u LaTeX2e package for verbatim enhancements
\every@verbatim=\toks69
\verbatim@line=\toks70
\verbatim@in@stream=\read4
) (C:\Users\nihar\AppData\Local\Programs\MiKTeX\tex/latex/environ\environ.sty
Package: environ 2014/05/04 v0.3 A new way to define environments
 (C:\Users\nihar\AppData\Local\Programs\MiKTeX\tex/latex/trimspaces\trimspaces.sty
Package: trimspaces 2009/09/17 v1.1 Trim spaces around a token list
))
\tcb@titlebox=\box87
\tcb@upperbox=\box88
\tcb@lowerbox=\box89
\tcb@phantombox=\box90
\c@tcbbreakpart=\count377
\c@tcblayer=\count378
\c@tcolorbox@number=\count379
\tcb@temp=\box91
\tcb@temp=\box92
\tcb@temp=\box93
\tcb@temp=\box94
)
\c@problem=\count380
\c@theorem=\count381
\c@axiom=\count382
\c@definition=\count383
\c@example=\count384
 (notes.aux

LaTeX Warning: Label `harrow2009quantum' multiply defined.


LaTeX Warning: Label `lin2022lecture' multiply defined.


LaTeX Warning: Label `shewchuk1994introduction' multiply defined.

)
\openout1 = `notes.aux'.

LaTeX Font Info:    Checking defaults for OML/cmm/m/it on input line 159.
LaTeX Font Info:    ... okay on input line 159.
LaTeX Font Info:    Checking defaults for OMS/cmsy/m/n on input line 159.
LaTeX Font Info:    ... okay on input line 159.
LaTeX Font Info:    Checking defaults for OT1/cmr/m/n on input line 159.
LaTeX Font Info:    ... okay on input line 159.
LaTeX Font Info:    Checking defaults for T1/cmr/m/n on input line 159.
LaTeX Font Info:    ... okay on input line 159.
LaTeX Font Info:    Checking defaults for TS1/cmr/m/n on input line 159.
LaTeX Font Info:    ... okay on input line 159.
LaTeX Font Info:    Checking defaults for OMX/cmex/m/n on input line 159.
LaTeX Font Info:    ... okay on input line 159.
LaTeX Font Info:    Checking defaults for U/cmr/m/n on input line 159.
LaTeX Font Info:    ... okay on input line 159.
LaTeX Font Info:    Checking defaults for PD1/pdf/m/n on input line 159.
LaTeX Font Info:    ... okay on input line 159.
LaTeX Font Info:    Checking defaults for PU/pdf/m/n on input line 159.
LaTeX Font Info:    ... okay on input line 159.
 (C:\Users\nihar\AppData\Local\Programs\MiKTeX\tex/context/base/mkii\supp-pdf.mkii
[Loading MPS to PDF converter (version 2006.09.02).]
\scratchcounter=\count385
\scratchdimen=\dimen384
\scratchbox=\box95
\nofMPsegments=\count386
\nofMParguments=\count387
\everyMPshowfont=\toks71
\MPscratchCnt=\count388
\MPscratchDim=\dimen385
\MPnumerator=\count389
\makeMPintoPDFobject=\count390
\everyMPtoPDFconversion=\toks72
) (C:\Users\nihar\AppData\Local\Programs\MiKTeX\tex/latex/epstopdf-pkg\epstopdf-base.sty
Package: epstopdf-base 2020-01-24 v2.11 Base part for package epstopdf
Package epstopdf-base Info: Redefining graphics rule for `.eps' on input line 485.
 (C:\Users\nihar\AppData\Local\Programs\MiKTeX\tex/latex/00miktex\epstopdf-sys.cfg
File: epstopdf-sys.cfg 2021/03/18 v2.0 Configuration of epstopdf for MiKTeX
))
Package hyperref Info: Link coloring OFF on input line 159.
 (notes.out) (notes.out)
\@outlinefile=\write5
\openout5 = `notes.out'.

Package caption Info: Begin \AtBeginDocument code.
Package caption Info: listings package is loaded.
Package caption Info: longtable package is loaded.
 (C:\Users\nihar\AppData\Local\Programs\MiKTeX\tex/latex/caption\ltcaption.sty
Package: ltcaption 2021/01/08 v1.4c longtable captions (AR)
)
Package caption Info: wrapfig package is loaded.
Package caption Info: End \AtBeginDocument code.

*geometry* driver: auto-detecting
*geometry* detected driver: pdftex
*geometry* verbose mode - [ preamble ] result:
* driver: pdftex
* paper: <default>
* layout: <same size as paper>
* layoutoffset:(h,v)=(0.0pt,0.0pt)
* modes: 
* h-part:(L,W,R)=(92.14519pt, 430.00462pt, 92.14519pt)
* v-part:(T,H,B)=(95.39737pt, 556.47656pt, 143.09605pt)
* \paperwidth=614.295pt
* \paperheight=794.96999pt
* \textwidth=430.00462pt
* \textheight=556.47656pt
* \oddsidemargin=19.8752pt
* \evensidemargin=19.8752pt
* \topmargin=-8.74641pt
* \headheight=12.0pt
* \headsep=19.8738pt
* \topskip=12.0pt
* \footskip=30.0pt
* \marginparwidth=47.0pt
* \marginparsep=7.0pt
* \columnsep=10.0pt
* \skip\footins=10.8pt plus 4.0pt minus 2.0pt
* \hoffset=0.0pt
* \voffset=0.0pt
* \mag=1000
* \@twocolumnfalse
* \@twosidefalse
* \@mparswitchfalse
* \@reversemarginfalse
* (1in=72.27pt=25.4mm, 1cm=28.453pt)

Package pgfplots notification 'compat/show suggested version=true': document has been generated with the most recent feature set (\pgfplotsset{compat=1.18}).

\c@lstlisting=\count391
LaTeX Font Info:    Trying to load font information for U+msa on input line 159.
(C:\Users\nihar\AppData\Local\Programs\MiKTeX\tex/latex/amsfonts\umsa.fd
File: umsa.fd 2013/01/14 v3.01 AMS symbols A
)
LaTeX Font Info:    Trying to load font information for U+msb on input line 159.
 (C:\Users\nihar\AppData\Local\Programs\MiKTeX\tex/latex/amsfonts\umsb.fd
File: umsb.fd 2013/01/14 v3.01 AMS symbols B
)
LaTeX Font Info:    Trying to load font information for U+rsfs on input line 159.
 (C:\Users\nihar\AppData\Local\Programs\MiKTeX\tex/latex/jknappen\ursfs.fd
File: ursfs.fd 1998/03/24 rsfs font definition file (jk)
)
Package xypdf Info: Line width: 0.47998pt on input line 159.
 [1



{C:/Users/nihar/AppData/Local/MiKTeX/fonts/map/pdftex/pdftex.map}]
<../images/IISc_Master_Seal_Black.jpg, id=544, 2409.0pt x 2409.0pt>
File: ../images/IISc_Master_Seal_Black.jpg Graphic file (type jpg)
<use ../images/IISc_Master_Seal_Black.jpg>
Package pdftex.def Info: ../images/IISc_Master_Seal_Black.jpg  used on input line 176.
(pdftex.def)             Requested size: 129.00269pt x 128.98499pt.

pdfTeX warning (ext4): destination with the same identifier (name{page.i}) has been already used, duplicate ignored
<to be read again> 
                   \relax 
l.182 \frontmatter
                   [1 <../images/IISc_Master_Seal_Black.jpg>]
pdfTeX warning (ext4): destination with the same identifier (name{page.i}) has been already used, duplicate ignored
<to be read again> 
                   \relax 
l.199 \begin{Acknowledgements}
                               [1


] [2

] (notes.toc [3

] [4] [5] [6])
\tf@toc=\write6
\openout6 = `notes.toc'.

 [7] (notes.lof [8

] [9])
\tf@lof=\write7
\openout7 = `notes.lof'.

 [10] (notes.lot)
\tf@lot=\write8
\openout8 = `notes.lot'.

 [11

] [12

]
Chapter 1.
[1


]
Overfull \hbox (1.34645pt too wide) in paragraph at lines 272--274
[]\OT1/cmr/m/n/12 The sim-plest sys-tem is qubit - a quan-tum me-chan-i-cal sys-tem with two-dimensional
 []

[2] [3] [4] [5] [6] [7] [8] [9]
Overfull \hbox (3.00206pt too wide) in paragraph at lines 534--538
[]\OT1/cmr/m/n/12 We spec-ify m pos-i-tive semi-definite (Psd) ma-tri-ces $\OML/cmm/m/it/12 E[]; [] ; E[]$ \OT1/cmr/m/n/12 such that $[][] \OML/cmm/m/it/12 E[] \OT1/cmr/m/n/12 =
 []

[10] [11] [12] [13] [14] [15]
Chapter 2.

Overfull \hbox (15.22112pt too wide) in paragraph at lines 662--662
|[]\OT1/cmr/bx/n/17.28 Bloch-Poincare sphere rep-re-sen-ta-tion of a Qubit| 
 []

[16

]
<../images/bloch_sphere_dia.png, id=1063, 914.41624pt x 796.9775pt>
File: ../images/bloch_sphere_dia.png Graphic file (type png)
<use ../images/bloch_sphere_dia.png>
Package pdftex.def Info: ../images/bloch_sphere_dia.png  used on input line 691.
(pdftex.def)             Requested size: 258.00539pt x 224.86685pt.
 (C:\Users\nihar\AppData\Local\Programs\MiKTeX\tex/latex/listings\lstlang1.sty
File: lstlang1.sty 2023/02/27 1.9 listings language file
) [17 <../images/bloch_sphere_dia.png>]
LaTeX Font Info:    Trying to load font information for OML+cmr on input line 721.
 (C:\Users\nihar\AppData\Local\Programs\MiKTeX\tex/latex/base\omlcmr.fd
File: omlcmr.fd 2023/04/13 v2.5m Standard LaTeX font definitions
)
LaTeX Font Info:    Font shape `OML/cmr/m/n' in size <10> not available
(Font)              Font shape `OML/cmm/m/it' tried instead on input line 721.
<../images/bloch_sphere.png, id=1073, 361.35pt x 361.35pt>
File: ../images/bloch_sphere.png Graphic file (type png)
<use ../images/bloch_sphere.png>
Package pdftex.def Info: ../images/bloch_sphere.png  used on input line 743.
(pdftex.def)             Requested size: 215.0023pt x 215.00316pt.
 [18] [19 <../images/bloch_sphere.png>] [20] [21]
<../images/pauli-i.png, id=1130, 133.6995pt x 84.5559pt>
File: ../images/pauli-i.png Graphic file (type png)
<use ../images/pauli-i.png>
Package pdftex.def Info: ../images/pauli-i.png  used on input line 877.
(pdftex.def)             Requested size: 129.00269pt x 81.59203pt.
 [22 <../images/pauli-i.png>]
<../images/pauli-x.png, id=1148, 133.6995pt x 84.5559pt>
File: ../images/pauli-x.png Graphic file (type png)
<use ../images/pauli-x.png>
Package pdftex.def Info: ../images/pauli-x.png  used on input line 946.
(pdftex.def)             Requested size: 129.00269pt x 81.59203pt.
 [23 <../images/pauli-x.png>] [24]
<../images/pauli-y.png, id=1171, 133.6995pt x 84.5559pt>
File: ../images/pauli-y.png Graphic file (type png)
<use ../images/pauli-y.png>
Package pdftex.def Info: ../images/pauli-y.png  used on input line 1025.
(pdftex.def)             Requested size: 129.00269pt x 81.59203pt.

Overfull \hbox (5.99387pt too wide) detected at line 1052
[]
 []

[25 <../images/pauli-y.png>]
<../images/pauli-z.png, id=1189, 133.6995pt x 84.5559pt>
File: ../images/pauli-z.png Graphic file (type png)
<use ../images/pauli-z.png>
Package pdftex.def Info: ../images/pauli-z.png  used on input line 1107.
(pdftex.def)             Requested size: 129.00269pt x 81.59203pt.
 [26] [27 <../images/pauli-z.png>] [28]
<../images/hadamard.png, id=1215, 133.6995pt x 84.5559pt>
File: ../images/hadamard.png Graphic file (type png)
<use ../images/hadamard.png>
Package pdftex.def Info: ../images/hadamard.png  used on input line 1250.
(pdftex.def)             Requested size: 129.00269pt x 81.59203pt.
 [29 <../images/hadamard.png>] [30] [31]
Overfull \hbox (1.00815pt too wide) in paragraph at lines 1358--1362
\OT1/cmr/m/n/12 Consider a state $[] = []$. We are sup-pose to find $\OML/cmm/m/it/12 H[] []$\OT1/cmr/m/n/12 .
 []


Package hyperref Warning: Token not allowed in a PDF string (Unicode):
(hyperref)                removing `math shift' on input line 1370.


Package hyperref Warning: Token not allowed in a PDF string (Unicode):
(hyperref)                removing `math shift' on input line 1370.


Package hyperref Warning: Token not allowed in a PDF string (Unicode):
(hyperref)                removing `math shift' on input line 1370.


Package hyperref Warning: Token not allowed in a PDF string (Unicode):
(hyperref)                removing `superscript' on input line 1370.


Package hyperref Warning: Token not allowed in a PDF string (Unicode):
(hyperref)                removing `\dagger' on input line 1370.


Package hyperref Warning: Token not allowed in a PDF string (Unicode):
(hyperref)                removing `math shift' on input line 1370.

[32]
<../images/s-gate.png, id=1255, 133.6995pt x 84.5559pt>
File: ../images/s-gate.png Graphic file (type png)
<use ../images/s-gate.png>
Package pdftex.def Info: ../images/s-gate.png  used on input line 1404.
(pdftex.def)             Requested size: 129.00269pt x 81.59203pt.
 [33 <../images/s-gate.png>]
<../images/sdag-gate.png, id=1265, 133.6995pt x 84.5559pt>
File: ../images/sdag-gate.png Graphic file (type png)
<use ../images/sdag-gate.png>
Package pdftex.def Info: ../images/sdag-gate.png  used on input line 1478.
(pdftex.def)             Requested size: 129.00269pt x 81.59203pt.
 [34 <../images/sdag-gate.png>]

Package hyperref Warning: Token not allowed in a PDF string (Unicode):
(hyperref)                removing `math shift' on input line 1520.


Package hyperref Warning: Token not allowed in a PDF string (Unicode):
(hyperref)                removing `math shift' on input line 1520.


Package hyperref Warning: Token not allowed in a PDF string (Unicode):
(hyperref)                removing `math shift' on input line 1520.


Package hyperref Warning: Token not allowed in a PDF string (Unicode):
(hyperref)                removing `superscript' on input line 1520.


Package hyperref Warning: Token not allowed in a PDF string (Unicode):
(hyperref)                removing `\dagger' on input line 1520.


Package hyperref Warning: Token not allowed in a PDF string (Unicode):
(hyperref)                removing `math shift' on input line 1520.

<../images/t-gate.png, id=1283, 133.6995pt x 84.5559pt>
File: ../images/t-gate.png Graphic file (type png)
<use ../images/t-gate.png>
Package pdftex.def Info: ../images/t-gate.png  used on input line 1555.
(pdftex.def)             Requested size: 129.00269pt x 81.59203pt.
[35] [36 <../images/t-gate.png>]
<../images/tdag-gate.png, id=1306, 133.6995pt x 84.5559pt>
File: ../images/tdag-gate.png Graphic file (type png)
<use ../images/tdag-gate.png>
Package pdftex.def Info: ../images/tdag-gate.png  used on input line 1629.
(pdftex.def)             Requested size: 129.00269pt x 81.59203pt.
 [37 <../images/tdag-gate.png>]
<../images/rx-gate.png, id=1323, 133.6995pt x 84.5559pt>
File: ../images/rx-gate.png Graphic file (type png)
<use ../images/rx-gate.png>
Package pdftex.def Info: ../images/rx-gate.png  used on input line 1736.
(pdftex.def)             Requested size: 129.00269pt x 81.59203pt.
 [38]
<../images/ry-gate.png, id=1340, 133.6995pt x 84.5559pt>
File: ../images/ry-gate.png Graphic file (type png)
<use ../images/ry-gate.png>
Package pdftex.def Info: ../images/ry-gate.png  used on input line 1768.
(pdftex.def)             Requested size: 129.00269pt x 81.59203pt.
 [39 <../images/rx-gate.png> <../images/ry-gate.png>]
<../images/rz-gate.png, id=1358, 133.6995pt x 84.5559pt>
File: ../images/rz-gate.png Graphic file (type png)
<use ../images/rz-gate.png>
Package pdftex.def Info: ../images/rz-gate.png  used on input line 1801.
(pdftex.def)             Requested size: 129.00269pt x 81.59203pt.
 [40 <../images/rz-gate.png>]
<../images/u3-gate.png, id=1375, 194.4063pt x 84.5559pt>
File: ../images/u3-gate.png Graphic file (type png)
<use ../images/u3-gate.png>
Package pdftex.def Info: ../images/u3-gate.png  used on input line 1852.
(pdftex.def)             Requested size: 129.00269pt x 56.11282pt.
 [41 <../images/u3-gate.png>]
<../images/cnot-gate.png, id=1395, 146.7081pt x 144.54pt>
File: ../images/cnot-gate.png Graphic file (type png)
<use ../images/cnot-gate.png>
Package pdftex.def Info: ../images/cnot-gate.png  used on input line 1906.
(pdftex.def)             Requested size: 129.00269pt x 127.09853pt.
 [42] [43 <../images/cnot-gate.png>]
<../images/cy-gate.png, id=1420, 146.7081pt x 144.54pt>
File: ../images/cy-gate.png Graphic file (type png)
<use ../images/cy-gate.png>
Package pdftex.def Info: ../images/cy-gate.png  used on input line 1999.
(pdftex.def)             Requested size: 129.00269pt x 127.09853pt.
 [44] [45 <../images/cy-gate.png>]
<../images/CZ-gate.png, id=1445, 146.7081pt x 144.54pt>
File: ../images/CZ-gate.png Graphic file (type png)
<use ../images/CZ-gate.png>
Package pdftex.def Info: ../images/CZ-gate.png  used on input line 2094.
(pdftex.def)             Requested size: 129.00269pt x 127.09853pt.
 [46] [47 <../images/CZ-gate.png>]
<../images/ch-gate.png, id=1470, 146.7081pt x 144.54pt>
File: ../images/ch-gate.png Graphic file (type png)
<use ../images/ch-gate.png>
Package pdftex.def Info: ../images/ch-gate.png  used on input line 2186.
(pdftex.def)             Requested size: 129.00269pt x 127.09853pt.
 [48 <../images/ch-gate.png>] [49] [50]
<../images/swap-gate.png, id=1498, 146.7081pt x 144.54pt>
File: ../images/swap-gate.png Graphic file (type png)
<use ../images/swap-gate.png>
Package pdftex.def Info: ../images/swap-gate.png  used on input line 2305.
(pdftex.def)             Requested size: 129.00269pt x 127.09853pt.
 [51 <../images/swap-gate.png>]
<../images/swap-gatemeth1.png, id=1515, 267.399pt x 144.54pt>
File: ../images/swap-gatemeth1.png Graphic file (type png)
<use ../images/swap-gatemeth1.png>
Package pdftex.def Info: ../images/swap-gatemeth1.png  used on input line 2355.
(pdftex.def)             Requested size: 129.00269pt x 69.73128pt.
<../images/swap-gatemeth2.png, id=1516, 267.399pt x 144.54pt>
File: ../images/swap-gatemeth2.png Graphic file (type png)
<use ../images/swap-gatemeth2.png>
Package pdftex.def Info: ../images/swap-gatemeth2.png  used on input line 2362.
(pdftex.def)             Requested size: 129.00269pt x 69.73128pt.
 [52 <../images/swap-gatemeth1.png> <../images/swap-gatemeth2.png>]
<../images/ccx-gate.png, id=1526, 146.7081pt x 205.2468pt>
File: ../images/ccx-gate.png Graphic file (type png)
<use ../images/ccx-gate.png>
Package pdftex.def Info: ../images/ccx-gate.png  used on input line 2409.
(pdftex.def)             Requested size: 129.00269pt x 180.47992pt.
 [53]
Overfull \hbox (31.2131pt too wide) in paragraph at lines 2429--2431
[]\OT1/cmr/m/n/12 It is rep-re-sented by the ma-trix in the com-pu-ta-tional ba-sis ($[] \OML/cmm/m/it/12 ; [] ; [] ; [] ; []$\OT1/cmr/m/n/12 )
 []

[54 <../images/ccx-gate.png>]
Overfull \hbox (14.23137pt too wide) detected at line 2479
[] [] \OT1/cmr/m/n/12 = [] = \OML/cmm/m/it/12  [] \OT1/cmr/m/n/12 + \OML/cmm/m/it/12 ^^L [] \OT1/cmr/m/n/12 + [] + \OML/cmm/m/it/12 ^^P [] \OT1/cmr/m/n/12 + \OML/cmm/m/it/12 ^^R [] \OT1/cmr/m/n/12 + \OML/cmm/m/it/12 ^^Q []
 []

[55]
<../images/cswap-gate.png, id=1555, 146.7081pt x 205.2468pt>
File: ../images/cswap-gate.png Graphic file (type png)
<use ../images/cswap-gate.png>
Package pdftex.def Info: ../images/cswap-gate.png  used on input line 2522.
(pdftex.def)             Requested size: 129.00269pt x 180.47992pt.
 [56]
Overfull \hbox (31.2131pt too wide) in paragraph at lines 2542--2543
[]\OT1/cmr/m/n/12 It is rep-re-sented by the ma-trix in the com-pu-ta-tional ba-sis ($[] \OML/cmm/m/it/12 ; [] ; [] ; [] ; []$\OT1/cmr/m/n/12 )
 []

[57 <../images/cswap-gate.png>]
Overfull \hbox (14.23137pt too wide) detected at line 2591
[] [] \OT1/cmr/m/n/12 = [] = \OML/cmm/m/it/12  [] \OT1/cmr/m/n/12 + \OML/cmm/m/it/12 ^^L [] \OT1/cmr/m/n/12 + [] + \OML/cmm/m/it/12 ^^P [] \OT1/cmr/m/n/12 + \OML/cmm/m/it/12 ^^R [] \OT1/cmr/m/n/12 + \OML/cmm/m/it/12 ^^Q []
 []

<../images/cswap-gatemeth1.png, id=1577, 268.1217pt x 205.2468pt>
File: ../images/cswap-gatemeth1.png Graphic file (type png)
<use ../images/cswap-gatemeth1.png>
Package pdftex.def Info: ../images/cswap-gatemeth1.png  used on input line 2596.
(pdftex.def)             Requested size: 129.00269pt x 98.75534pt.
[58 <../images/cswap-gatemeth1.png>]
Overfull \vbox (0.3511pt too high) has occurred while \output is active []

 [59]
<../images/qcircuit1.png, id=1589, 509.5035pt x 205.2468pt>
File: ../images/qcircuit1.png Graphic file (type png)
<use ../images/qcircuit1.png>
Package pdftex.def Info: ../images/qcircuit1.png  used on input line 2677.
(pdftex.def)             Requested size: 344.005pt x 138.57631pt.
<../images/qcircuit1-rev.png, id=1591, 509.5035pt x 205.2468pt>
File: ../images/qcircuit1-rev.png Graphic file (type png)
<use ../images/qcircuit1-rev.png>
Package pdftex.def Info: ../images/qcircuit1-rev.png  used on input line 2692.
(pdftex.def)             Requested size: 344.005pt x 138.57631pt.
 [60 <../images/qcircuit1.png> <../images/qcircuit1-rev.png>]
Overfull \hbox (63.0336pt too wide) detected at line 2710
[]
 []


Overfull \hbox (68.77628pt too wide) detected at line 2718
[]
 []

[61] [62] [63] [64]
Chapter 3.
[65

]
<../images/bell-states.png, id=1632, 207.4149pt x 144.54pt>
File: ../images/bell-states.png Graphic file (type png)
<use ../images/bell-states.png>
Package pdftex.def Info: ../images/bell-states.png  used on input line 2854.
(pdftex.def)             Requested size: 344.005pt x 239.7334pt.
 [66] [67 <../images/bell-states.png>]
<../images/bell-states-rev.png, id=1643, 207.4149pt x 144.54pt>
File: ../images/bell-states-rev.png Graphic file (type png)
<use ../images/bell-states-rev.png>
Package pdftex.def Info: ../images/bell-states-rev.png  used on input line 2883.
(pdftex.def)             Requested size: 344.005pt x 239.7334pt.
 [68 <../images/bell-states-rev.png>]
Overfull \hbox (59.5536pt too wide) detected at line 2927
[]
 []

[69]
Underfull \hbox (badness 10000) in paragraph at lines 2950--2958

 []

[70]
<../images/teleportation1.png, id=1660, 207.4149pt x 144.54pt>
File: ../images/teleportation1.png Graphic file (type png)
<use ../images/teleportation1.png>
Package pdftex.def Info: ../images/teleportation1.png  used on input line 2961.
(pdftex.def)             Requested size: 215.0023pt x 149.83282pt.
<../images/teleportation2.png, id=1662, 267.399pt x 205.2468pt>
File: ../images/teleportation2.png Graphic file (type png)
<use ../images/teleportation2.png>
Package pdftex.def Info: ../images/teleportation2.png  used on input line 2970.
(pdftex.def)             Requested size: 215.0023pt x 165.0307pt.
 [71 <../images/teleportation1.png>]
Overfull \hbox (27.81401pt too wide) detected at line 2990
[] []
 []

[72 <../images/teleportation2.png>]
<../images/teleportation.png, id=1677, 630.1944pt x 265.2309pt>
File: ../images/teleportation.png Graphic file (type png)
<use ../images/teleportation.png>
Package pdftex.def Info: ../images/teleportation.png  used on input line 3036.
(pdftex.def)             Requested size: 344.005pt x 144.78067pt.
 [73]
<../images/superdense-coding1.png, id=1684, 207.4149pt x 144.54pt>
File: ../images/superdense-coding1.png Graphic file (type png)
<use ../images/superdense-coding1.png>
Package pdftex.def Info: ../images/superdense-coding1.png  used on input line 3054.
(pdftex.def)             Requested size: 215.0023pt x 149.83282pt.
 [74 <../images/teleportation.png>]
<../images/superdense-coding2.png, id=1693, 94.10156pt x 143.78719pt>
File: ../images/superdense-coding2.png Graphic file (type png)
<use ../images/superdense-coding2.png>
Package pdftex.def Info: ../images/superdense-coding2.png  used on input line 3063.
(pdftex.def)             Requested size: 129.00269pt x 197.12987pt.
 [75 <../images/superdense-coding1.png> <../images/superdense-coding2.png>]
<../images/superdense-coding3.png, id=1702, 207.4149pt x 144.54pt>
File: ../images/superdense-coding3.png Graphic file (type png)
<use ../images/superdense-coding3.png>
Package pdftex.def Info: ../images/superdense-coding3.png  used on input line 3093.
(pdftex.def)             Requested size: 215.0023pt x 149.83282pt.
 [76 <../images/superdense-coding3.png>]
<../images/superdense-coding4.png, id=1710, 270.00874pt x 187.70125pt>
File: ../images/superdense-coding4.png Graphic file (type png)
<use ../images/superdense-coding4.png>
Package pdftex.def Info: ../images/superdense-coding4.png  used on input line 3139.
(pdftex.def)             Requested size: 344.005pt x 239.14551pt.
 [77] [78 <../images/superdense-coding4.png>]
Chapter 4.
<../images/classicalcircuit.png, id=1723, 1523.6925pt x 630.355pt>
File: ../images/classicalcircuit.png Graphic file (type png)
<use ../images/classicalcircuit.png>
Package pdftex.def Info: ../images/classicalcircuit.png  used on input line 3167.
(pdftex.def)             Requested size: 344.005pt x 142.31429pt.
[79

] [80 <../images/classicalcircuit.png>]
<../images/reversiblecswap.png, id=1746, 1209.51875pt x 477.785pt>
File: ../images/reversiblecswap.png Graphic file (type png)
<use ../images/reversiblecswap.png>
Package pdftex.def Info: ../images/reversiblecswap.png  used on input line 3201.
(pdftex.def)             Requested size: 344.005pt x 135.8858pt.
 [81]
<../images/reversibleand.png, id=1752, 1176.395pt x 477.785pt>
File: ../images/reversibleand.png Graphic file (type png)
<use ../images/reversibleand.png>
Package pdftex.def Info: ../images/reversibleand.png  used on input line 3214.
(pdftex.def)             Requested size: 344.005pt x 139.71327pt.
 [82 <../images/reversiblecswap.png> <../images/reversibleand.png>]
<../images/classicaltoquantum.png, id=1761, 1895.08pt x 630.355pt>
File: ../images/classicaltoquantum.png Graphic file (type png)
<use ../images/classicaltoquantum.png>
Package pdftex.def Info: ../images/classicaltoquantum.png  used on input line 3245.
(pdftex.def)             Requested size: 344.005pt x 114.42084pt.
<../images/quantumoracle.png, id=1764, 1981.4025pt x 745.78625pt>
File: ../images/quantumoracle.png Graphic file (type png)
<use ../images/quantumoracle.png>
Package pdftex.def Info: ../images/quantumoracle.png  used on input line 3257.
(pdftex.def)             Requested size: 344.005pt x 129.47899pt.
 [83 <../images/classicaltoquantum.png>]
Overfull \hbox (8.15434pt too wide) in paragraph at lines 3261--3267
[]\OT1/cmr/m/n/12 Using this cir-cuit it can be seen that the out-put of the en-tire cir-cuit is $[] \OML/cmm/m/it/12 ; []$
 []


Overfull \hbox (0.6753pt too wide) in paragraph at lines 3261--3267
\OT1/cmr/m/n/12 cuit ahead. The out-put from the first Quan-tum Cir-cuit $\OML/cmm/m/it/12 U[]$ \OT1/cmr/m/n/12 is $[] \OML/cmm/m/it/12 ; [] ; junk\OT1/cmr/m/n/12 (\OML/cmm/m/it/12 x\OT1/cmr/m/n/12 )$.
 []

<../images/oracle.png, id=1772, 1300.86pt x 629.35126pt>
File: ../images/oracle.png Graphic file (type png)
<use ../images/oracle.png>
Package pdftex.def Info: ../images/oracle.png  used on input line 3272.
(pdftex.def)             Requested size: 344.005pt x 166.42197pt.
[84 <../images/quantumoracle.png>] [85 <../images/oracle.png>]
<../images/elitzur-vaidman.png, id=1785, 315.0972pt x 144.54pt>
File: ../images/elitzur-vaidman.png Graphic file (type png)
<use ../images/elitzur-vaidman.png>
Package pdftex.def Info: ../images/elitzur-vaidman.png  used on input line 3298.
(pdftex.def)             Requested size: 215.0023pt x 98.62553pt.
 [86 <../images/elitzur-vaidman.png>] [87]
<../images/elitzur-vaidmanfinal.png, id=1798, 489.9906pt x 94.4328pt>
File: ../images/elitzur-vaidmanfinal.png Graphic file (type png)
<use ../images/elitzur-vaidmanfinal.png>
Package pdftex.def Info: ../images/elitzur-vaidmanfinal.png  used on input line 3354.
(pdftex.def)             Requested size: 344.005pt x 66.2999pt.

Overfull \hbox (0.79355pt too wide) detected at line 3372
[] [] \OT1/cmr/m/n/12 = [] = [] [] [] + [] [] []
 []

[88 <../images/elitzur-vaidmanfinal.png>] [89] [90]
<../images/deutsch.png, id=1817, 448.7967pt x 205.2468pt>
File: ../images/deutsch.png Graphic file (type png)
<use ../images/deutsch.png>
Package pdftex.def Info: ../images/deutsch.png  used on input line 3464.
(pdftex.def)             Requested size: 344.005pt x 157.32645pt.

Underfull \hbox (badness 10000) in paragraph at lines 3468--3476

 []


Overfull \hbox (68.08485pt too wide) detected at line 3483
[]
 []

[91 <../images/deutsch.png>] [92] [93]
<../images/Deutsch-Jozsa.png, id=1838, 287.0725pt x 176.66pt>
File: ../images/Deutsch-Jozsa.png Graphic file (type png)
<use ../images/Deutsch-Jozsa.png>
Package pdftex.def Info: ../images/Deutsch-Jozsa.png  used on input line 3621.
(pdftex.def)             Requested size: 344.005pt x 211.6998pt.
 [94] [95 <../images/Deutsch-Jozsa.png>] [96] [97]
<../images/deutsch-jozsa-algorithm.png, id=1861, 448.7967pt x 265.2309pt>
File: ../images/deutsch-jozsa-algorithm.png Graphic file (type png)
<use ../images/deutsch-jozsa-algorithm.png>
Package pdftex.def Info: ../images/deutsch-jozsa-algorithm.png  used on input line 3697.
(pdftex.def)             Requested size: 344.005pt x 203.30568pt.

Overfull \hbox (0.48155pt too wide) detected at line 3707
[]
 []

[98 <../images/deutsch-jozsa-algorithm.png>]
Underfull \hbox (badness 10000) in paragraph at lines 3723--3725

 []


Overfull \hbox (8.2568pt too wide) detected at line 3728
[]\OT1/cmr/m/n/12 ([] [] + [] [] + [] [] + [] [] \OMS/cmsy/m/n/12 ^^@ [] [] ^^@ [] [] ^^@ [] [] ^^@ [] []\OT1/cmr/m/n/12 )
 []


Overfull \hbox (8.2568pt too wide) detected at line 3756
[]\OT1/cmr/m/n/12 ([] [] + [] [] + [] [] + [] [] \OMS/cmsy/m/n/12 ^^@ [] [] ^^@ [] [] ^^@ [] [] ^^@ [] []\OT1/cmr/m/n/12 )
 []

[99]
Underfull \hbox (badness 10000) in paragraph at lines 3782--3784

 []

[100] [101]
<../images/Simon.png, id=1889, 237.88875pt x 213.79875pt>
File: ../images/Simon.png Graphic file (type png)
<use ../images/Simon.png>
Package pdftex.def Info: ../images/Simon.png  used on input line 3850.
(pdftex.def)             Requested size: 171.99922pt x 154.58743pt.
 [102] [103 <../images/Simon.png>] [104]
Overfull \hbox (43.89146pt too wide) detected at line 3947
[]
 []

[105]
Overfull \hbox (3.74246pt too wide) in paragraph at lines 3956--3958
\OT1/cmr/m/n/12 Using the prop-erty that the Hadamard gate when ap-plied to any in-put gives $\OML/cmm/m/it/12 H[] [] \OT1/cmr/m/n/12 =
 []


Overfull \hbox (26.73326pt too wide) in paragraph at lines 3960--3963
\OT1/cmr/m/n/12 Again ap-ply-ing the gen-eral for-mula for Hadamard gate $\OML/cmm/m/it/12 H[] [] \OT1/cmr/m/n/12 = [] [][](\OMS/cmsy/m/n/12 ^^@\OT1/cmr/m/n/12 1)[] []$,
 []

[106]
Overfull \hbox (46.45195pt too wide) in paragraph at lines 3983--3984
[]\OT1/cmr/m/n/12 Now, we know that each of the lin-early in-d-pen-dent vec-tor in the set $\OMS/cmsy/m/n/12 f[] \OML/cmm/m/it/12 ; [] ; []\OMS/cmsy/m/n/12 g$
 []

[107]
Chapter 5.
[108

] [109] [110] [111]
<../images/grover.png, id=1939, 724.7075pt x 822.07124pt>
File: ../images/grover.png Graphic file (type png)
<use ../images/grover.png>
Package pdftex.def Info: ../images/grover.png  used on input line 4094.
(pdftex.def)             Requested size: 215.0023pt x 243.87617pt.
 [112 <../images/grover.png>]
Overfull \hbox (1.4765pt too wide) in paragraph at lines 4113--4115
\OT1/cmr/m/n/12 Then we re-peat the fol-low-ing uni-tary trans-for-ma-tion a fi-nite num-ber of times ($\OMS/cmsy/m/n/12 O\OT1/cmr/m/n/12 ([])$
 []

[113]
<../images/reflect_about_b.png, id=1959, 1023.825pt x 390.70969pt>
File: ../images/reflect_about_b.png Graphic file (type png)
<use ../images/reflect_about_b.png>
Package pdftex.def Info: ../images/reflect_about_b.png  used on input line 4138.
(pdftex.def)             Requested size: 430.00462pt x 164.09694pt.
 [114]
Overfull \hbox (5.35938pt too wide) detected at line 4154
\OML/cmm/m/it/12 B[] [] [] \OT1/cmr/m/n/12 = []\OML/cmm/m/it/12 B[] [] [] \OMS/cmsy/m/n/12 ^^@ []\OML/cmm/m/it/12 B[] [] [] \OT1/cmr/m/n/12 = [] [] [] \OMS/cmsy/m/n/12 ^^@ [] [] []
 []

[115 <../images/reflect_about_b.png>] [116] [117] [118] [119] [120]
<../images/groverfig.png, id=1997, 324.2514pt x 307.8702pt>
File: ../images/groverfig.png Graphic file (type png)
<use ../images/groverfig.png>
Package pdftex.def Info: ../images/groverfig.png  used on input line 4321.
(pdftex.def)             Requested size: 258.00539pt x 244.96703pt.
 [121]
Package hyperref Info: bookmark level for unknown algorithm defaults to 0 on input line 4331.
<../images/grovercircuit.png, id=2003, 901.9296pt x 430.7292pt>
File: ../images/grovercircuit.png Graphic file (type png)
<use ../images/grovercircuit.png>
Package pdftex.def Info: ../images/grovercircuit.png  used on input line 4348.
(pdftex.def)             Requested size: 387.00153pt x 184.82217pt.
 [122 <../images/groverfig.png>] [123 <../images/grovercircuit.png>]
Overfull \hbox (76.4631pt too wide) detected at line 4392
[]
 []

[124]
Overfull \hbox (65.07877pt too wide) detected at line 4401
[]
 []

[125] [126] [127] [128] [129] [130] [131] [132] [133]
Overfull \hbox (25.4588pt too wide) in paragraph at lines 4616--4617
[]\OT1/cmr/m/n/12 Qiskit SDK 1.0 or later, with vi-su-al-iza-tion sup-port ( pip in-stall 'qiskit[visualization]') 
 []

[134] [135]
<../images/grover_tut_markedstates.png, id=2107, 313.6518pt x 172.0026pt>
File: ../images/grover_tut_markedstates.png Graphic file (type png)
<use ../images/grover_tut_markedstates.png>
Package pdftex.def Info: ../images/grover_tut_markedstates.png  used on input line 4687.
(pdftex.def)             Requested size: 215.0023pt x 117.90767pt.
 [136 <../images/grover_tut_markedstates.png>]
<../images/grover_op.png, id=2132, 623.6901pt x 180.675pt>
File: ../images/grover_op.png Graphic file (type png)
<use ../images/grover_op.png>
Package pdftex.def Info: ../images/grover_op.png  used on input line 4700.
(pdftex.def)             Requested size: 258.00539pt x 74.73886pt.
<../images/grover_circuit.png, id=2134, 383.7537pt x 218.9781pt>
File: ../images/grover_circuit.png Graphic file (type png)
<use ../images/grover_circuit.png>
Package pdftex.def Info: ../images/grover_circuit.png  used on input line 4725.
(pdftex.def)             Requested size: 258.00539pt x 147.22244pt.
 [137 <../images/grover_op.png>]
Underfull \hbox (badness 10000) in paragraph at lines 4729--4730

 []

<../images/grover_step2_optimize.png, id=2158, 1283.5152pt x 1391.1975pt>
File: ../images/grover_step2_optimize.png Graphic file (type png)
<use ../images/grover_step2_optimize.png>
Package pdftex.def Info: ../images/grover_step2_optimize.png  used on input line 4742.
(pdftex.def)             Requested size: 258.00539pt x 279.6356pt.
[138 <../images/grover_circuit.png>]
Underfull \hbox (badness 10000) in paragraph at lines 4758--4759

 []

[139 <../images/grover_step2_optimize.png>]
<../images/grover_result.png, id=2188, 446.6286pt x 320.8788pt>
File: ../images/grover_result.png Graphic file (type png)
<use ../images/grover_result.png>
Package pdftex.def Info: ../images/grover_result.png  used on input line 4765.
(pdftex.def)             Requested size: 301.00192pt x 216.25089pt.
 [140 <../images/grover_result.png>]
Chapter 6.
[141

]
<../images/hadamardtest.png, id=2202, 383.4325pt x 148.555pt>
File: ../images/hadamardtest.png Graphic file (type png)
<use ../images/hadamardtest.png>
Package pdftex.def Info: ../images/hadamardtest.png  used on input line 4846.
(pdftex.def)             Requested size: 258.00539pt x 99.96654pt.
 [142] [143 <../images/hadamardtest.png>]
<../images/hadamardtest1.png, id=2216, 454.69875pt x 136.51pt>
File: ../images/hadamardtest1.png Graphic file (type png)
<use ../images/hadamardtest1.png>
Package pdftex.def Info: ../images/hadamardtest1.png  used on input line 4881.
(pdftex.def)             Requested size: 258.00539pt x 77.45947pt.
<../images/swaptest.png, id=2218, 375.4025pt x 185.69376pt>
File: ../images/swaptest.png Graphic file (type png)
<use ../images/swaptest.png>
Package pdftex.def Info: ../images/swaptest.png  used on input line 4900.
(pdftex.def)             Requested size: 258.00539pt x 127.63013pt.
 [144 <../images/hadamardtest1.png>]
Overfull \hbox (25.99355pt too wide) detected at line 4920
\OT1/cmr/m/n/12 = [] [] + [] []
 []

[145 <../images/swaptest.png>] [146]
<../images/phaseest5.png, id=2238, 380.42125pt x 137.51375pt>
File: ../images/phaseest5.png Graphic file (type png)
<use ../images/phaseest5.png>
Package pdftex.def Info: ../images/phaseest5.png  used on input line 5011.
(pdftex.def)             Requested size: 258.00539pt x 93.26471pt.
 [147] [148 <../images/phaseest5.png>]
<../images/phaseest1.png, id=2250, 717.68124pt x 413.545pt>
File: ../images/phaseest1.png Graphic file (type png)
<use ../images/phaseest1.png>
Package pdftex.def Info: ../images/phaseest1.png  used on input line 5080.
(pdftex.def)             Requested size: 258.00539pt x 148.66785pt.
 [149]
<../images/phaseest2.png, id=2257, 717.68124pt x 413.545pt>
File: ../images/phaseest2.png Graphic file (type png)
<use ../images/phaseest2.png>
Package pdftex.def Info: ../images/phaseest2.png  used on input line 5102.
(pdftex.def)             Requested size: 258.00539pt x 148.66785pt.
 [150 <../images/phaseest1.png>] [151 <../images/phaseest2.png>] [152] [153]
<../images/phaseest3.png, id=2278, 717.68124pt x 413.545pt>
File: ../images/phaseest3.png Graphic file (type png)
<use ../images/phaseest3.png>
Package pdftex.def Info: ../images/phaseest3.png  used on input line 5205.
(pdftex.def)             Requested size: 258.00539pt x 148.66785pt.
 [154 <../images/phaseest3.png>] [155]
<../images/phaseest4.png, id=2292, 468.75125pt x 346.29375pt>
File: ../images/phaseest4.png Graphic file (type png)
<use ../images/phaseest4.png>
Package pdftex.def Info: ../images/phaseest4.png  used on input line 5287.
(pdftex.def)             Requested size: 258.00539pt x 190.59952pt.
 [156] [157 <../images/phaseest4.png>] [158]
<../images/qft_final.png, id=2310, 747.79375pt x 275.0275pt>
File: ../images/qft_final.png Graphic file (type png)
<use ../images/qft_final.png>
Package pdftex.def Info: ../images/qft_final.png  used on input line 5383.
(pdftex.def)             Requested size: 258.00539pt x 94.88878pt.


LaTeX Warning: Reference `qft_1' on page 159 undefined on input line 5390.

<../images/qft_1.png, id=2311, 735.74875pt x 148.555pt>
File: ../images/qft_1.png Graphic file (type png)
<use ../images/qft_1.png>
Package pdftex.def Info: ../images/qft_1.png  used on input line 5393.
(pdftex.def)             Requested size: 344.005pt x 69.46043pt.
[159 <../images/qft_final.png>]
<../images/qft_2.png, id=2318, 841.1425pt x 161.60374pt>
File: ../images/qft_2.png Graphic file (type png)
<use ../images/qft_2.png>
Package pdftex.def Info: ../images/qft_2.png  used on input line 5407.
(pdftex.def)             Requested size: 344.005pt x 66.09274pt.
<../images/QFT.png, id=2320, 543.02875pt x 156.585pt>
File: ../images/QFT.png Graphic file (type png)
<use ../images/QFT.png>
Package pdftex.def Info: ../images/QFT.png  used on input line 5422.
(pdftex.def)             Requested size: 344.005pt x 99.1986pt.
 [160 <../images/qft_1.png> <../images/qft_2.png>]
<../images/qft_3.png, id=2328, 625.33624pt x 246.9225pt>
File: ../images/qft_3.png Graphic file (type png)
<use ../images/qft_3.png>
Package pdftex.def Info: ../images/qft_3.png  used on input line 5453.
(pdftex.def)             Requested size: 344.005pt x 135.83792pt.
 [161 <../images/QFT.png>] [162 <../images/qft_3.png>]
Chapter 7.
[163

] [164] [165] [166]
<../images/hhl_circuit.png, id=2366, 716.6775pt x 323.2075pt>
File: ../images/hhl_circuit.png Graphic file (type png)
<use ../images/hhl_circuit.png>
Package pdftex.def Info: ../images/hhl_circuit.png  used on input line 5599.
(pdftex.def)             Requested size: 387.00153pt x 174.53438pt.
 [167 <../images/hhl_circuit.png>] [168]
<../images/qpe.png, id=2380, 1299.85625pt x 284.06125pt>
File: ../images/qpe.png Graphic file (type png)
<use ../images/qpe.png>
Package pdftex.def Info: ../images/qpe.png  used on input line 5643.
(pdftex.def)             Requested size: 301.00192pt x 65.77914pt.
 [169 <../images/qpe.png>] [170]
<../images/Controlledrotation.png, id=2394, 944.52875pt x 374.39874pt>
File: ../images/Controlledrotation.png Graphic file (type png)
<use ../images/Controlledrotation.png>
Package pdftex.def Info: ../images/Controlledrotation.png  used on input line 5701.
(pdftex.def)             Requested size: 430.00462pt x 170.4488pt.
 [171 <../images/Controlledrotation.png>]
<../images/Cr.png, id=2402, 2329.70375pt x 698.61pt>
File: ../images/Cr.png Graphic file (type png)
<use ../images/Cr.png>
Package pdftex.def Info: ../images/Cr.png  used on input line 5730.
(pdftex.def)             Requested size: 430.00462pt x 128.94234pt.
 [172 <../images/Cr.png>]
<../images/Hhl.png, id=2409, 2146.0175pt x 709.65125pt>
File: ../images/Hhl.png Graphic file (type png)
<use ../images/Hhl.png>
Package pdftex.def Info: ../images/Hhl.png  used on input line 5770.
(pdftex.def)             Requested size: 430.00462pt x 142.1876pt.
 [173] [174 <../images/Hhl.png>]
Overfull \hbox (60.30937pt too wide) detected at line 5812
[]
 []

[175]
Overfull \hbox (8.81725pt too wide) detected at line 5825
[]
 []

[176] [177] [178] [179] [180] [181] [182] [183] [184] [185]
Overfull \hbox (47.82635pt too wide) detected at line 6104
[] [] \OT1/cmr/m/n/12 = []
 []

[186] [187]
Overfull \hbox (62.84042pt too wide) detected at line 6174
\OT1/cmr/m/n/12 1 \OMS/cmsy/m/n/12 ^^@ j\OML/cmm/m/it/12 ^^P\OMS/cmsy/m/n/12 j \OT1/cmr/m/n/12 = 1 \OMS/cmsy/m/n/12 ^^@ [] ^^U ^^@[]\OT1/cmr/m/n/12 ((^^A\OML/cmm/m/it/12 t\OT1/cmr/m/n/12 )[](\OML/cmm/m/it/12 Re\OT1/cmr/m/n/12 (\OML/cmm/m/it/12 a\OT1/cmr/m/n/12 ))[] + 2\OML/cmm/m/it/12 Re\OT1/cmr/m/n/12 (\OML/cmm/m/it/12 a\OT1/cmr/m/n/12 )^^A\OML/cmm/m/it/12 t \OT1/cmr/m/n/12 + (^^A\OML/cmm/m/it/12 t\OT1/cmr/m/n/12 )[](\OML/cmm/m/it/12 Im\OT1/cmr/m/n/12 (\OML/cmm/m/it/12 a\OT1/cmr/m/n/12 ))[])
 []

[188] [189] [190]
Chapter 8.
[191

] [192]
<../images/blockencodingcircuit.png, id=2514, 1871.99374pt x 601.24625pt>
File: ../images/blockencodingcircuit.png Graphic file (type png)
<use ../images/blockencodingcircuit.png>
Package pdftex.def Info: ../images/blockencodingcircuit.png  used on input line 6297.
(pdftex.def)             Requested size: 430.00462pt x 138.1094pt.
 [193 <../images/blockencodingcircuit.png>] [194] [195]
<../images/generalblockencoding.png, id=2529, 295.85532pt x 158.09062pt>
File: ../images/generalblockencoding.png Graphic file (type png)
<use ../images/generalblockencoding.png>
Package pdftex.def Info: ../images/generalblockencoding.png  used on input line 6365.
(pdftex.def)             Requested size: 430.00462pt x 229.78033pt.
 [196 <../images/generalblockencoding.png>]
Underfull \hbox (badness 10000) in paragraph at lines 6378--6380
[]\OT1/cmr/m/n/12 various au-thors. (2023). Qiskit Text-book. Github.
 []

[197

] [198]
Chapter 9.
[199

]
Overfull \hbox (30.22081pt too wide) detected at line 6480
[]
 []


Overfull \hbox (59.94334pt too wide) detected at line 6490
[]
 []


Overfull \hbox (13.90633pt too wide) in paragraph at lines 6497--6499
[]\OT1/cmr/bx/n/12 Proposition 9.1.2. []\OT1/cmr/m/it/12 (Duhamel's prin-ci-ple for Hamil-to-nian Sim-u-la-tion) Let $\OML/cmm/m/it/12 U\OT1/cmr/m/n/12 (\OML/cmm/m/it/12 t\OT1/cmr/m/n/12 )\OML/cmm/m/it/12 ; []\OT1/cmr/m/n/12 (\OML/cmm/m/it/12 t\OT1/cmr/m/n/12 ) \OMS/cmsy/m/n/12 2
 []

[200]
LaTeX Font Info:    Trying to load font information for OMS+cmr on input line 6526.
 (C:\Users\nihar\AppData\Local\Programs\MiKTeX\tex/latex/base\omscmr.fd
File: omscmr.fd 2023/04/13 v2.5m Standard LaTeX font definitions
)
LaTeX Font Info:    Font shape `OMS/cmr/bx/n' in size <12> not available
(Font)              Font shape `OMS/cmsy/b/n' tried instead on input line 6526.
 [201]
<../images/uncomputation.png, id=2585, 507.8975pt x 322.20375pt>
File: ../images/uncomputation.png Graphic file (type png)
<use ../images/uncomputation.png>
Package pdftex.def Info: ../images/uncomputation.png  used on input line 6552.
(pdftex.def)             Requested size: 344.005pt x 218.24019pt.
 [202 <../images/uncomputation.png>] [203]
Overfull \hbox (1.27118pt too wide) in paragraph at lines 6598--6598
|[]\OT1/cmr/bx/n/17.28 Fixed Point Num-ber Rep-re-sen-ta-tion and Clas-
 []


Overfull \hbox (122.79417pt too wide) has occurred while \output is active
\OT1/cmr/m/sl/12 9.3.  FIXED POINT NUMBER REPRESENTATION AND CLASSICAL ARITHMETIC OPERATIONS \OT1/cmr/m/n/12 204
 []

[204] [205] [206] [207]
Appendix A.
[208

] [209] [210] [211] [212]
Overfull \hbox (18.16367pt too wide) in paragraph at lines 6912--6917
[]\OT1/cmr/bx/n/12 Definition A.1.8. []\OT1/cmr/m/n/12 Span: Let $\OML/cmm/m/it/12 V$ \OT1/cmr/m/n/12 be a vec-tor space over a field $\U/msb/m/n/12 F$ \OT1/cmr/m/n/12 and let $[] \OML/cmm/m/it/12 ; [] ; [] ; []$
 []

[213]
Underfull \hbox (badness 10000) in paragraph at lines 6961--6966

 []


Underfull \hbox (badness 10000) in paragraph at lines 6976--6978

 []

[214]
Overfull \hbox (8.82034pt too wide) detected at line 7011
[]
 []

[215] [216]
Underfull \hbox (badness 10000) in paragraph at lines 7073--7080

 []

[217] [218] [219] [220] [221] [222]
Underfull \hbox (badness 10000) in paragraph at lines 7250--7251

 []

[223] [224] [225] [226]
Underfull \hbox (badness 10000) in paragraph at lines 7351--7353

 []

[227] [228]
Underfull \hbox (badness 10000) in paragraph at lines 7400--7401

 []

[229] [230]
Underfull \hbox (badness 10000) in paragraph at lines 7448--7450

 []

[231] [232] [233] [234] [235]
Underfull \hbox (badness 10000) in paragraph at lines 7574--7575

 []


Underfull \hbox (badness 10000) in paragraph at lines 7575--7580

 []

[236]
Overfull \hbox (40.83206pt too wide) detected at line 7600
\OML/cmm/m/it/12 A [] \OT1/cmr/m/n/12 = \OML/cmm/m/it/12 V []
 []

[237] [238] [239] [240]
Underfull \hbox (badness 10000) in paragraph at lines 7680--7682

 []

[241] [242] [243]
Underfull \hbox (badness 10000) in paragraph at lines 7741--7743

 []


Underfull \hbox (badness 10000) in paragraph at lines 7749--7750

 []

[244] [245] [246] [247]
Underfull \hbox (badness 10000) in paragraph at lines 7871--7876

 []

[248] [249] [250]
Overfull \hbox (40.81935pt too wide) detected at line 7928
[] \OT1/cmr/m/n/12 = [] \OMS/cmsy/m/n/12 
 [] \OT1/cmr/m/n/12 = [] [] = [] = (\OML/cmm/m/it/12 a [] \OT1/cmr/m/n/12 + \OML/cmm/m/it/12 b []\OT1/cmr/m/n/12 )(\OML/cmm/m/it/12 c [] \OT1/cmr/m/n/12 + \OML/cmm/m/it/12 d []\OT1/cmr/m/n/12 ) = \OML/cmm/m/it/12 ac [] \OT1/cmr/m/n/12 + \OML/cmm/m/it/12 ad [] \OT1/cmr/m/n/12 + \OML/cmm/m/it/12 bc [] \OT1/cmr/m/n/12 + \OML/cmm/m/it/12 bd []
 []


Overfull \hbox (40.81935pt too wide) detected at line 7937
[] \OT1/cmr/m/n/12 = [] \OMS/cmsy/m/n/12 
 [] \OT1/cmr/m/n/12 = [] [] = [] = (\OML/cmm/m/it/12 a [] \OT1/cmr/m/n/12 + \OML/cmm/m/it/12 b []\OT1/cmr/m/n/12 )(\OML/cmm/m/it/12 c [] \OT1/cmr/m/n/12 + \OML/cmm/m/it/12 d []\OT1/cmr/m/n/12 ) = \OML/cmm/m/it/12 ac [] \OT1/cmr/m/n/12 + \OML/cmm/m/it/12 ad [] \OT1/cmr/m/n/12 + \OML/cmm/m/it/12 bc [] \OT1/cmr/m/n/12 + \OML/cmm/m/it/12 bd []
 []

[251] [252] [253] [254] [255] [256] [257] [258] [259] [260] [261] [262]
<../images/QFT_period_wavelength.png, id=2990, 431.6125pt x 290.08376pt>
File: ../images/QFT_period_wavelength.png Graphic file (type png)
<use ../images/QFT_period_wavelength.png>
Package pdftex.def Info: ../images/QFT_period_wavelength.png  used on input line 8200.
(pdftex.def)             Requested size: 301.00192pt x 202.30919pt.
 [263 <../images/QFT_period_wavelength.png>]
<../images/f(x).png, id=2999, 603.25375pt x 143.53625pt>
File: ../images/f(x).png Graphic file (type png)
<use ../images/f(x).png>
Package pdftex.def Info: ../images/f(x).png  used on input line 8215.
(pdftex.def)             Requested size: 258.00539pt x 61.38866pt.
<../images/QFT_f(x).png, id=3000, 603.25375pt x 143.53625pt>
File: ../images/QFT_f(x).png Graphic file (type png)
<use ../images/QFT_f(x).png>
Package pdftex.def Info: ../images/QFT_f(x).png  used on input line 8221.
(pdftex.def)             Requested size: 258.00539pt x 61.38866pt.
 [264 <../images/f(x).png> <../images/QFT_f(x).png>] [265]
<../images/FFT_8.png, id=3012, 889.3225pt x 274.02374pt>
File: ../images/FFT_8.png Graphic file (type png)
<use ../images/FFT_8.png>
Package pdftex.def Info: ../images/FFT_8.png  used on input line 8273.
(pdftex.def)             Requested size: 430.00462pt x 132.49577pt.
 [266 <../images/FFT_8.png>] [267] [268]
Appendix B.
[269

] [270] [271] [272] [273]

Package pgf Warning: Returning node center instead of a point on node border. Did you specify a point identical to the center of node ``in_ue''? on input line 8595.

[274]
<../images/compute.png, id=3053, 946.53625pt x 622.325pt>
File: ../images/compute.png Graphic file (type png)
<use ../images/compute.png>
Package pdftex.def Info: ../images/compute.png  used on input line 8633.
(pdftex.def)             Requested size: 344.005pt x 226.1734pt.
 [275 <../images/compute.png>]
<../images/and_imp.png, id=3060, 313.17pt x 68.255pt>
File: ../images/and_imp.png Graphic file (type png)
<use ../images/and_imp.png>
Package pdftex.def Info: ../images/and_imp.png  used on input line 8657.
(pdftex.def)             Requested size: 215.0023pt x 46.86061pt.
<../images/xor_imp.png, id=3063, 384.43625pt x 107.40125pt>
File: ../images/xor_imp.png Graphic file (type png)
<use ../images/xor_imp.png>
Package pdftex.def Info: ../images/xor_imp.png  used on input line 8664.
(pdftex.def)             Requested size: 215.0023pt x 60.06725pt.
<../images/not_imp.png, id=3064, 221.82875pt x 63.23625pt>
File: ../images/not_imp.png Graphic file (type png)
<use ../images/not_imp.png>
Package pdftex.def Info: ../images/not_imp.png  used on input line 8670.
(pdftex.def)             Requested size: 129.00269pt x 36.77449pt.
 [276 <../images/and_imp.png> <../images/xor_imp.png>] [277 <../images/not_imp.png>]
Appendix C.
<../images/Qiskit.png, id=3079, 900.36375pt x 341.77687pt>
File: ../images/Qiskit.png Graphic file (type png)
<use ../images/Qiskit.png>
Package pdftex.def Info: ../images/Qiskit.png  used on input line 8690.
(pdftex.def)             Requested size: 430.00462pt x 163.23225pt.
[278

] [279 <../images/Qiskit.png>] [280] [281] [282] [283] (notes.bbl
pdfTeX warning (ext4): destination with the same identifier (name{cite.harrow2009quantum}) has been already used, duplicate ignored
<to be read again> 
                   \relax 
l.7 \bibitem{harrow2009quantum}
                               
pdfTeX warning (ext4): destination with the same identifier (name{cite.lin2022lecture}) has been already used, duplicate ignored
<to be read again> 
                   \relax 
l.12 \bibitem{lin2022lecture}
                             
pdfTeX warning (ext4): destination with the same identifier (name{cite.shewchuk1994introduction}) has been already used, duplicate ignored
<to be read again> 
                   \relax 
l.26 \bibitem{shewchuk1994introduction}
                                       ) [284


] (notes.aux)
 ***********
LaTeX2e <2023-06-01> patch level 1
L3 programming layer <2023-10-10>
 ***********


LaTeX Warning: There were undefined references.


LaTeX Warning: There were multiply-defined labels.

Package rerunfilecheck Info: File `notes.out' has not changed.
(rerunfilecheck)             Checksum: A1E96ECC6CD23EEFFB8049BF47AD1A0E;21851.
 ) 
Here is how much of TeX's memory you used:
 64976 strings out of 474824
 1586389 string characters out of 5750976
 2707600 words of memory out of 5000000
 85014 multiletter control sequences out of 15000+600000
 576204 words of font info for 106 fonts, out of 8000000 for 9000
 1141 hyphenation exceptions out of 8191
 84i,18n,97p,1682b,2179s stack positions out of 10000i,1000n,20000p,200000b,200000s
 <C:\Users\nihar\AppData\Local\MiKTeX\fonts/pk/ljfour/jknappen/ec/dpi600\tcrm1000.pk> <C:\Users\nihar\AppData\Local\MiKTeX\fonts/pk/ljfour/jknappen/ec/dpi600\tcrm1200.pk><C:/Users/nihar/AppData/Local/Programs/MiKTeX/fonts/type1/public/amsfonts/cm/cmbsy10.pfb><C:/Users/nihar/AppData/Local/Programs/MiKTeX/fonts/type1/public/amsfonts/cm/cmbx12.pfb><C:/Users/nihar/AppData/Local/Programs/MiKTeX/fonts/type1/public/amsfonts/cm/cmbxti10.pfb><C:/Users/nihar/AppData/Local/Programs/MiKTeX/fonts/type1/public/amsfonts/cm/cmex10.pfb><C:/Users/nihar/AppData/Local/Programs/MiKTeX/fonts/type1/public/amsfonts/cm/cmmi10.pfb><C:/Users/nihar/AppData/Local/Programs/MiKTeX/fonts/type1/public/amsfonts/cm/cmmi12.pfb><C:/Users/nihar/AppData/Local/Programs/MiKTeX/fonts/type1/public/amsfonts/cm/cmmi6.pfb><C:/Users/nihar/AppData/Local/Programs/MiKTeX/fonts/type1/public/amsfonts/cm/cmmi8.pfb><C:/Users/nihar/AppData/Local/Programs/MiKTeX/fonts/type1/public/amsfonts/cm/cmr10.pfb><C:/Users/nihar/AppData/Local/Programs/MiKTeX/fonts/type1/public/amsfonts/cm/cmr12.pfb><C:/Users/nihar/AppData/Local/Programs/MiKTeX/fonts/type1/public/amsfonts/cm/cmr17.pfb><C:/Users/nihar/AppData/Local/Programs/MiKTeX/fonts/type1/public/amsfonts/cm/cmr6.pfb><C:/Users/nihar/AppData/Local/Programs/MiKTeX/fonts/type1/public/amsfonts/cm/cmr8.pfb><C:/Users/nihar/AppData/Local/Programs/MiKTeX/fonts/type1/public/amsfonts/cm/cmsl12.pfb><C:/Users/nihar/AppData/Local/Programs/MiKTeX/fonts/type1/public/amsfonts/cm/cmsy10.pfb><C:/Users/nihar/AppData/Local/Programs/MiKTeX/fonts/type1/public/amsfonts/cm/cmsy6.pfb><C:/Users/nihar/AppData/Local/Programs/MiKTeX/fonts/type1/public/amsfonts/cm/cmsy8.pfb><C:/Users/nihar/AppData/Local/Programs/MiKTeX/fonts/type1/public/amsfonts/cm/cmti12.pfb><C:/Users/nihar/AppData/Local/Programs/MiKTeX/fonts/type1/public/amsfonts/cm/cmtt12.pfb><C:/Users/nihar/AppData/Local/Programs/MiKTeX/fonts/type1/public/amsfonts/symbols/msbm10.pfb><C:/Users/nihar/AppData/Local/Programs/MiKTeX/fonts/type1/public/amsfonts/symbols/msbm7.pfb>
Output written on notes.pdf (298 pages, 3558112 bytes).
PDF statistics:
 3467 PDF objects out of 3580 (max. 8388607)
 1117 named destinations out of 1200 (max. 500000)
 1517 words of extra memory for PDF output out of 10000 (max. 10000000)

