\BOOKMARK [0][-]{Doc-Start}{\376\377\000A\000c\000k\000n\000o\000w\000l\000e\000d\000g\000e\000m\000e\000n\000t\000s}{}% 1
\BOOKMARK [0][-]{chapter*.2}{\376\377\000L\000i\000s\000t\000\040\000o\000f\000\040\000F\000i\000g\000u\000r\000e\000s}{}% 2
\BOOKMARK [0][-]{chapter*.3}{\376\377\000L\000i\000s\000t\000\040\000o\000f\000\040\000T\000a\000b\000l\000e\000s}{}% 3
\BOOKMARK [0][-]{chapter*.4}{\376\377\000N\000o\000t\000a\000t\000i\000o\000n\000s}{}% 4
\BOOKMARK [0][-]{chapter.1}{\376\377\000I\000n\000t\000r\000o\000d\000u\000c\000t\000i\000o\000n}{}% 5
\BOOKMARK [1][-]{section.1.1}{\376\377\000A\000x\000i\000o\000m\000s\000\040\000o\000f\000\040\000Q\000u\000a\000n\000t\000u\000m\000\040\000M\000e\000c\000h\000a\000n\000i\000c\000s}{chapter.1}% 6
\BOOKMARK [2][-]{subsection.1.1.1}{\376\377\000P\000o\000s\000t\000u\000l\000a\000t\000e\000\040\0001\000:\000\040\000T\000h\000e\000\040\000S\000t\000a\000t\000e\000\040\000S\000p\000a\000c\000e\000\040\000P\000o\000s\000t\000u\000l\000a\000t\000e}{section.1.1}% 7
\BOOKMARK [2][-]{subsection.1.1.2}{\376\377\000P\000o\000s\000t\000u\000l\000a\000t\000e\000\040\0002\000:\000\040\000E\000v\000o\000l\000u\000t\000i\000o\000n\000\040\000P\000o\000s\000t\000u\000l\000a\000t\000e}{section.1.1}% 8
\BOOKMARK [2][-]{subsection.1.1.3}{\376\377\000P\000o\000s\000t\000u\000l\000a\000t\000e\000\040\0003\000:\000\040\000M\000e\000a\000s\000u\000r\000e\000m\000e\000n\000t\000\040\000P\000o\000s\000t\000u\000l\000a\000t\000e}{section.1.1}% 9
\BOOKMARK [2][-]{subsection.1.1.4}{\376\377\000P\000o\000s\000t\000u\000l\000a\000t\000e\000\040\0004\000:\000\040\000C\000o\000m\000p\000o\000s\000i\000t\000e\000\040\000S\000y\000s\000t\000e\000m\000s}{section.1.1}% 10
\BOOKMARK [0][-]{chapter.2}{\376\377\000Q\000u\000b\000i\000t\000s}{}% 11
\BOOKMARK [1][-]{section.2.1}{\376\377\000B\000l\000o\000c\000h\000-\000P\000o\000i\000n\000c\000a\000r\000e\000\040\000s\000p\000h\000e\000r\000e\000\040\000r\000e\000p\000r\000e\000s\000e\000n\000t\000a\000t\000i\000o\000n\000\040\000o\000f\000\040\000a\000\040\000Q\000u\000b\000i\000t}{chapter.2}% 12
\BOOKMARK [1][-]{section.2.2}{\376\377\000S\000i\000n\000g\000l\000e\000\040\000Q\000u\000b\000i\000t\000\040\000G\000a\000t\000e\000s}{chapter.2}% 13
\BOOKMARK [2][-]{subsection.2.2.1}{\376\377\000P\000a\000u\000l\000i\000\040\000M\000a\000t\000r\000i\000c\000e\000s}{section.2.2}% 14
\BOOKMARK [2][-]{subsection.2.2.2}{\376\377\000H\000a\000d\000a\000m\000a\000r\000d\000\040\000G\000a\000t\000e}{section.2.2}% 15
\BOOKMARK [2][-]{subsection.2.2.3}{\376\377\000S\000\040\000a\000n\000d\000\040\000S\000\040\000G\000a\000t\000e}{section.2.2}% 16
\BOOKMARK [2][-]{subsection.2.2.4}{\376\377\000T\000\040\000a\000n\000d\000\040\000T\000\040\000G\000a\000t\000e}{section.2.2}% 17
\BOOKMARK [2][-]{subsection.2.2.5}{\376\377\000Q\000u\000a\000n\000t\000u\000m\000\040\000R\000o\000t\000a\000t\000i\000o\000n\000\040\000G\000a\000t\000e\000s}{section.2.2}% 18
\BOOKMARK [2][-]{subsection.2.2.6}{\376\377\000U\000n\000i\000v\000e\000r\000s\000a\000l\000\040\000Q\000u\000a\000n\000t\000u\000m\000\040\000G\000a\000t\000e\000s}{section.2.2}% 19
\BOOKMARK [1][-]{section.2.3}{\376\377\000M\000u\000l\000t\000i\000-\000Q\000u\000b\000i\000t\000\040\000G\000a\000t\000e\000s}{chapter.2}% 20
\BOOKMARK [2][-]{subsection.2.3.1}{\376\377\000T\000w\000o\000-\000q\000u\000b\000i\000t\000\040\000G\000a\000t\000e\000s}{section.2.3}% 21
\BOOKMARK [2][-]{subsection.2.3.2}{\376\377\000T\000h\000r\000e\000e\000-\000q\000u\000b\000i\000t\000\040\000G\000a\000t\000e\000s}{section.2.3}% 22
\BOOKMARK [1][-]{section.2.4}{\376\377\000Q\000u\000a\000n\000t\000u\000m\000\040\000C\000i\000r\000c\000u\000i\000t\000s}{chapter.2}% 23
\BOOKMARK [0][-]{chapter.3}{\376\377\000E\000n\000t\000a\000n\000g\000l\000e\000m\000e\000n\000t}{}% 24
\BOOKMARK [1][-]{section.3.1}{\376\377\000B\000e\000l\000l\000\040\000S\000t\000a\000t\000e\000s\000/\000E\000P\000R\000\040\000P\000a\000i\000r\000s}{chapter.3}% 25
\BOOKMARK [1][-]{section.3.2}{\376\377\000N\000o\000\040\000C\000l\000o\000n\000i\000n\000g\000\040\000T\000h\000e\000o\000r\000e\000m}{chapter.3}% 26
\BOOKMARK [1][-]{section.3.3}{\376\377\000A\000p\000p\000l\000i\000c\000a\000t\000i\000o\000n\000s\000\040\000o\000f\000\040\000E\000n\000t\000a\000n\000g\000l\000e\000m\000e\000n\000t}{chapter.3}% 27
\BOOKMARK [2][-]{subsection.3.3.1}{\376\377\000Q\000u\000a\000n\000t\000u\000m\000\040\000T\000e\000l\000e\000p\000o\000r\000t\000a\000t\000i\000o\000n}{section.3.3}% 28
\BOOKMARK [2][-]{subsection.3.3.2}{\376\377\000S\000u\000p\000e\000r\000d\000e\000n\000c\000e\000\040\000C\000o\000d\000i\000n\000g}{section.3.3}% 29
\BOOKMARK [0][-]{chapter.4}{\376\377\000Q\000u\000a\000n\000t\000u\000m\000\040\000A\000l\000g\000o\000r\000i\000t\000h\000m\000s}{}% 30
\BOOKMARK [1][-]{section.4.1}{\376\377\000O\000r\000a\000c\000l\000e\000s}{chapter.4}% 31
\BOOKMARK [1][-]{section.4.2}{\376\377\000E\000l\000i\000t\000z\000u\000r\000-\000V\000a\000i\000d\000m\000a\000n\000\040\000B\000o\000m\000b\000\040\000D\000e\000t\000e\000c\000t\000i\000o\000n\000\040\000A\000l\000g\000o\000r\000i\000t\000h\000m}{chapter.4}% 32
\BOOKMARK [1][-]{section.4.3}{\376\377\000D\000e\000u\000t\000s\000c\000h\000'\000s\000\040\000A\000l\000g\000o\000r\000i\000t\000h\000m}{chapter.4}% 33
\BOOKMARK [1][-]{section.4.4}{\376\377\000D\000e\000u\000t\000s\000c\000h\000-\000J\000o\000s\000z\000a\000\040\000A\000l\000g\000o\000r\000i\000t\000h\000m}{chapter.4}% 34
\BOOKMARK [1][-]{section.4.5}{\376\377\000S\000i\000m\000o\000n\000'\000s\000\040\000A\000l\000g\000o\000r\000i\000t\000h\000m}{chapter.4}% 35
\BOOKMARK [1][-]{section.4.6}{\376\377\000B\000e\000r\000n\000s\000t\000e\000i\000n\000-\000V\000a\000z\000i\000r\000a\000n\000i\000\040\000A\000l\000g\000o\000r\000i\000t\000h\000m}{chapter.4}% 36
\BOOKMARK [1][-]{section.4.7}{\376\377\000S\000h\000o\000r\000'\000s\000\040\000A\000l\000g\000o\000r\000i\000t\000h\000m}{chapter.4}% 37
\BOOKMARK [0][-]{chapter.5}{\376\377\000G\000r\000o\000v\000e\000r\000'\000s\000\040\000S\000e\000a\000r\000c\000h\000\040\000A\000l\000g\000o\000r\000i\000t\000h\000m}{}% 38
\BOOKMARK [1][-]{section.5.1}{\376\377\000T\000h\000e\000\040\000P\000r\000o\000b\000l\000e\000m\000\040\000D\000e\000f\000i\000n\000i\000t\000i\000o\000n}{chapter.5}% 39
\BOOKMARK [1][-]{section.5.2}{\376\377\000T\000h\000e\000\040\000C\000l\000a\000s\000s\000i\000c\000a\000l\000\040\000S\000o\000l\000u\000t\000i\000o\000n}{chapter.5}% 40
\BOOKMARK [1][-]{section.5.3}{\376\377\000T\000h\000e\000\040\000Q\000u\000a\000n\000t\000u\000m\000\040\000S\000o\000l\000u\000t\000i\000o\000n\000:\000\040\000G\000r\000o\000v\000e\000r\000'\000s\000\040\000A\000l\000g\000o\000r\000i\000t\000h\000m}{chapter.5}% 41
\BOOKMARK [2][-]{subsection.5.3.1}{\376\377\000I\000d\000e\000a\000\040\000o\000f\000\040\000t\000h\000e\000\040\000A\000l\000g\000o\000r\000i\000t\000h\000m}{section.5.3}% 42
\BOOKMARK [2][-]{subsection.5.3.2}{\376\377\000A\000l\000g\000o\000r\000i\000t\000h\000m}{section.5.3}% 43
\BOOKMARK [2][-]{subsection.5.3.3}{\376\377\000E\000x\000a\000m\000p\000l\000e}{section.5.3}% 44
\BOOKMARK [1][-]{section.5.4}{\376\377\000C\000o\000m\000p\000l\000e\000x\000i\000t\000y\000\040\000A\000n\000a\000l\000y\000s\000i\000s}{chapter.5}% 45
\BOOKMARK [2][-]{subsection.5.4.1}{\376\377\000U\000n\000i\000q\000u\000e\000\040\000S\000e\000a\000r\000c\000h\000\040\000P\000r\000o\000b\000l\000e\000m}{section.5.4}% 46
\BOOKMARK [2][-]{subsection.5.4.2}{\376\377\000M\000u\000l\000t\000i\000p\000l\000e\000\040\000S\000o\000l\000u\000t\000i\000o\000n\000s}{section.5.4}% 47
\BOOKMARK [2][-]{subsection.5.4.3}{\376\377\000T\000r\000i\000v\000i\000a\000l\000\040\000C\000a\000s\000e}{section.5.4}% 48
\BOOKMARK [1][-]{section.5.5}{\376\377\000C\000o\000n\000c\000l\000u\000s\000i\000o\000n}{chapter.5}% 49
\BOOKMARK [1][-]{section.5.6}{\376\377\000A\000m\000p\000l\000i\000t\000u\000d\000e\000\040\000A\000m\000p\000l\000i\000f\000i\000c\000a\000t\000i\000o\000n}{chapter.5}% 50
\BOOKMARK [1][-]{section.5.7}{\376\377\000A\000p\000p\000l\000i\000c\000a\000t\000i\000o\000n\000s\000\040\000o\000f\000\040\000G\000r\000o\000v\000e\000r\000'\000s\000\040\000A\000l\000g\000o\000r\000i\000t\000h\000m}{chapter.5}% 51
\BOOKMARK [2][-]{subsection.5.7.1}{\376\377\000A\000p\000p\000l\000i\000c\000a\000t\000i\000o\000n\000:\000\040\000S\000a\000t\000i\000s\000f\000i\000a\000b\000i\000l\000i\000t\000y}{section.5.7}% 52
\BOOKMARK [1][-]{section.5.8}{\376\377\000I\000m\000p\000l\000e\000m\000e\000n\000t\000a\000t\000i\000o\000n\000\040\000u\000s\000i\000n\000g\000\040\000Q\000i\000s\000k\000i\000t}{chapter.5}% 53
\BOOKMARK [2][-]{subsection.5.8.1}{\376\377\000B\000a\000c\000k\000g\000r\000o\000u\000n\000d}{section.5.8}% 54
\BOOKMARK [2][-]{subsection.5.8.2}{\376\377\000R\000e\000q\000u\000i\000r\000e\000m\000e\000n\000t\000s}{section.5.8}% 55
\BOOKMARK [2][-]{subsection.5.8.3}{\376\377\000S\000e\000t\000u\000p}{section.5.8}% 56
\BOOKMARK [0][-]{chapter.6}{\376\377\000P\000h\000a\000s\000e\000\040\000E\000s\000t\000i\000m\000a\000t\000i\000o\000n}{}% 57
\BOOKMARK [1][-]{section.6.1}{\376\377\000P\000h\000a\000s\000e\000\040\000E\000s\000t\000i\000m\000a\000t\000i\000o\000n}{chapter.6}% 58
\BOOKMARK [2][-]{subsection.6.1.1}{\376\377\000C\000l\000a\000s\000i\000c\000a\000l\000\040\000M\000e\000t\000h\000o\000d}{section.6.1}% 59
\BOOKMARK [2][-]{subsection.6.1.2}{\376\377\000H\000a\000d\000a\000m\000a\000r\000d\000\040\000T\000e\000s\000t}{section.6.1}% 60
\BOOKMARK [2][-]{subsection.6.1.3}{\376\377\000K\000i\000t\000a\000e\000v\000'\000s\000\040\000M\000e\000t\000h\000o\000d\000\040\000-\000\040\000f\000o\000r\000\040\000Q\000u\000a\000n\000t\000u\000m\000\040\000P\000h\000a\000s\000e\000\040\000E\000s\000t\000i\000m\000a\000t\000i\000o\000n}{section.6.1}% 61
\BOOKMARK [2][-]{subsection.6.1.4}{\376\377\000P\000h\000a\000s\000e\000\040\000E\000s\000t\000i\000m\000a\000t\000i\000o\000n\000\040\000P\000r\000o\000c\000e\000d\000u\000r\000e}{section.6.1}% 62
\BOOKMARK [2][-]{subsection.6.1.5}{\376\377\000Q\000u\000a\000n\000t\000u\000m\000\040\000F\000o\000u\000r\000i\000e\000r\000\040\000T\000r\000a\000n\000s\000f\000o\000r\000m}{section.6.1}% 63
\BOOKMARK [0][-]{chapter.7}{\376\377\000T\000h\000e\000\040\000H\000H\000L\000\040\000A\000l\000g\000o\000r\000i\000t\000h\000m}{}% 64
\BOOKMARK [1][-]{section.7.1}{\376\377\000I\000n\000t\000r\000o\000d\000u\000c\000t\000i\000o\000n}{chapter.7}% 65
\BOOKMARK [1][-]{section.7.2}{\376\377\000T\000h\000e\000\040\000L\000i\000n\000e\000a\000r\000-\000S\000y\000s\000t\000e\000m\000\040\000P\000r\000o\000b\000l\000e\000m\000\040\000\050\000L\000S\000P\000\051}{chapter.7}% 66
\BOOKMARK [1][-]{section.7.3}{\376\377\000T\000h\000e\000\040\000H\000H\000L\000\040\000A\000l\000g\000o\000r\000i\000t\000h\000m}{chapter.7}% 67
\BOOKMARK [2][-]{subsection.7.3.1}{\376\377\000S\000o\000m\000e\000\040\000M\000a\000t\000h\000e\000m\000a\000t\000i\000c\000a\000l\000\040\000P\000r\000e\000l\000i\000m\000i\000n\000a\000r\000i\000e\000s}{section.7.3}% 68
\BOOKMARK [2][-]{subsection.7.3.2}{\376\377\000A\000l\000g\000o\000r\000i\000t\000h\000m}{section.7.3}% 69
\BOOKMARK [2][-]{subsection.7.3.3}{\376\377\000E\000x\000a\000m\000p\000l\000e}{section.7.3}% 70
\BOOKMARK [1][-]{section.7.4}{\376\377\000C\000o\000m\000p\000l\000e\000x\000i\000t\000y\000\040\000A\000n\000a\000l\000y\000s\000i\000s}{chapter.7}% 71
\BOOKMARK [1][-]{section.7.5}{\376\377\000I\000m\000p\000r\000o\000v\000e\000m\000e\000n\000t\000s\000\040\000i\000n\000\040\000H\000H\000L\000\040\000a\000l\000g\000o\000r\000i\000t\000h\000m}{chapter.7}% 72
\BOOKMARK [1][-]{section.7.6}{\376\377\000I\000m\000p\000l\000e\000m\000e\000n\000t\000a\000t\000i\000o\000n\000\040\000u\000s\000i\000n\000g\000\040\000Q\000i\000s\000k\000i\000t}{chapter.7}% 73
\BOOKMARK [1][-]{section.7.7}{\376\377\000A\000p\000p\000l\000i\000c\000a\000t\000i\000o\000n\000s}{chapter.7}% 74
\BOOKMARK [2][-]{subsection.7.7.1}{\376\377\000P\000o\000i\000s\000s\000o\000n\000'\000s\000\040\000p\000r\000o\000b\000l\000e\000m}{section.7.7}% 75
\BOOKMARK [2][-]{subsection.7.7.2}{\376\377\000S\000o\000l\000v\000e\000\040\000L\000i\000n\000e\000a\000r\000\040\000D\000i\000f\000f\000e\000r\000e\000n\000t\000i\000a\000l\000\040\000E\000q\000u\000a\000t\000i\000o\000n\000s}{section.7.7}% 76
\BOOKMARK [0][-]{chapter*.106}{\376\377\000B\000i\000b\000l\000i\000o\000g\000r\000a\000p\000h\000y}{}% 77
\BOOKMARK [0][-]{chapter.8}{\376\377\000B\000l\000o\000c\000k\000\040\000E\000n\000c\000o\000d\000i\000n\000g}{}% 78
\BOOKMARK [1][-]{section.8.1}{\376\377\000Q\000u\000e\000r\000y\000\040\000m\000o\000d\000e\000l\000\040\000f\000o\000r\000\040\000m\000a\000t\000r\000i\000x\000\040\000e\000n\000t\000r\000i\000e\000s}{chapter.8}% 79
\BOOKMARK [1][-]{section.8.2}{\376\377\000B\000l\000o\000c\000k\000\040\000E\000n\000c\000o\000d\000i\000n\000g}{chapter.8}% 80
\BOOKMARK [1][-]{section.8.3}{\376\377\000B\000l\000o\000c\000k\000\040\000E\000n\000c\000o\000d\000i\000n\000g\000\040\000o\000f\000\040\000s\000-\000s\000p\000a\000r\000s\000e\000\040\000m\000a\000t\000r\000i\000x}{chapter.8}% 81
\BOOKMARK [1][-]{section.8.4}{\376\377\000H\000e\000r\000m\000i\000t\000i\000a\000n\000\040\000B\000l\000o\000c\000k\000\040\000E\000n\000c\000o\000d\000i\000n\000g}{chapter.8}% 82
\BOOKMARK [1][-]{section.8.5}{\376\377\000Q\000u\000e\000r\000y\000\040\000m\000o\000d\000e\000l\000s\000\040\000f\000o\000r\000\040\000g\000e\000n\000e\000r\000a\000l\000\040\000s\000p\000a\000r\000s\000e\000\040\000m\000a\000t\000r\000i\000c\000e\000s}{chapter.8}% 83
\BOOKMARK [0][-]{chapter.9}{\376\377\000A\000d\000v\000a\000n\000c\000e\000d\000\040\000Q\000u\000a\000n\000t\000u\000m\000\040\000C\000o\000m\000p\000u\000t\000i\000n\000g}{}% 84
\BOOKMARK [1][-]{section.9.1}{\376\377\000L\000i\000n\000e\000a\000r\000\040\000G\000r\000o\000w\000t\000h\000\040\000a\000n\000d\000\040\000D\000u\000h\000a\000m\000e\000l\000'\000s\000\040\000P\000r\000i\000n\000c\000i\000p\000l\000e}{chapter.9}% 85
\BOOKMARK [1][-]{section.9.2}{\376\377\000U\000n\000i\000v\000e\000r\000s\000a\000l\000\040\000g\000a\000t\000e\000\040\000s\000e\000t\000s\000\040\000a\000n\000d\000\040\000R\000e\000v\000e\000r\000s\000i\000b\000l\000e\000\040\000C\000o\000m\000p\000u\000t\000a\000t\000i\000o\000n}{chapter.9}% 86
\BOOKMARK [1][-]{section.9.3}{\376\377\000F\000i\000x\000e\000d\000\040\000P\000o\000i\000n\000t\000\040\000N\000u\000m\000b\000e\000r\000\040\000R\000e\000p\000r\000e\000s\000e\000n\000t\000a\000t\000i\000o\000n\000\040\000a\000n\000d\000\040\000C\000l\000a\000s\000s\000i\000c\000a\000l\000\040\000A\000r\000i\000t\000h\000m\000e\000t\000i\000c\000\040\000o\000p\000e\000r\000a\000t\000i\000o\000n\000s}{chapter.9}% 87
\BOOKMARK [1][-]{section.9.4}{\376\377\000F\000a\000u\000l\000t\000\040\000t\000o\000l\000e\000r\000a\000n\000t\000\040\000C\000o\000m\000p\000u\000t\000a\000t\000i\000o\000n}{chapter.9}% 88
\BOOKMARK [1][-]{section.9.5}{\376\377\000C\000o\000m\000p\000l\000e\000x\000i\000t\000y\000\040\000o\000f\000\040\000Q\000u\000a\000n\000t\000u\000m\000\040\000A\000l\000g\000o\000r\000i\000t\000h\000m\000s}{chapter.9}% 89
\BOOKMARK [0][-]{appendix.A}{\376\377\000L\000i\000n\000e\000a\000r\000\040\000A\000l\000g\000e\000b\000r\000a\000\040\000a\000n\000d\000\040\000C\000a\000l\000c\000u\000l\000u\000s\000\040\000P\000r\000e\000r\000e\000q\000u\000i\000s\000i\000t\000e\000s}{}% 90
\BOOKMARK [1][-]{section.A.1}{\376\377\000L\000i\000n\000e\000a\000r\000\040\000A\000l\000g\000e\000b\000r\000a}{appendix.A}% 91
\BOOKMARK [2][-]{subsection.A.1.1}{\376\377\000B\000a\000s\000i\000c\000s\000\040\000o\000f\000\040\000L\000i\000n\000e\000a\000r\000\040\000A\000l\000g\000e\000b\000r\000a}{section.A.1}% 92
\BOOKMARK [2][-]{subsection.A.1.2}{\376\377\000I\000n\000n\000e\000r\000\040\000P\000r\000o\000d\000u\000c\000t}{section.A.1}% 93
\BOOKMARK [2][-]{subsection.A.1.3}{\376\377\000G\000r\000a\000m\000-\000S\000c\000h\000m\000i\000d\000t\000\040\000O\000r\000t\000h\000o\000g\000o\000n\000a\000l\000i\000z\000a\000t\000i\000o\000n}{section.A.1}% 94
\BOOKMARK [2][-]{subsection.A.1.4}{\376\377\000C\000a\000u\000c\000h\000y\000-\000S\000c\000h\000w\000a\000r\000z\000\040\000a\000n\000d\000\040\000T\000r\000a\000i\000n\000g\000l\000e\000\040\000I\000n\000e\000q\000u\000a\000l\000i\000t\000i\000e\000s}{section.A.1}% 95
\BOOKMARK [2][-]{subsection.A.1.5}{\376\377\000L\000i\000n\000e\000a\000r\000\040\000O\000p\000e\000r\000a\000t\000o\000r\000s\000\040\000a\000n\000d\000\040\000M\000a\000t\000r\000i\000x\000\040\000R\000e\000p\000r\000e\000s\000e\000n\000t\000a\000t\000i\000o\000n}{section.A.1}% 96
\BOOKMARK [2][-]{subsection.A.1.6}{\376\377\000H\000e\000r\000m\000i\000t\000i\000a\000n\000\040\000a\000n\000d\000\040\000U\000n\000i\000t\000a\000r\000y\000\040\000O\000p\000e\000r\000a\000t\000o\000r\000s}{section.A.1}% 97
\BOOKMARK [2][-]{subsection.A.1.7}{\376\377\000E\000i\000g\000e\000n\000\040\000V\000a\000l\000u\000e\000\040\000P\000r\000o\000b\000l\000e\000m\000s}{section.A.1}% 98
\BOOKMARK [2][-]{subsection.A.1.8}{\376\377\000N\000o\000r\000m\000s}{section.A.1}% 99
\BOOKMARK [2][-]{subsection.A.1.9}{\376\377\000I\000n\000d\000u\000c\000e\000\040\000M\000a\000t\000r\000i\000x\000\040\000N\000o\000r\000m}{section.A.1}% 100
\BOOKMARK [2][-]{subsection.A.1.10}{\376\377\000C\000o\000n\000d\000i\000t\000i\000o\000n\000i\000n\000g\000\040\000a\000n\000d\000\040\000C\000o\000n\000d\000i\000t\000i\000o\000n\000\040\000N\000u\000m\000b\000e\000r}{section.A.1}% 101
\BOOKMARK [2][-]{subsection.A.1.11}{\376\377\000C\000o\000n\000c\000l\000u\000s\000i\000o\000n\000s}{section.A.1}% 102
\BOOKMARK [1][-]{section.A.2}{\376\377\000T\000e\000n\000s\000o\000r\000\040\000P\000r\000o\000d\000u\000c\000t\000s}{appendix.A}% 103
\BOOKMARK [1][-]{section.A.3}{\376\377\000C\000o\000m\000p\000l\000e\000x\000\040\000N\000u\000m\000b\000e\000r\000s}{appendix.A}% 104
\BOOKMARK [2][-]{subsection.A.3.1}{\376\377\000C\000o\000m\000p\000l\000e\000x\000\040\000P\000l\000a\000n\000e}{section.A.3}% 105
\BOOKMARK [2][-]{subsection.A.3.2}{\376\377\000A\000d\000d\000i\000t\000i\000o\000n\000\040\000o\000f\000\040\000C\000o\000m\000p\000l\000e\000x\000\040\000N\000u\000m\000b\000e\000r\000s}{section.A.3}% 106
\BOOKMARK [2][-]{subsection.A.3.3}{\376\377\000M\000u\000l\000t\000i\000p\000l\000i\000c\000a\000t\000i\000o\000n\000\040\000o\000f\000\040\000C\000o\000m\000p\000l\000e\000x\000\040\000N\000u\000m\000b\000e\000r\000s}{section.A.3}% 107
\BOOKMARK [2][-]{subsection.A.3.4}{\376\377\000C\000o\000m\000p\000l\000e\000x\000\040\000C\000o\000n\000j\000u\000g\000a\000t\000e}{section.A.3}% 108
\BOOKMARK [2][-]{subsection.A.3.5}{\376\377\000M\000o\000d\000u\000l\000u\000s\000\040\000o\000f\000\040\000a\000\040\000C\000o\000m\000p\000l\000e\000x\000\040\000N\000u\000m\000b\000e\000r}{section.A.3}% 109
\BOOKMARK [2][-]{subsection.A.3.6}{\376\377\000P\000o\000l\000a\000r\000\040\000f\000o\000r\000m}{section.A.3}% 110
\BOOKMARK [2][-]{subsection.A.3.7}{\376\377\000E\000u\000l\000e\000r\000'\000s\000\040\000F\000o\000r\000m\000u\000l\000a}{section.A.3}% 111
\BOOKMARK [2][-]{subsection.A.3.8}{\376\377\000R\000o\000o\000t\000s\000\040\000o\000f\000\040\000U\000n\000i\000t\000y}{section.A.3}% 112
\BOOKMARK [2][-]{subsection.A.3.9}{\376\377\000D\000i\000s\000c\000r\000e\000t\000e\000\040\000F\000o\000u\000r\000i\000e\000r\000\040\000T\000r\000a\000n\000s\000f\000o\000r\000m\000\040\000M\000a\000t\000r\000i\000x}{section.A.3}% 113
\BOOKMARK [2][-]{subsection.A.3.10}{\376\377\000C\000l\000a\000s\000s\000i\000c\000a\000l\000\040\000F\000a\000s\000t\000\040\000F\000o\000u\000r\000i\000e\000r\000\040\000T\000r\000a\000n\000s\000f\000o\000r\000m}{section.A.3}% 114
\BOOKMARK [1][-]{section.A.4}{\376\377\000P\000r\000o\000b\000a\000b\000i\000l\000i\000t\000y\000\040\000T\000h\000e\000o\000r\000y}{appendix.A}% 115
\BOOKMARK [1][-]{section.A.5}{\376\377\000C\000a\000l\000c\000u\000l\000u\000s}{appendix.A}% 116
\BOOKMARK [0][-]{appendix.B}{\376\377\000C\000l\000a\000s\000s\000i\000c\000a\000l\000\040\000C\000o\000m\000p\000u\000t\000a\000t\000i\000o\000n\000s}{}% 117
\BOOKMARK [1][-]{section.B.1}{\376\377\000L\000o\000g\000i\000c\000\040\000G\000a\000t\000e\000s}{appendix.B}% 118
\BOOKMARK [2][-]{subsection.B.1.1}{\376\377\000N\000O\000T\000\040\000G\000a\000t\000e}{section.B.1}% 119
\BOOKMARK [2][-]{subsection.B.1.2}{\376\377\000A\000N\000D\000\040\000G\000a\000t\000e}{section.B.1}% 120
\BOOKMARK [2][-]{subsection.B.1.3}{\376\377\000O\000R\000\040\000G\000a\000t\000e}{section.B.1}% 121
\BOOKMARK [2][-]{subsection.B.1.4}{\376\377\000N\000A\000N\000D\000\040\000G\000a\000t\000e}{section.B.1}% 122
\BOOKMARK [2][-]{subsection.B.1.5}{\376\377\000N\000O\000R\000\040\000G\000a\000t\000e}{section.B.1}% 123
\BOOKMARK [2][-]{subsection.B.1.6}{\376\377\000X\000O\000R\000\040\000G\000a\000t\000e}{section.B.1}% 124
\BOOKMARK [2][-]{subsection.B.1.7}{\376\377\000F\000A\000N\000O\000U\000T\000\040\000G\000a\000t\000e}{section.B.1}% 125
\BOOKMARK [2][-]{subsection.B.1.8}{\376\377\000C\000R\000O\000S\000S\000O\000V\000E\000R\000\040\000G\000a\000t\000e}{section.B.1}% 126
\BOOKMARK [1][-]{section.B.2}{\376\377\000C\000l\000a\000s\000s\000i\000c\000a\000l\000\040\000C\000i\000r\000c\000u\000i\000t\000s}{appendix.B}% 127
\BOOKMARK [0][-]{appendix.C}{\376\377\000Q\000i\000s\000k\000i\000t}{}% 128
\BOOKMARK [1][-]{section.C.1}{\376\377\000I\000n\000t\000r\000o\000d\000u\000c\000t\000i\000o\000n\000\040\000t\000o\000\040\000Q\000i\000s\000k\000i\000t}{appendix.C}% 129
\BOOKMARK [2][-]{subsection.C.1.1}{\376\377\000T\000h\000e\000\040\000Q\000i\000s\000k\000i\000t\000\040\000S\000D\000K}{section.C.1}% 130
\BOOKMARK [2][-]{subsection.C.1.2}{\376\377\000Q\000i\000s\000k\000i\000t\000\040\000R\000u\000n\000t\000i\000m\000e}{section.C.1}% 131
\BOOKMARK [2][-]{subsection.C.1.3}{\376\377\000Q\000i\000s\000k\000i\000t\000\040\000S\000e\000r\000v\000e\000r\000l\000e\000s\000s}{section.C.1}% 132
\BOOKMARK [2][-]{subsection.C.1.4}{\376\377\000Q\000i\000s\000k\000t\000i\000\040\000T\000r\000a\000n\000s\000p\000i\000l\000e\000r\000\040\000a\000s\000\040\000a\000\040\000S\000e\000r\000v\000i\000c\000e}{section.C.1}% 133
\BOOKMARK [2][-]{subsection.C.1.5}{\376\377\000T\000h\000e\000\040\000Q\000i\000s\000k\000i\000t\000\040\000e\000c\000o\000s\000y\000s\000t\000e\000m}{section.C.1}% 134
\BOOKMARK [1][-]{section.C.2}{\376\377\000I\000n\000s\000t\000a\000l\000l\000\040\000Q\000i\000s\000k\000i\000t}{appendix.C}% 135
\BOOKMARK [0][-]{appendix*.124}{\376\377\000B\000i\000b\000l\000i\000o\000g\000r\000a\000p\000h\000y}{}% 136
