\BOOKMARK [0][-]{Doc-Start}{\376\377\000A\000c\000k\000n\000o\000w\000l\000e\000d\000g\000e\000m\000e\000n\000t\000s}{}% 1
\BOOKMARK [0][-]{chapter.1}{\376\377\000B\000l\000o\000c\000k\000\040\000E\000n\000c\000o\000d\000i\000n\000g}{}% 2
\BOOKMARK [1][-]{section.1.1}{\376\377\000M\000o\000t\000i\000v\000a\000t\000i\000o\000n}{chapter.1}% 3
\BOOKMARK [1][-]{section.1.2}{\376\377\000I\000n\000t\000r\000o\000d\000u\000c\000t\000i\000o\000n}{chapter.1}% 4
\BOOKMARK [1][-]{section.1.3}{\376\377\000Q\000u\000e\000r\000y\000\040\000m\000o\000d\000e\000l\000\040\000f\000o\000r\000\040\000m\000a\000t\000r\000i\000x\000\040\000e\000n\000t\000r\000i\000e\000s}{chapter.1}% 5
\BOOKMARK [1][-]{section.1.4}{\376\377\000B\000l\000o\000c\000k\000\040\000E\000n\000c\000o\000d\000i\000n\000g}{chapter.1}% 6
\BOOKMARK [2][-]{subsection.1.4.1}{\376\377\000T\000h\000e\000\040\000D\000e\000f\000i\000n\000i\000t\000i\000o\000n}{section.1.4}% 7
\BOOKMARK [1][-]{section.1.5}{\376\377\000U\000n\000i\000t\000a\000r\000y\000\040\000M\000a\000t\000r\000i\000c\000e\000s\000\040\000-\000\040\000T\000r\000i\000v\000i\000a\000l\000\040\000B\000l\000o\000c\000k\000\040\000E\000n\000c\000o\000d\000i\000n\000g}{chapter.1}% 8
\BOOKMARK [1][-]{section.1.6}{\376\377\000B\000l\000o\000c\000k\000\040\000e\000n\000c\000o\000d\000i\000n\000g\000\040\000o\000f\000\040\000d\000e\000n\000s\000i\000t\000y\000\040\000o\000p\000e\000r\000a\000t\000o\000r\000s}{chapter.1}% 9
\BOOKMARK [1][-]{section.1.7}{\376\377\000B\000l\000o\000c\000k\000\040\000e\000n\000c\000o\000d\000i\000n\000g\000\040\000o\000f\000\040\000P\000O\000V\000M\000\040\000o\000p\000e\000r\000a\000t\000o\000r\000s}{chapter.1}% 10
\BOOKMARK [1][-]{section.1.8}{\376\377\000B\000l\000o\000c\000k\000-\000e\000n\000c\000o\000d\000i\000n\000g\000\040\000o\000f\000\040\000G\000r\000a\000m\000\040\000m\000a\000t\000r\000i\000c\000e\000s}{chapter.1}% 11
\BOOKMARK [1][-]{section.1.9}{\376\377\000B\000l\000o\000c\000k\000\040\000E\000n\000c\000o\000d\000i\000n\000g\000\040\000o\000f\000\040\000s\000-\000s\000p\000a\000r\000s\000e\000\040\000m\000a\000t\000r\000i\000x}{chapter.1}% 12
\BOOKMARK [2][-]{subsection.1.9.1}{\376\377\000B\000a\000n\000d\000e\000d\000\040\000C\000i\000r\000c\000u\000l\000a\000n\000t\000\040\000M\000a\000t\000r\000i\000x}{section.1.9}% 13
\BOOKMARK [1][-]{section.1.10}{\376\377\000H\000e\000r\000m\000i\000t\000i\000a\000n\000\040\000B\000l\000o\000c\000k\000\040\000E\000n\000c\000o\000d\000i\000n\000g}{chapter.1}% 14
\BOOKMARK [1][-]{section.1.11}{\376\377\000Q\000u\000e\000r\000y\000\040\000m\000o\000d\000e\000l\000s\000\040\000f\000o\000r\000\040\000g\000e\000n\000e\000r\000a\000l\000\040\000s\000p\000a\000r\000s\000e\000\040\000m\000a\000t\000r\000i\000c\000e\000s}{chapter.1}% 15
\BOOKMARK [1][-]{section.1.12}{\376\377\000E\000x\000a\000m\000p\000l\000e\000s}{chapter.1}% 16
\BOOKMARK [1][-]{section.1.13}{\376\377\000R\000e\000s\000o\000u\000r\000c\000e\000\040\000c\000o\000s\000t\000\040\000-\000g\000a\000t\000e\000s\000\040\000a\000n\000d\000\040\000q\000u\000b\000i\000t\000s}{chapter.1}% 17
\BOOKMARK [1][-]{section.1.14}{\376\377\000E\000x\000a\000m\000p\000l\000e\000\040\000U\000s\000e\000\040\000C\000a\000s\000e\000s}{chapter.1}% 18
\BOOKMARK [0][-]{chapter.2}{\376\377\000L\000i\000n\000e\000a\000r\000\040\000C\000o\000m\000b\000i\000n\000a\000t\000i\000o\000n\000\040\000o\000f\000\040\000U\000n\000i\000t\000a\000r\000i\000e\000s}{}% 19
\BOOKMARK [1][-]{section.2.1}{\376\377\000I\000n\000t\000r\000o\000d\000u\000c\000t\000i\000o\000n}{chapter.2}% 20
\BOOKMARK [1][-]{section.2.2}{\376\377\000M\000a\000n\000i\000p\000u\000l\000a\000t\000i\000n\000g\000\040\000b\000l\000o\000c\000k\000-\000e\000n\000c\000o\000d\000i\000n\000g\000s}{chapter.2}% 21
\BOOKMARK [2][-]{subsection.2.2.1}{\376\377\000P\000r\000o\000d\000u\000c\000t\000s}{section.2.2}% 22
\BOOKMARK [2][-]{subsection.2.2.2}{\376\377\000T\000e\000n\000s\000o\000r\000\040\000p\000r\000o\000d\000u\000c\000t\000s}{section.2.2}% 23
\BOOKMARK [2][-]{subsection.2.2.3}{\376\377\000L\000i\000n\000e\000a\000r\000\040\000C\000o\000m\000b\000i\000n\000a\000t\000i\000o\000n\000s}{section.2.2}% 24
\BOOKMARK [1][-]{section.2.3}{\376\377\000E\000x\000a\000m\000p\000l\000e\000s}{chapter.2}% 25
\BOOKMARK [0][-]{chapter.3}{\376\377\000M\000a\000t\000r\000i\000x\000\040\000f\000u\000n\000c\000t\000i\000o\000n\000s\000\040\000o\000f\000\040\000H\000e\000r\000m\000i\000t\000i\000a\000n\000\040\000M\000a\000t\000r\000i\000c\000e\000s}{}% 26
\BOOKMARK [0][-]{chapter.4}{\376\377\000Q\000u\000b\000i\000t\000i\000z\000a\000t\000i\000o\000n}{}% 27
\BOOKMARK [1][-]{section.4.1}{\376\377\000M\000o\000t\000i\000v\000a\000t\000i\000o\000n}{chapter.4}% 28
\BOOKMARK [1][-]{section.4.2}{\376\377\000Q\000u\000b\000i\000t\000i\000z\000a\000t\000i\000o\000n\000\040\000o\000f\000\040\000H\000e\000r\000m\000i\000t\000i\000a\000n\000\040\000m\000a\000t\000r\000i\000c\000e\000s\000\040\000w\000i\000t\000h\000\040\000H\000e\000r\000m\000i\000t\000i\000a\000n\000\040\000b\000l\000o\000c\000k\000\040\000e\000n\000c\000o\000d\000i\000n\000g}{chapter.4}% 29
\BOOKMARK [1][-]{section.4.3}{\376\377\000Q\000u\000b\000i\000t\000i\000z\000a\000t\000i\000o\000n\000\040\000o\000f\000\040\000h\000e\000r\000m\000i\000t\000i\000a\000n\000\040\000m\000a\000t\000r\000i\000c\000e\000s\000\040\000w\000i\000t\000h\000\040\000g\000e\000n\000e\000r\000a\000l\000\040\000b\000l\000o\000c\000k\000\040\000e\000n\000c\000o\000d\000i\000n\000g}{chapter.4}% 30
\BOOKMARK [1][-]{section.4.4}{\376\377\000D\000o\000m\000i\000n\000a\000n\000t\000\040\000r\000e\000s\000o\000u\000r\000c\000e\000\040\000c\000o\000s\000t\000\040\000-\000\040\000q\000u\000b\000i\000t\000s\000\040\000a\000n\000d\000\040\000g\000a\000t\000e\000s}{chapter.4}% 31
\BOOKMARK [1][-]{section.4.5}{\376\377\000E\000x\000a\000m\000p\000l\000e\000\040\000-\000\040\000U\000s\000e\000\040\000c\000a\000s\000e\000s}{chapter.4}% 32
\BOOKMARK [0][-]{chapter.5}{\376\377\000Q\000u\000a\000n\000t\000u\000m\000\040\000E\000i\000g\000e\000n\000v\000a\000l\000u\000e\000\040\000T\000r\000a\000n\000s\000f\000o\000r\000m\000a\000t\000i\000o\000n}{}% 33
\BOOKMARK [1][-]{section.5.1}{\376\377\000H\000e\000r\000m\000i\000t\000i\000a\000n\000\040\000B\000l\000o\000c\000k\000\040\000e\000n\000c\000o\000d\000i\000n\000g}{chapter.5}% 34
\BOOKMARK [2][-]{subsection.5.1.1}{\376\377\000G\000e\000n\000e\000r\000a\000l\000\040\000B\000l\000o\000c\000k\000\040\000E\000n\000c\000o\000d\000i\000n\000g}{section.5.1}% 35
\BOOKMARK [2][-]{subsection.5.1.2}{\376\377\000G\000e\000n\000e\000r\000a\000l\000\040\000M\000a\000t\000r\000i\000x\000\040\000P\000o\000l\000y\000n\000o\000m\000i\000a\000l\000s}{section.5.1}% 36
\BOOKMARK [0][-]{chapter.6}{\376\377\000Q\000u\000a\000n\000t\000u\000m\000\040\000S\000i\000g\000n\000a\000l\000\040\000P\000r\000o\000c\000e\000s\000s\000i\000n\000g}{}% 37
\BOOKMARK [1][-]{section.6.1}{\376\377\000I\000n\000t\000r\000o\000d\000u\000c\000t\000i\000o\000n}{chapter.6}% 38
\BOOKMARK [2][-]{subsection.6.1.1}{\376\377\000O\000v\000e\000r\000v\000i\000e\000w}{section.6.1}% 39
\BOOKMARK [1][-]{section.6.2}{\376\377\000Q\000S\000P\000\040\000f\000o\000r\000\040\000r\000e\000a\000l\000\040\000p\000o\000l\000y\000n\000o\000m\000i\000a\000l\000s}{chapter.6}% 40
\BOOKMARK [1][-]{section.6.3}{\376\377\000O\000p\000t\000i\000m\000i\000z\000a\000t\000i\000o\000n\000\040\000b\000a\000s\000e\000d\000\040\000m\000e\000t\000h\000o\000d\000\040\000f\000o\000r\000\040\000f\000i\000n\000d\000i\000n\000g\000\040\000p\000h\000a\000s\000e\000\040\000f\000a\000c\000t\000o\000r\000s}{chapter.6}% 41
\BOOKMARK [1][-]{section.6.4}{\376\377\000A\000\040\000t\000y\000p\000i\000c\000a\000l\000\040\000w\000o\000r\000k\000f\000l\000o\000w\000\040\000p\000r\000e\000p\000a\000r\000i\000n\000g\000\040\000t\000h\000e\000\040\000c\000i\000r\000c\000u\000i\000t\000\040\000o\000f\000\040\000Q\000E\000T}{chapter.6}% 42
\BOOKMARK [1][-]{section.6.5}{\376\377\000D\000o\000m\000i\000n\000a\000n\000t\000\040\000r\000e\000s\000o\000u\000r\000c\000e\000\040\000c\000o\000s\000t\000\040\000-\000\040\000g\000a\000t\000e\000s\000\040\000a\000n\000d\000\040\000q\000u\000b\000i\000t\000s}{chapter.6}% 43
\BOOKMARK [1][-]{section.6.6}{\376\377\000C\000a\000v\000e\000a\000t\000s}{chapter.6}% 44
\BOOKMARK [1][-]{section.6.7}{\376\377\000E\000x\000a\000m\000p\000l\000e\000s}{chapter.6}% 45
\BOOKMARK [2][-]{subsection.6.7.1}{\376\377\000F\000u\000n\000c\000t\000i\000o\000n\000s\000\040\000o\000f\000\040\000H\000e\000r\000m\000i\000t\000i\000a\000n\000/\000n\000o\000r\000m\000a\000l\000\040\000m\000a\000t\000r\000i\000c\000e\000s}{section.6.7}% 46
\BOOKMARK [0][-]{chapter.7}{\376\377\000Q\000u\000a\000n\000t\000u\000m\000\040\000S\000i\000n\000g\000u\000l\000a\000r\000\040\000V\000a\000l\000u\000e\000\040\000T\000r\000a\000n\000s\000f\000o\000r\000m\000a\000t\000i\000o\000n}{}% 47
\BOOKMARK [1][-]{section.7.1}{\376\377\000G\000e\000n\000e\000r\000a\000l\000i\000z\000e\000d\000\040\000M\000a\000t\000r\000i\000x\000\040\000f\000u\000n\000c\000t\000i\000o\000n\000s}{chapter.7}% 48
\BOOKMARK [0][-]{chapter*.24}{\376\377\000B\000i\000b\000l\000i\000o\000g\000r\000a\000p\000h\000y}{}% 49
